#
# There is insufficient memory for the Java Runtime Environment to continue.
# Native memory allocation (malloc) failed to allocate 1048576 bytes for AllocateHeap
# Possible reasons:
#   The system is out of physical RAM or swap space
#   The process is running with CompressedOops enabled, and the Java Heap may be blocking the growth of the native heap
# Possible solutions:
#   Reduce memory load on the system
#   Increase physical memory or swap space
#   Check if swap backing store is full
#   Decrease Java heap size (-Xmx/-Xms)
#   Decrease number of Java threads
#   Decrease Java thread stack sizes (-Xss)
#   Set larger code cache with -XX:ReservedCodeCacheSize=
#   JVM is running with Unscaled Compressed Oops mode in which the Java heap is
#     placed in the first 4GB address space. The Java Heap base address is the
#     maximum limit for the native heap growth. Please use -XX:HeapBaseMinAddress
#     to set the Java Heap base and to place the Java Heap above 4GB virtual address.
# This output file may be truncated or incomplete.
#
#  Out of Memory Error (allocation.cpp:44), pid=7720, tid=15768
#
# JRE version:  (16.0.2+7) (build )
# Java VM: OpenJDK 64-Bit Server VM (16.0.2+7, mixed mode, sharing, tiered, compressed oops, compressed class ptrs, g1 gc, windows-amd64)
# No core dump will be written. Minidumps are not enabled by default on client versions of Windows
#

---------------  S U M M A R Y ------------

Command Line: -javaagent:C:\Program Files\JetBrains\IntelliJ IDEA Educational Edition 2021.3.2\lib\idea_rt.jar=63728:C:\Program Files\JetBrains\IntelliJ IDEA Educational Edition 2021.3.2\bin -Dfile.encoding=UTF-8 connectfour.MainKt

Host: AMD Ryzen 5 5600H with Radeon Graphics         , 12 cores, 15G,  Windows 10 , 64 bit Build 22000 (10.0.22000.434)
Time: Sun Feb 27 19:36:28 2022 RTZ 2 (s 10 , 64 bit Build 22000 (10.0.22000.434) elapsed time: 0.005979 seconds (0d 0h 0m 0s)

---------------  T H R E A D  ---------------

Current thread (0x000002516dbff9e0):  JavaThread "Unknown thread" [_thread_in_vm, id=15768, stack(0x000000a421800000,0x000000a421900000)]

Stack: [0x000000a421800000,0x000000a421900000]
Native frames: (J=compiled Java code, j=interpreted, Vv=VM code, C=native code)
V  [jvm.dll+0x647e0a]
V  [jvm.dll+0x7f0549]
V  [jvm.dll+0x7f1cfe]
V  [jvm.dll+0x7f2343]
V  [jvm.dll+0x23dd88]
V  [jvm.dll+0xbb4f2]
V  [jvm.dll+0x2c8014]
V  [jvm.dll+0x7c43fc]
V  [jvm.dll+0x356ee1]
V  [jvm.dll+0x7a30b0]
V  [jvm.dll+0x3d4c55]
V  [jvm.dll+0x3d69f1]
C  [jli.dll+0x5243]
C  [ucrtbase.dll+0x26c0c]
C  [KERNEL32.DLL+0x154e0]
C  [ntdll.dll+0x485b]


---------------  P R O C E S S  ---------------

Threads class SMR info:
_java_thread_list=0x00007fffe4e573d8, length=0, elements={
}

Java Threads: ( => current thread )

Other Threads:

=>0x000002516dbff9e0 (exited) JavaThread "Unknown thread" [_thread_in_vm, id=15768, stack(0x000000a421800000,0x000000a421900000)]

Threads with active compile tasks:

VM state: not at safepoint (not fully initialized)

VM Mutex/Monitor currently owned by a thread: None

Heap address: 0x0000000000000000, size: 0 MB, Compressed Oops mode: 32-bit

CDS archive(s) mapped at: [0x0000000000000000-0x0000000000000000-0x0000000000000000), size 0, SharedBaseAddress: 0x0000000800000000, ArchiveRelocationMode: 0.
Narrow klass base: 0x0000000000000000, Narrow klass shift: 0, Narrow klass range: 0x0

GC Precious Log:
<Empty>

GC Heap History (0 events):
No events

Deoptimization events (0 events):
No events

Classes unloaded (0 events):
No events

Classes redefined (0 events):
No events

Internal exceptions (0 events):
No events

Events (1 events):
Event: 0.004 Loaded shared library C:\Users\1\.jdks\corretto-16.0.2\bin\java.dll


Dynamic libraries:
0x00007ff6d18b0000 - 0x00007ff6d18bd000 	C:\Users\1\.jdks\corretto-16.0.2\bin\java.exe
0x00007ff87f740000 - 0x00007ff87f949000 	C:\WINDOWS\SYSTEM32\ntdll.dll
0x00007ff87e410000 - 0x00007ff87e4cd000 	C:\WINDOWS\System32\KERNEL32.DLL
0x00007ff87cee0000 - 0x00007ff87d254000 	C:\WINDOWS\System32\KERNELBASE.dll
0x00007ff87cc30000 - 0x00007ff87cd41000 	C:\WINDOWS\System32\ucrtbase.dll
0x00007ff86d9b0000 - 0x00007ff86d9c5000 	C:\Users\1\.jdks\corretto-16.0.2\bin\VCRUNTIME140.dll
0x00007ff86dc10000 - 0x00007ff86dc28000 	C:\Users\1\.jdks\corretto-16.0.2\bin\jli.dll
0x00007ff87ebc0000 - 0x00007ff87ed6c000 	C:\WINDOWS\System32\USER32.dll
0x00007ff8591e0000 - 0x00007ff859485000 	C:\WINDOWS\WinSxS\amd64_microsoft.windows.common-controls_6595b64144ccf1df_6.0.22000.120_none_9d947278b86cc467\COMCTL32.dll
0x00007ff87d490000 - 0x00007ff87d4b6000 	C:\WINDOWS\System32\win32u.dll
0x00007ff87d5e0000 - 0x00007ff87d683000 	C:\WINDOWS\System32\msvcrt.dll
0x00007ff87e5a0000 - 0x00007ff87e5c9000 	C:\WINDOWS\System32\GDI32.dll
0x00007ff87d4c0000 - 0x00007ff87d5d2000 	C:\WINDOWS\System32\gdi32full.dll
0x00007ff87cd50000 - 0x00007ff87cded000 	C:\WINDOWS\System32\msvcp_win.dll
0x00007ff87f6a0000 - 0x00007ff87f6d1000 	C:\WINDOWS\System32\IMM32.DLL
0x00007ff865a60000 - 0x00007ff865afb000 	C:\Users\1\.jdks\corretto-16.0.2\bin\msvcp140.dll
0x00007fffe42f0000 - 0x00007fffe4ef9000 	C:\Users\1\.jdks\corretto-16.0.2\bin\server\jvm.dll
0x00007ff87eb00000 - 0x00007ff87ebae000 	C:\WINDOWS\System32\ADVAPI32.dll
0x00007ff87f0f0000 - 0x00007ff87f18e000 	C:\WINDOWS\System32\sechost.dll
0x00007ff87e2f0000 - 0x00007ff87e410000 	C:\WINDOWS\System32\RPCRT4.dll
0x00007ff87d6f0000 - 0x00007ff87d6f8000 	C:\WINDOWS\System32\PSAPI.DLL
0x00007ff877e40000 - 0x00007ff877e49000 	C:\WINDOWS\SYSTEM32\WSOCK32.dll
0x00007ff877540000 - 0x00007ff877573000 	C:\WINDOWS\SYSTEM32\WINMM.dll
0x00007ff877f10000 - 0x00007ff877f1a000 	C:\WINDOWS\SYSTEM32\VERSION.dll
0x00007ff87e530000 - 0x00007ff87e59f000 	C:\WINDOWS\System32\WS2_32.dll
0x00007ff87be20000 - 0x00007ff87be38000 	C:\WINDOWS\SYSTEM32\kernel.appcore.dll
0x00007ff875790000 - 0x00007ff87579a000 	C:\Users\1\.jdks\corretto-16.0.2\bin\jimage.dll
0x00007ff87a680000 - 0x00007ff87a8a1000 	C:\WINDOWS\SYSTEM32\DBGHELP.DLL
0x00007ff8752e0000 - 0x00007ff875311000 	C:\WINDOWS\SYSTEM32\dbgcore.DLL
0x00007ff87cdf0000 - 0x00007ff87ce6f000 	C:\WINDOWS\System32\bcryptPrimitives.dll
0x00007ff86d7c0000 - 0x00007ff86d7ce000 	C:\Users\1\.jdks\corretto-16.0.2\bin\instrument.dll
0x00007ff86d760000 - 0x00007ff86d785000 	C:\Users\1\.jdks\corretto-16.0.2\bin\java.dll

dbghelp: loaded successfully - version: 4.0.5 - missing functions: none
symbol engine: initialized successfully - sym options: 0x614 - pdb path: .;C:\Users\1\.jdks\corretto-16.0.2\bin;C:\WINDOWS\SYSTEM32;C:\WINDOWS\WinSxS\amd64_microsoft.windows.common-controls_6595b64144ccf1df_6.0.22000.120_none_9d947278b86cc467;C:\Users\1\.jdks\corretto-16.0.2\bin\server

VM Arguments:
jvm_args: -javaagent:C:\Program Files\JetBrains\IntelliJ IDEA Educational Edition 2021.3.2\lib\idea_rt.jar=63728:C:\Program Files\JetBrains\IntelliJ IDEA Educational Edition 2021.3.2\bin -Dfile.encoding=UTF-8 
java_command: connectfour.MainKt
java_class_path (initial): D:\android\kotlin\Connect Four\Connect Four\task\build\classes\kotlin\main;C:\Users\1\.gradle\caches\modules-2\files-2.1\org.jetbrains.kotlin\kotlin-stdlib-jdk8\1.6.10\e80fe6ac3c3573a80305f5ec43f86b829e8ab53d\kotlin-stdlib-jdk8-1.6.10.jar;C:\Users\1\.gradle\caches\modules-2\files-2.1\org.jetbrains.kotlin\kotlin-stdlib-jdk7\1.6.10\e1c380673654a089c4f0c9f83d0ddfdc1efdb498\kotlin-stdlib-jdk7-1.6.10.jar;C:\Users\1\.gradle\caches\modules-2\files-2.1\org.jetbrains.kotlin\kotlin-stdlib\1.6.10\b8af3fe6f1ca88526914929add63cf5e7c5049af\kotlin-stdlib-1.6.10.jar;C:\Users\1\.gradle\caches\modules-2\files-2.1\org.jetbrains\annotations\13.0\919f0dfe192fb4e063e7dacadee7f8bb9a2672a9\annotations-13.0.jar;C:\Users\1\.gradle\caches\modules-2\files-2.1\org.jetbrains.kotlin\kotlin-stdlib-common\1.6.10\c118700e3a33c8a0d9adc920e9dec0831171925\kotlin-stdlib-common-1.6.10.jar
Launcher Type: SUN_STANDARD

[Global flags]
     intx CICompilerCount                          = 4                                         {product} {ergonomic}
     uint ConcGCThreads                            = 3                                         {product} {ergonomic}
     uint G1ConcRefinementThreads                  = 10                                        {product} {ergonomic}
   size_t G1HeapRegionSize                         = 2097152                                   {product} {ergonomic}
    uintx GCDrainStackTargetSize                   = 64                                        {product} {ergonomic}
   size_t InitialHeapSize                          = 257949696                                 {product} {ergonomic}
   size_t MarkStackSize                            = 4194304                                   {product} {ergonomic}
   size_t MaxHeapSize                              = 4123000832                                {product} {ergonomic}
   size_t MinHeapDeltaBytes                        = 2097152                                   {product} {ergonomic}
   size_t MinHeapSize                              = 8388608                                   {product} {ergonomic}
    uintx NonNMethodCodeHeapSize                   = 5839372                                {pd product} {ergonomic}
    uintx NonProfiledCodeHeapSize                  = 122909434                              {pd product} {ergonomic}
    uintx ProfiledCodeHeapSize                     = 122909434                              {pd product} {ergonomic}
    uintx ReservedCodeCacheSize                    = 251658240                              {pd product} {ergonomic}
     bool SegmentedCodeCache                       = true                                      {product} {ergonomic}
   size_t SoftMaxHeapSize                          = 4123000832                             {manageable} {ergonomic}
     bool UseCompressedClassPointers               = true                           {product lp64_product} {ergonomic}
     bool UseCompressedOops                        = true                           {product lp64_product} {ergonomic}
     bool UseG1GC                                  = true                                      {product} {ergonomic}
     bool UseLargePagesIndividualAllocation        = false                                  {pd product} {ergonomic}

Logging:
Log output configuration:
 #0: stdout all=warning uptime,level,tags
 #1: stderr all=off uptime,level,tags

Environment Variables:
PATH=C:\Windows\system32;C:\Windows;C:\Windows\System32\Wbem;C:\Windows\System32\WindowsPowerShell\v1.0\;C:\Windows\System32\OpenSSH\;C:\Program Files\NVIDIA Corporation\NVIDIA NvDLISR;C:\Program Files (x86)\NVIDIA Corporation\PhysX\Common;C:\WINDOWS\system32;C:\WINDOWS;C:\WINDOWS\System32\Wbem;C:\WINDOWS\System32\WindowsPowerShell\v1.0\;C:\WINDOWS\System32\OpenSSH\;C:\Program Files\Git\cmd;C:\Program Files\PowerShell\7\;C:\Users\1\AppData\Local\Programs\Python\Python310\Scripts\;C:\Users\1\AppData\Local\Programs\Python\Python310\;C:\Users\1\AppData\Local\Microsoft\WindowsApps;C:\Program Files\JetBrains\PyCharm 2020.1\bin;C:\Program Files\JetBrains\PyCharm Community Edition 2021.3.1\bin;C:\Program Files\JetBrains\IntelliJ IDEA Educational Edition 2021.3.2\bin;C:\Users\1\AppData\Local\GitHubDesktop\bin
USERNAME=1
OS=Windows_NT
PROCESSOR_IDENTIFIER=AMD64 Family 25 Model 80 Stepping 0, AuthenticAMD



---------------  S Y S T E M  ---------------

OS:
 Windows 10 , 64 bit Build 22000 (10.0.22000.434)
OS uptime: 9 days 21:22 hours

CPU: total 12 (initial active 12) (12 cores per cpu, 2 threads per core) family 25 model 80 stepping 0 microcode 0x0, cx8, cmov, fxsr, ht, mmx, 3dnowpref, sse, sse2, sse3, ssse3, sse4a, sse4.1, sse4.2, popcnt, lzcnt, tsc, tscinvbit, avx, avx2, aes, erms, clmul, bmi1, bmi2, adx, sha, fma, vzeroupper, clflush, clflushopt

Memory: 4k page, system-wide physical 15724M (3533M free)
TotalPageFile size 15724M (AvailPageFile size 5M)
current process WorkingSet (physical memory assigned to process): 9M, peak: 9M
current process commit charge ("private bytes"): 17M, peak: 18M

vm_info: OpenJDK 64-Bit Server VM (16.0.2+7) for windows-amd64 JRE (16.0.2+7), built on Jul 22 2021 01:11:46 by "Administrator" with MS VC++ 15.9 (VS2017)

END.
