#
# There is insufficient memory for the Java Runtime Environment to continue.
# Native memory allocation (malloc) failed to allocate 308720 bytes for Chunk::new
# Possible reasons:
#   The system is out of physical RAM or swap space
#   The process is running with CompressedOops enabled, and the Java Heap may be blocking the growth of the native heap
# Possible solutions:
#   Reduce memory load on the system
#   Increase physical memory or swap space
#   Check if swap backing store is full
#   Decrease Java heap size (-Xmx/-Xms)
#   Decrease number of Java threads
#   Decrease Java thread stack sizes (-Xss)
#   Set larger code cache with -XX:ReservedCodeCacheSize=
#   JVM is running with Unscaled Compressed Oops mode in which the Java heap is
#     placed in the first 4GB address space. The Java Heap base address is the
#     maximum limit for the native heap growth. Please use -XX:HeapBaseMinAddress
#     to set the Java Heap base and to place the Java Heap above 4GB virtual address.
# This output file may be truncated or incomplete.
#
#  Out of Memory Error (arena.cpp:189), pid=10640, tid=14756
#
# JRE version: OpenJDK Runtime Environment Temurin-17.0.2+8 (17.0.2+8) (build 17.0.2+8)
# Java VM: OpenJDK 64-Bit Server VM Temurin-17.0.2+8 (17.0.2+8, mixed mode, sharing, tiered, compressed oops, compressed class ptrs, g1 gc, windows-amd64)
# No core dump will be written. Minidumps are not enabled by default on client versions of Windows
#

---------------  S U M M A R Y ------------

Command Line: -Xmx64m -Xms64m -Dorg.gradle.appname=gradlew org.gradle.wrapper.GradleWrapperMain :Connect_Four-task:testClasses

Host: AMD Ryzen 5 5600H with Radeon Graphics         , 12 cores, 15G,  Windows 11 , 64 bit Build 22000 (10.0.22000.434)
Time: Sun Mar  6 22:52:33 2022 RTZ 2 (s 11 , 64 bit Build 22000 (10.0.22000.434) elapsed time: 0.823331 seconds (0d 0h 0m 0s)

---------------  T H R E A D  ---------------

Current thread (0x00000225bd5458c0):  JavaThread "C2 CompilerThread0" daemon [_thread_in_native, id=14756, stack(0x000000a7af200000,0x000000a7af300000)]


Current CompileTask:
C2:    823 1148 % !   4       java.io.BufferedReader::readLine @ 139 (327 bytes)

Stack: [0x000000a7af200000,0x000000a7af300000]
Native frames: (J=compiled Java code, j=interpreted, Vv=VM code, C=native code)
V  [jvm.dll+0x67564a]
V  [jvm.dll+0x82fc04]
V  [jvm.dll+0x8313ae]
V  [jvm.dll+0x831a13]
V  [jvm.dll+0x245235]
V  [jvm.dll+0xabd7b]
V  [jvm.dll+0xac30c]
V  [jvm.dll+0x3631f7]
V  [jvm.dll+0x32d891]
V  [jvm.dll+0x32cd3a]
V  [jvm.dll+0x2180d1]
V  [jvm.dll+0x2174f1]
V  [jvm.dll+0x1a3a8d]
V  [jvm.dll+0x226ef8]
V  [jvm.dll+0x22503c]
V  [jvm.dll+0x7e596b]
V  [jvm.dll+0x7dff2a]
V  [jvm.dll+0x6744d5]
C  [ucrtbase.dll+0x26c0c]
C  [KERNEL32.DLL+0x154e0]
C  [ntdll.dll+0x485b]


---------------  P R O C E S S  ---------------

Threads class SMR info:
_java_thread_list=0x00000225bed96520, length=16, elements={
0x00000225a376d520, 0x00000225bd51dc90, 0x00000225bd51eb00, 0x00000225bd5364f0,
0x00000225bd537eb0, 0x00000225bd538860, 0x00000225bd541220, 0x00000225bd5458c0,
0x00000225bd546360, 0x00000225bd553950, 0x00000225be0424f0, 0x00000225be049510,
0x00000225be9bfe40, 0x00000225be9601e0, 0x00000225be168240, 0x00000225bed9c2e0
}

Java Threads: ( => current thread )
  0x00000225a376d520 JavaThread "main" [_thread_in_Java, id=15060, stack(0x000000a7ae500000,0x000000a7ae600000)]
  0x00000225bd51dc90 JavaThread "Reference Handler" daemon [_thread_blocked, id=11740, stack(0x000000a7aec00000,0x000000a7aed00000)]
  0x00000225bd51eb00 JavaThread "Finalizer" daemon [_thread_blocked, id=14744, stack(0x000000a7aed00000,0x000000a7aee00000)]
  0x00000225bd5364f0 JavaThread "Signal Dispatcher" daemon [_thread_blocked, id=12032, stack(0x000000a7aee00000,0x000000a7aef00000)]
  0x00000225bd537eb0 JavaThread "Attach Listener" daemon [_thread_blocked, id=2284, stack(0x000000a7aef00000,0x000000a7af000000)]
  0x00000225bd538860 JavaThread "Service Thread" daemon [_thread_blocked, id=14264, stack(0x000000a7af000000,0x000000a7af100000)]
  0x00000225bd541220 JavaThread "Monitor Deflation Thread" daemon [_thread_blocked, id=17584, stack(0x000000a7af100000,0x000000a7af200000)]
=>0x00000225bd5458c0 JavaThread "C2 CompilerThread0" daemon [_thread_in_native, id=14756, stack(0x000000a7af200000,0x000000a7af300000)]
  0x00000225bd546360 JavaThread "C1 CompilerThread0" daemon [_thread_blocked, id=12104, stack(0x000000a7af300000,0x000000a7af400000)]
  0x00000225bd553950 JavaThread "Sweeper thread" daemon [_thread_blocked, id=4956, stack(0x000000a7af400000,0x000000a7af500000)]
  0x00000225be0424f0 JavaThread "Notification Thread" daemon [_thread_blocked, id=15832, stack(0x000000a7af500000,0x000000a7af600000)]
  0x00000225be049510 JavaThread "Common-Cleaner" daemon [_thread_blocked, id=2432, stack(0x000000a7af700000,0x000000a7af800000)]
  0x00000225be9bfe40 JavaThread "pool-1-thread-1" [_thread_blocked, id=8272, stack(0x000000a7af900000,0x000000a7afa00000)]
  0x00000225be9601e0 JavaThread "DisconnectableInputStream source reader" daemon [_thread_in_native, id=15092, stack(0x000000a7b0000000,0x000000a7b0100000)]
  0x00000225be168240 JavaThread "C2 CompilerThread1" daemon [_thread_blocked, id=17000, stack(0x000000a7af800000,0x000000a7af900000)]
  0x00000225bed9c2e0 JavaThread "C2 CompilerThread2" daemon [_thread_blocked, id=2128, stack(0x000000a7b0100000,0x000000a7b0200000)]

Other Threads:
  0x00000225bd515a70 VMThread "VM Thread" [stack: 0x000000a7aeb00000,0x000000a7aec00000] [id=13436]
  0x00000225be047200 WatcherThread [stack: 0x000000a7af600000,0x000000a7af700000] [id=17112]
  0x00000225a378e570 GCTaskThread "GC Thread#0" [stack: 0x000000a7ae600000,0x000000a7ae700000] [id=9188]
  0x00000225be5a7ac0 GCTaskThread "GC Thread#1" [stack: 0x000000a7afa00000,0x000000a7afb00000] [id=17972]
  0x00000225befa48f0 GCTaskThread "GC Thread#2" [stack: 0x000000a7afb00000,0x000000a7afc00000] [id=15184]
  0x00000225befa4ba0 GCTaskThread "GC Thread#3" [stack: 0x000000a7afc00000,0x000000a7afd00000] [id=14016]
  0x00000225bec85a90 GCTaskThread "GC Thread#4" [stack: 0x000000a7afd00000,0x000000a7afe00000] [id=9452]
  0x00000225be9f2600 GCTaskThread "GC Thread#5" [stack: 0x000000a7afe00000,0x000000a7aff00000] [id=14736]
  0x00000225a3790cc0 ConcurrentGCThread "G1 Main Marker" [stack: 0x000000a7ae700000,0x000000a7ae800000] [id=16248]
  0x00000225a37916d0 ConcurrentGCThread "G1 Conc#0" [stack: 0x000000a7ae800000,0x000000a7ae900000] [id=2936]
  0x00000225a37fd130 ConcurrentGCThread "G1 Refine#0" [stack: 0x000000a7ae900000,0x000000a7aea00000] [id=9060]
  0x00000225a37fdb50 ConcurrentGCThread "G1 Service" [stack: 0x000000a7aea00000,0x000000a7aeb00000] [id=7740]

Threads with active compile tasks:
C2 CompilerThread0      832 1148 % !   4       java.io.BufferedReader::readLine @ 139 (327 bytes)

VM state: not at safepoint (normal execution)

VM Mutex/Monitor currently owned by a thread: None

Heap address: 0x00000000fc000000, size: 64 MB, Compressed Oops mode: 32-bit

CDS archive(s) mapped at: [0x0000000800000000-0x0000000800bc0000-0x0000000800bc0000), size 12320768, SharedBaseAddress: 0x0000000800000000, ArchiveRelocationMode: 0.
Compressed class space mapped at: 0x0000000800c00000-0x0000000840c00000, reserved size: 1073741824
Narrow klass base: 0x0000000800000000, Narrow klass shift: 0, Narrow klass range: 0x100000000

GC Precious Log:
 CPUs: 12 total, 12 available
 Memory: 15724M
 Large Page Support: Disabled
 NUMA Support: Disabled
 Compressed Oops: Enabled (32-bit)
 Heap Region Size: 1M
 Heap Min Capacity: 64M
 Heap Initial Capacity: 64M
 Heap Max Capacity: 64M
 Pre-touch: Disabled
 Parallel Workers: 10
 Concurrent Workers: 3
 Concurrent Refinement Workers: 10
 Periodic GC: Disabled

Heap:
 garbage-first heap   total 65536K, used 21372K [0x00000000fc000000, 0x0000000100000000)
  region size 1024K, 16 young (16384K), 3 survivors (3072K)
 Metaspace       used 7727K, committed 7936K, reserved 1056768K
  class space    used 1063K, committed 1152K, reserved 1048576K

Heap Regions: E=young(eden), S=young(survivor), O=old, HS=humongous(starts), HC=humongous(continues), CS=collection set, F=free, OA=open archive, CA=closed archive, TAMS=top-at-mark-start (previous, next)
|   0|0x00000000fc000000, 0x00000000fc000000, 0x00000000fc100000|  0%| F|  |TAMS 0x00000000fc000000, 0x00000000fc000000| Untracked 
|   1|0x00000000fc100000, 0x00000000fc100000, 0x00000000fc200000|  0%| F|  |TAMS 0x00000000fc100000, 0x00000000fc100000| Untracked 
|   2|0x00000000fc200000, 0x00000000fc200000, 0x00000000fc300000|  0%| F|  |TAMS 0x00000000fc200000, 0x00000000fc200000| Untracked 
|   3|0x00000000fc300000, 0x00000000fc400000, 0x00000000fc400000|100%|HS|  |TAMS 0x00000000fc300000, 0x00000000fc300000| Complete 
|   4|0x00000000fc400000, 0x00000000fc500000, 0x00000000fc500000|100%|HC|  |TAMS 0x00000000fc400000, 0x00000000fc400000| Complete 
|   5|0x00000000fc500000, 0x00000000fc600000, 0x00000000fc600000|100%|HC|  |TAMS 0x00000000fc500000, 0x00000000fc500000| Complete 
|   6|0x00000000fc600000, 0x00000000fc700000, 0x00000000fc700000|100%| O|  |TAMS 0x00000000fc600000, 0x00000000fc600000| Untracked 
|   7|0x00000000fc700000, 0x00000000fc800000, 0x00000000fc800000|100%| O|  |TAMS 0x00000000fc700000, 0x00000000fc700000| Untracked 
|   8|0x00000000fc800000, 0x00000000fc8df200, 0x00000000fc900000| 87%| O|  |TAMS 0x00000000fc800000, 0x00000000fc800000| Untracked 
|   9|0x00000000fc900000, 0x00000000fc900000, 0x00000000fca00000|  0%| F|  |TAMS 0x00000000fc900000, 0x00000000fc900000| Untracked 
|  10|0x00000000fca00000, 0x00000000fca00000, 0x00000000fcb00000|  0%| F|  |TAMS 0x00000000fca00000, 0x00000000fca00000| Untracked 
|  11|0x00000000fcb00000, 0x00000000fcb00000, 0x00000000fcc00000|  0%| F|  |TAMS 0x00000000fcb00000, 0x00000000fcb00000| Untracked 
|  12|0x00000000fcc00000, 0x00000000fcc00000, 0x00000000fcd00000|  0%| F|  |TAMS 0x00000000fcc00000, 0x00000000fcc00000| Untracked 
|  13|0x00000000fcd00000, 0x00000000fcd00000, 0x00000000fce00000|  0%| F|  |TAMS 0x00000000fcd00000, 0x00000000fcd00000| Untracked 
|  14|0x00000000fce00000, 0x00000000fce00000, 0x00000000fcf00000|  0%| F|  |TAMS 0x00000000fce00000, 0x00000000fce00000| Untracked 
|  15|0x00000000fcf00000, 0x00000000fcf00000, 0x00000000fd000000|  0%| F|  |TAMS 0x00000000fcf00000, 0x00000000fcf00000| Untracked 
|  16|0x00000000fd000000, 0x00000000fd000000, 0x00000000fd100000|  0%| F|  |TAMS 0x00000000fd000000, 0x00000000fd000000| Untracked 
|  17|0x00000000fd100000, 0x00000000fd100000, 0x00000000fd200000|  0%| F|  |TAMS 0x00000000fd100000, 0x00000000fd100000| Untracked 
|  18|0x00000000fd200000, 0x00000000fd200000, 0x00000000fd300000|  0%| F|  |TAMS 0x00000000fd200000, 0x00000000fd200000| Untracked 
|  19|0x00000000fd300000, 0x00000000fd300000, 0x00000000fd400000|  0%| F|  |TAMS 0x00000000fd300000, 0x00000000fd300000| Untracked 
|  20|0x00000000fd400000, 0x00000000fd400000, 0x00000000fd500000|  0%| F|  |TAMS 0x00000000fd400000, 0x00000000fd400000| Untracked 
|  21|0x00000000fd500000, 0x00000000fd500000, 0x00000000fd600000|  0%| F|  |TAMS 0x00000000fd500000, 0x00000000fd500000| Untracked 
|  22|0x00000000fd600000, 0x00000000fd600000, 0x00000000fd700000|  0%| F|  |TAMS 0x00000000fd600000, 0x00000000fd600000| Untracked 
|  23|0x00000000fd700000, 0x00000000fd700000, 0x00000000fd800000|  0%| F|  |TAMS 0x00000000fd700000, 0x00000000fd700000| Untracked 
|  24|0x00000000fd800000, 0x00000000fd800000, 0x00000000fd900000|  0%| F|  |TAMS 0x00000000fd800000, 0x00000000fd800000| Untracked 
|  25|0x00000000fd900000, 0x00000000fd900000, 0x00000000fda00000|  0%| F|  |TAMS 0x00000000fd900000, 0x00000000fd900000| Untracked 
|  26|0x00000000fda00000, 0x00000000fda00000, 0x00000000fdb00000|  0%| F|  |TAMS 0x00000000fda00000, 0x00000000fda00000| Untracked 
|  27|0x00000000fdb00000, 0x00000000fdb00000, 0x00000000fdc00000|  0%| F|  |TAMS 0x00000000fdb00000, 0x00000000fdb00000| Untracked 
|  28|0x00000000fdc00000, 0x00000000fdc00000, 0x00000000fdd00000|  0%| F|  |TAMS 0x00000000fdc00000, 0x00000000fdc00000| Untracked 
|  29|0x00000000fdd00000, 0x00000000fdd00000, 0x00000000fde00000|  0%| F|  |TAMS 0x00000000fdd00000, 0x00000000fdd00000| Untracked 
|  30|0x00000000fde00000, 0x00000000fde00000, 0x00000000fdf00000|  0%| F|  |TAMS 0x00000000fde00000, 0x00000000fde00000| Untracked 
|  31|0x00000000fdf00000, 0x00000000fdf00000, 0x00000000fe000000|  0%| F|  |TAMS 0x00000000fdf00000, 0x00000000fdf00000| Untracked 
|  32|0x00000000fe000000, 0x00000000fe000000, 0x00000000fe100000|  0%| F|  |TAMS 0x00000000fe000000, 0x00000000fe000000| Untracked 
|  33|0x00000000fe100000, 0x00000000fe100000, 0x00000000fe200000|  0%| F|  |TAMS 0x00000000fe100000, 0x00000000fe100000| Untracked 
|  34|0x00000000fe200000, 0x00000000fe200000, 0x00000000fe300000|  0%| F|  |TAMS 0x00000000fe200000, 0x00000000fe200000| Untracked 
|  35|0x00000000fe300000, 0x00000000fe300000, 0x00000000fe400000|  0%| F|  |TAMS 0x00000000fe300000, 0x00000000fe300000| Untracked 
|  36|0x00000000fe400000, 0x00000000fe400000, 0x00000000fe500000|  0%| F|  |TAMS 0x00000000fe400000, 0x00000000fe400000| Untracked 
|  37|0x00000000fe500000, 0x00000000fe500000, 0x00000000fe600000|  0%| F|  |TAMS 0x00000000fe500000, 0x00000000fe500000| Untracked 
|  38|0x00000000fe600000, 0x00000000fe700000, 0x00000000fe700000|100%| S|CS|TAMS 0x00000000fe600000, 0x00000000fe600000| Complete 
|  39|0x00000000fe700000, 0x00000000fe800000, 0x00000000fe800000|100%| S|CS|TAMS 0x00000000fe700000, 0x00000000fe700000| Complete 
|  40|0x00000000fe800000, 0x00000000fe900000, 0x00000000fe900000|100%| S|CS|TAMS 0x00000000fe800000, 0x00000000fe800000| Complete 
|  41|0x00000000fe900000, 0x00000000fe900000, 0x00000000fea00000|  0%| F|  |TAMS 0x00000000fe900000, 0x00000000fe900000| Untracked 
|  42|0x00000000fea00000, 0x00000000fea00000, 0x00000000feb00000|  0%| F|  |TAMS 0x00000000fea00000, 0x00000000fea00000| Untracked 
|  43|0x00000000feb00000, 0x00000000feb00000, 0x00000000fec00000|  0%| F|  |TAMS 0x00000000feb00000, 0x00000000feb00000| Untracked 
|  44|0x00000000fec00000, 0x00000000fec00000, 0x00000000fed00000|  0%| F|  |TAMS 0x00000000fec00000, 0x00000000fec00000| Untracked 
|  45|0x00000000fed00000, 0x00000000fed00000, 0x00000000fee00000|  0%| F|  |TAMS 0x00000000fed00000, 0x00000000fed00000| Untracked 
|  46|0x00000000fee00000, 0x00000000fee00000, 0x00000000fef00000|  0%| F|  |TAMS 0x00000000fee00000, 0x00000000fee00000| Untracked 
|  47|0x00000000fef00000, 0x00000000fef00000, 0x00000000ff000000|  0%| F|  |TAMS 0x00000000fef00000, 0x00000000fef00000| Untracked 
|  48|0x00000000ff000000, 0x00000000ff000000, 0x00000000ff100000|  0%| F|  |TAMS 0x00000000ff000000, 0x00000000ff000000| Untracked 
|  49|0x00000000ff100000, 0x00000000ff100000, 0x00000000ff200000|  0%| F|  |TAMS 0x00000000ff100000, 0x00000000ff100000| Untracked 
|  50|0x00000000ff200000, 0x00000000ff200000, 0x00000000ff300000|  0%| F|  |TAMS 0x00000000ff200000, 0x00000000ff200000| Untracked 
|  51|0x00000000ff300000, 0x00000000ff3765e8, 0x00000000ff400000| 46%| E|  |TAMS 0x00000000ff300000, 0x00000000ff300000| Complete 
|  52|0x00000000ff400000, 0x00000000ff500000, 0x00000000ff500000|100%| E|CS|TAMS 0x00000000ff400000, 0x00000000ff400000| Complete 
|  53|0x00000000ff500000, 0x00000000ff600000, 0x00000000ff600000|100%| E|CS|TAMS 0x00000000ff500000, 0x00000000ff500000| Complete 
|  54|0x00000000ff600000, 0x00000000ff700000, 0x00000000ff700000|100%| E|CS|TAMS 0x00000000ff600000, 0x00000000ff600000| Complete 
|  55|0x00000000ff700000, 0x00000000ff800000, 0x00000000ff800000|100%| E|CS|TAMS 0x00000000ff700000, 0x00000000ff700000| Complete 
|  56|0x00000000ff800000, 0x00000000ff900000, 0x00000000ff900000|100%| E|CS|TAMS 0x00000000ff800000, 0x00000000ff800000| Complete 
|  57|0x00000000ff900000, 0x00000000ffa00000, 0x00000000ffa00000|100%| E|CS|TAMS 0x00000000ff900000, 0x00000000ff900000| Complete 
|  58|0x00000000ffa00000, 0x00000000ffb00000, 0x00000000ffb00000|100%| E|CS|TAMS 0x00000000ffa00000, 0x00000000ffa00000| Complete 
|  59|0x00000000ffb00000, 0x00000000ffc00000, 0x00000000ffc00000|100%| E|CS|TAMS 0x00000000ffb00000, 0x00000000ffb00000| Complete 
|  60|0x00000000ffc00000, 0x00000000ffd00000, 0x00000000ffd00000|100%| E|CS|TAMS 0x00000000ffc00000, 0x00000000ffc00000| Complete 
|  61|0x00000000ffd00000, 0x00000000ffe00000, 0x00000000ffe00000|100%| E|CS|TAMS 0x00000000ffd00000, 0x00000000ffd00000| Complete 
|  62|0x00000000ffe00000, 0x00000000fff00000, 0x00000000fff00000|100%| E|CS|TAMS 0x00000000ffe00000, 0x00000000ffe00000| Complete 
|  63|0x00000000fff00000, 0x0000000100000000, 0x0000000100000000|100%| E|CS|TAMS 0x00000000fff00000, 0x00000000fff00000| Complete 

Card table byte_map: [0x00000225a1730000,0x00000225a1750000] _byte_map_base: 0x00000225a0f50000

Marking Bits (Prev, Next): (CMBitMap*) 0x00000225a378fb90, (CMBitMap*) 0x00000225a378fbd0
 Prev Bits: [0x00000225ba790000, 0x00000225ba890000)
 Next Bits: [0x00000225ba890000, 0x00000225ba990000)

Polling page: 0x00000225a14a0000

Metaspace:

Usage:
  Non-class:      6.52 MB used.
      Class:      1.04 MB used.
       Both:      7.56 MB used.

Virtual space:
  Non-class space:        8.00 MB reserved,       6.62 MB ( 83%) committed,  1 nodes.
      Class space:        1.00 GB reserved,       1.12 MB ( <1%) committed,  1 nodes.
             Both:        1.01 GB reserved,       7.75 MB ( <1%) committed. 

Chunk freelists:
   Non-Class:  720.00 KB
       Class:  2.91 MB
        Both:  3.62 MB

MaxMetaspaceSize: unlimited
CompressedClassSpaceSize: 1.00 GB
Initial GC threshold: 21.00 MB
Current GC threshold: 21.00 MB
CDS: on
MetaspaceReclaimPolicy: balanced
 - commit_granule_bytes: 65536.
 - commit_granule_words: 8192.
 - virtual_space_node_default_size: 1048576.
 - enlarge_chunks_in_place: 1.
 - new_chunks_are_fully_committed: 0.
 - uncommit_free_chunks: 1.
 - use_allocation_guard: 0.
 - handle_deallocations: 1.


Internal statistics:

num_allocs_failed_limit: 0.
num_arena_births: 76.
num_arena_deaths: 0.
num_vsnodes_births: 2.
num_vsnodes_deaths: 0.
num_space_committed: 124.
num_space_uncommitted: 0.
num_chunks_returned_to_freelist: 0.
num_chunks_taken_from_freelist: 271.
num_chunk_merges: 0.
num_chunk_splits: 184.
num_chunks_enlarged: 157.
num_purges: 0.
num_inconsistent_stats: 0.

CodeHeap 'non-profiled nmethods': size=120000Kb used=493Kb max_used=493Kb free=119506Kb
 bounds [0x00000225b2d10000, 0x00000225b2f80000, 0x00000225ba240000]
CodeHeap 'profiled nmethods': size=120000Kb used=2252Kb max_used=2252Kb free=117747Kb
 bounds [0x00000225ab7e0000, 0x00000225aba50000, 0x00000225b2d10000]
CodeHeap 'non-nmethods': size=5760Kb used=1159Kb max_used=1187Kb free=4600Kb
 bounds [0x00000225ab240000, 0x00000225ab4b0000, 0x00000225ab7e0000]
 total_blobs=1657 nmethods=1204 adapters=366
 compilation: enabled
              stopped_count=0, restarted_count=0
 full_count=0

Compilation events (20 events):
Event: 0.817 Thread 0x00000225bd546360 1170       3       java.nio.ByteBuffer::hasArray (20 bytes)
Event: 0.817 Thread 0x00000225bd546360 nmethod 1170 0x00000225aba04710 code [0x00000225aba048a0, 0x00000225aba04a58]
Event: 0.817 Thread 0x00000225bd546360 1171       3       java.nio.charset.CoderResult::isOverflow (14 bytes)
Event: 0.817 Thread 0x00000225bd546360 nmethod 1171 0x00000225aba04b10 code [0x00000225aba04ca0, 0x00000225aba04e18]
Event: 0.817 Thread 0x00000225bd546360 1173       3       java.nio.Buffer::<init> (105 bytes)
Event: 0.817 Thread 0x00000225bd546360 nmethod 1173 0x00000225aba04e90 code [0x00000225aba05140, 0x00000225aba05cb8]
Event: 0.817 Thread 0x00000225bd546360 1175       3       java.lang.AbstractStringBuilder::append (33 bytes)
Event: 0.817 Thread 0x00000225bd546360 nmethod 1175 0x00000225aba06110 code [0x00000225aba062c0, 0x00000225aba064a8]
Event: 0.818 Thread 0x00000225bd546360 1176       3       sun.nio.cs.SingleByte$Decoder::decodeLoop (28 bytes)
Event: 0.818 Thread 0x00000225bd546360 nmethod 1176 0x00000225aba06610 code [0x00000225aba067e0, 0x00000225aba06bf8]
Event: 0.818 Thread 0x00000225bd546360 1177       3       sun.nio.cs.SingleByte$Decoder::decodeArrayLoop (205 bytes)
Event: 0.819 Thread 0x00000225bd546360 nmethod 1177 0x00000225aba06d90 code [0x00000225aba071a0, 0x00000225aba08dd8]
Event: 0.819 Thread 0x00000225bd546360 1179       3       java.lang.invoke.MethodTypeForm::canonicalizeAll (63 bytes)
Event: 0.820 Thread 0x00000225bd546360 nmethod 1179 0x00000225aba09910 code [0x00000225aba09b00, 0x00000225aba0a158]
Event: 0.820 Thread 0x00000225bd546360 1178       3       sun.nio.cs.SingleByte::withResult (25 bytes)
Event: 0.820 Thread 0x00000225bd546360 nmethod 1178 0x00000225aba0a310 code [0x00000225aba0a4e0, 0x00000225aba0a918]
Event: 0.820 Thread 0x00000225bd546360 1180       3       java.lang.reflect.Modifier::isFinal (13 bytes)
Event: 0.820 Thread 0x00000225bd546360 nmethod 1180 0x00000225aba0aa90 code [0x00000225aba0ac20, 0x00000225aba0ad78]
Event: 0.821 Thread 0x00000225bd546360 1182       3       java.net.URI::match (56 bytes)
Event: 0.822 Thread 0x00000225bd546360 nmethod 1182 0x00000225aba0ae10 code [0x00000225aba0afc0, 0x00000225aba0b2d8]

GC Heap History (2 events):
Event: 0.450 GC heap before
{Heap before GC invocations=0 (full 0):
 garbage-first heap   total 65536K, used 28672K [0x00000000fc000000, 0x0000000100000000)
  region size 1024K, 23 young (23552K), 0 survivors (0K)
 Metaspace       used 4220K, committed 4480K, reserved 1056768K
  class space    used 567K, committed 704K, reserved 1048576K
}
Event: 0.453 GC heap after
{Heap after GC invocations=1 (full 0):
 garbage-first heap   total 65536K, used 9084K [0x00000000fc000000, 0x0000000100000000)
  region size 1024K, 3 young (3072K), 3 survivors (3072K)
 Metaspace       used 4220K, committed 4480K, reserved 1056768K
  class space    used 567K, committed 704K, reserved 1048576K
}

Deoptimization events (20 events):
Event: 0.525 Thread 0x00000225a376d520 Uncommon trap: trap_request=0xffffffc6 fr.pc=0x00000225b2d6ff3c relative=0x000000000000055c
Event: 0.525 Thread 0x00000225a376d520 Uncommon trap: reason=bimorphic_or_optimized_type_check action=maybe_recompile pc=0x00000225b2d6ff3c method=java.util.concurrent.ConcurrentHashMap.get(Ljava/lang/Object;)Ljava/lang/Object; @ 149 c2
Event: 0.525 Thread 0x00000225a376d520 DEOPT PACKING pc=0x00000225b2d6ff3c sp=0x000000a7ae5fb1d0
Event: 0.525 Thread 0x00000225a376d520 DEOPT UNPACKING pc=0x00000225ab2923a3 sp=0x000000a7ae5fb170 mode 2
Event: 0.545 Thread 0x00000225a376d520 DEOPT PACKING pc=0x00000225ab8be238 sp=0x000000a7ae5fab40
Event: 0.545 Thread 0x00000225a376d520 DEOPT UNPACKING pc=0x00000225ab292b43 sp=0x000000a7ae5fa058 mode 0
Event: 0.548 Thread 0x00000225a376d520 DEOPT PACKING pc=0x00000225ab8793e5 sp=0x000000a7ae5fbf30
Event: 0.548 Thread 0x00000225a376d520 DEOPT UNPACKING pc=0x00000225ab292b43 sp=0x000000a7ae5fb380 mode 0
Event: 0.668 Thread 0x00000225a376d520 Uncommon trap: trap_request=0xffffff45 fr.pc=0x00000225b2d4eaec relative=0x000000000000062c
Event: 0.668 Thread 0x00000225a376d520 Uncommon trap: reason=unstable_if action=reinterpret pc=0x00000225b2d4eaec method=java.lang.AbstractStringBuilder.append(Ljava/lang/String;)Ljava/lang/AbstractStringBuilder; @ 1 c2
Event: 0.668 Thread 0x00000225a376d520 DEOPT PACKING pc=0x00000225b2d4eaec sp=0x000000a7ae5fcf80
Event: 0.668 Thread 0x00000225a376d520 DEOPT UNPACKING pc=0x00000225ab2923a3 sp=0x000000a7ae5fcf00 mode 2
Event: 0.668 Thread 0x00000225a376d520 Uncommon trap: trap_request=0xffffff45 fr.pc=0x00000225b2d44d3c relative=0x00000000000005fc
Event: 0.668 Thread 0x00000225a376d520 Uncommon trap: reason=unstable_if action=reinterpret pc=0x00000225b2d44d3c method=java.lang.AbstractStringBuilder.append(Ljava/lang/String;)Ljava/lang/AbstractStringBuilder; @ 1 c2
Event: 0.668 Thread 0x00000225a376d520 DEOPT PACKING pc=0x00000225b2d44d3c sp=0x000000a7ae5fcf10
Event: 0.668 Thread 0x00000225a376d520 DEOPT UNPACKING pc=0x00000225ab2923a3 sp=0x000000a7ae5fcef8 mode 2
Event: 0.821 Thread 0x00000225a376d520 Uncommon trap: trap_request=0xffffff45 fr.pc=0x00000225b2d39ec8 relative=0x0000000000000048
Event: 0.821 Thread 0x00000225a376d520 Uncommon trap: reason=unstable_if action=reinterpret pc=0x00000225b2d39ec8 method=java.net.URI.match(CJJ)Z @ 19 c2
Event: 0.821 Thread 0x00000225a376d520 DEOPT PACKING pc=0x00000225b2d39ec8 sp=0x000000a7ae5fce20
Event: 0.821 Thread 0x00000225a376d520 DEOPT UNPACKING pc=0x00000225ab2923a3 sp=0x000000a7ae5fcda8 mode 2

Classes unloaded (0 events):
No events

Classes redefined (0 events):
No events

Internal exceptions (20 events):
Event: 0.379 Thread 0x00000225a376d520 Exception <a 'java/lang/NoSuchMethodError'{0x00000000fec3b400}: 'void java.lang.invoke.DirectMethodHandle$Holder.invokeStatic(java.lang.Object, java.lang.Object)'> (0x00000000fec3b400) 
thrown [e:\jenkins\tmp\workspace\build\src\src\hotspot\share\interpreter\linkResolver.cpp, line 766]
Event: 0.394 Thread 0x00000225a376d520 Exception <a 'java/lang/NoClassDefFoundError'{0x00000000fecc8180}: org/slf4j/impl/StaticMarkerBinder> (0x00000000fecc8180) 
thrown [e:\jenkins\tmp\workspace\build\src\src\hotspot\share\classfile\systemDictionary.cpp, line 245]
Event: 0.401 Thread 0x00000225a376d520 Exception <a 'java/lang/NoSuchMethodError'{0x00000000feb40cf8}: 'java.lang.Object java.lang.invoke.DirectMethodHandle$Holder.invokeVirtual(java.lang.Object, java.lang.Object, java.lang.Object, java.lang.Object, java.lang.Object, java.lang.Object, java.lang.Object)'> (0x00000000feb40cf8) 
thrown [e:\jenkins\tmp\workspace\build\src\src\hotspot\share\interpreter\linkResolver.cpp, line 766]
Event: 0.403 Thread 0x00000225a376d520 Exception <a 'java/lang/NoSuchMethodError'{0x00000000feb517c8}: 'java.lang.Object java.lang.invoke.Invokers$Holder.invoker(java.lang.Object, java.lang.Object, java.lang.Object)'> (0x00000000feb517c8) 
thrown [e:\jenkins\tmp\workspace\build\src\src\hotspot\share\interpreter\linkResolver.cpp, line 766]
Event: 0.404 Thread 0x00000225a376d520 Exception <a 'java/lang/NoSuchMethodError'{0x00000000feb5a898}: 'java.lang.Object java.lang.invoke.DirectMethodHandle$Holder.invokeStatic(java.lang.Object, java.lang.Object, int)'> (0x00000000feb5a898) 
thrown [e:\jenkins\tmp\workspace\build\src\src\hotspot\share\interpreter\linkResolver.cpp, line 766]
Event: 0.405 Thread 0x00000225a376d520 Exception <a 'java/lang/NoSuchMethodError'{0x00000000feb66588}: 'void java.lang.invoke.DelegatingMethodHandle$Holder.delegate(java.lang.Object, java.lang.Object, int, java.lang.Object)'> (0x00000000feb66588) 
thrown [e:\jenkins\tmp\workspace\build\src\src\hotspot\share\interpreter\linkResolver.cpp, line 766]
Event: 0.405 Thread 0x00000225a376d520 Exception <a 'java/lang/NoSuchMethodError'{0x00000000feb6a6d0}: 'int java.lang.invoke.DirectMethodHandle$Holder.invokeSpecial(java.lang.Object, java.lang.Object, java.lang.Object)'> (0x00000000feb6a6d0) 
thrown [e:\jenkins\tmp\workspace\build\src\src\hotspot\share\interpreter\linkResolver.cpp, line 766]
Event: 0.407 Thread 0x00000225a376d520 Exception <a 'java/lang/NoSuchMethodError'{0x00000000feb7da60}: 'java.lang.Object java.lang.invoke.Invokers$Holder.invokeExact_MT(java.lang.Object, java.lang.Object, java.lang.Object, java.lang.Object)'> (0x00000000feb7da60) 
thrown [e:\jenkins\tmp\workspace\build\src\src\hotspot\share\interpreter\linkResolver.cpp, line 766]
Event: 0.477 Thread 0x00000225a376d520 Exception <a 'java/lang/NoSuchMethodError'{0x00000000ffe98e00}: 'java.lang.Object java.lang.invoke.DirectMethodHandle$Holder.invokeInterface(java.lang.Object, java.lang.Object, java.lang.Object)'> (0x00000000ffe98e00) 
thrown [e:\jenkins\tmp\workspace\build\src\src\hotspot\share\interpreter\linkResolver.cpp, line 766]
Event: 0.486 Thread 0x00000225a376d520 Implicit null exception at 0x00000225b2d5ec13 to 0x00000225b2d5f04c
Event: 0.486 Thread 0x00000225a376d520 Implicit null exception at 0x00000225b2d4d811 to 0x00000225b2d4dc48
Event: 0.497 Thread 0x00000225a376d520 Exception <a 'java/lang/NoSuchMethodError'{0x00000000ffc1ef48}: 'java.lang.Object java.lang.invoke.DirectMethodHandle$Holder.invokeStaticInit(java.lang.Object)'> (0x00000000ffc1ef48) 
thrown [e:\jenkins\tmp\workspace\build\src\src\hotspot\share\interpreter\linkResolver.cpp, line 766]
Event: 0.554 Thread 0x00000225a376d520 Exception <a 'java/lang/NoSuchMethodError'{0x00000000ff821400}: 'java.lang.Object java.lang.invoke.DirectMethodHandle$Holder.invokeStaticInit(java.lang.Object, int, int, int, int)'> (0x00000000ff821400) 
thrown [e:\jenkins\tmp\workspace\build\src\src\hotspot\share\interpreter\linkResolver.cpp, line 766]
Event: 0.581 Thread 0x00000225a376d520 Exception <a 'java/lang/NoSuchMethodError'{0x00000000ff88e7a0}: 'java.lang.Object java.lang.invoke.DirectMethodHandle$Holder.invokeStaticInit(java.lang.Object, java.lang.Object, int, int, int, int)'> (0x00000000ff88e7a0) 
thrown [e:\jenkins\tmp\workspace\build\src\src\hotspot\share\interpreter\linkResolver.cpp, line 766]
Event: 0.646 Thread 0x00000225a376d520 Exception <a 'java/lang/NoSuchMethodError'{0x00000000ff8bb210}: 'void java.lang.invoke.DirectMethodHandle$Holder.invokeStatic(java.lang.Object, java.lang.Object, java.lang.Object)'> (0x00000000ff8bb210) 
thrown [e:\jenkins\tmp\workspace\build\src\src\hotspot\share\interpreter\linkResolver.cpp, line 766]
Event: 0.668 Thread 0x00000225a376d520 Implicit null exception at 0x00000225b2d4e4f2 to 0x00000225b2d4ead4
Event: 0.668 Thread 0x00000225a376d520 Implicit null exception at 0x00000225b2d44772 to 0x00000225b2d44d24
Event: 0.808 Thread 0x00000225a376d520 Exception <a 'sun/net/ConnectionResetException'{0x00000000ff524228}: Connection reset> (0x00000000ff524228) 
thrown [e:\jenkins\tmp\workspace\build\src\src\hotspot\share\prims\jni.cpp, line 535]
Event: 0.820 Thread 0x00000225a376d520 Exception <a 'java/lang/NoSuchMethodError'{0x00000000ff301a20}: 'int java.lang.invoke.DirectMethodHandle$Holder.invokeVirtual(java.lang.Object, java.lang.Object)'> (0x00000000ff301a20) 
thrown [e:\jenkins\tmp\workspace\build\src\src\hotspot\share\interpreter\linkResolver.cpp, line 766]
Event: 0.822 Thread 0x00000225be9619f0 Exception <a 'java/io/IOException'{0x00000000ff57fdd0}: Connection reset by peer> (0x00000000ff57fdd0) 
thrown [e:\jenkins\tmp\workspace\build\src\src\hotspot\share\prims\jni.cpp, line 535]

VM Operations (14 events):
Event: 0.050 Executing VM operation: HandshakeAllThreads
Event: 0.050 Executing VM operation: HandshakeAllThreads done
Event: 0.392 Executing VM operation: HandshakeAllThreads
Event: 0.392 Executing VM operation: HandshakeAllThreads done
Event: 0.403 Executing VM operation: HandshakeAllThreads
Event: 0.403 Executing VM operation: HandshakeAllThreads done
Event: 0.430 Executing VM operation: ICBufferFull
Event: 0.430 Executing VM operation: ICBufferFull done
Event: 0.450 Executing VM operation: G1CollectForAllocation
Event: 0.453 Executing VM operation: G1CollectForAllocation done
Event: 0.559 Executing VM operation: HandshakeAllThreads
Event: 0.559 Executing VM operation: HandshakeAllThreads done
Event: 0.576 Executing VM operation: HandshakeAllThreads
Event: 0.576 Executing VM operation: HandshakeAllThreads done

Events (20 events):
Event: 0.704 loading class java/nio/channels/SelectionKey done
Event: 0.704 loading class java/nio/channels/spi/AbstractSelectionKey done
Event: 0.704 loading class sun/nio/ch/SelectionKeyImpl done
Event: 0.704 loading class java/lang/invoke/ConstantBootstraps
Event: 0.704 loading class java/lang/invoke/ConstantBootstraps done
Event: 0.710 loading class java/nio/channels/spi/AbstractSelector$1
Event: 0.710 loading class java/nio/channels/spi/AbstractSelector$1 done
Event: 0.717 Thread 0x00000225be9601e0 Thread added: 0x00000225be9601e0
Event: 0.718 loading class java/nio/charset/CharacterCodingException
Event: 0.718 loading class java/nio/charset/CharacterCodingException done
Event: 0.718 loading class java/nio/channels/AsynchronousCloseException
Event: 0.718 loading class java/nio/channels/ClosedChannelException
Event: 0.718 loading class java/nio/channels/ClosedChannelException done
Event: 0.718 loading class java/nio/channels/AsynchronousCloseException done
Event: 0.719 Thread 0x00000225be9619f0 Thread added: 0x00000225be9619f0
Event: 0.808 loading class sun/net/ConnectionResetException
Event: 0.808 loading class sun/net/ConnectionResetException done
Event: 0.811 Thread 0x00000225be168240 Thread exited: 0x00000225be168240
Event: 0.822 loading class java/util/concurrent/locks/AbstractQueuedSynchronizer$ExclusiveNode
Event: 0.822 loading class java/util/concurrent/locks/AbstractQueuedSynchronizer$ExclusiveNode done


Dynamic libraries:
0x00007ff66fff0000 - 0x00007ff66fffe000 	C:\Users\1\.gradle\jdks\jdk-17.0.2+8\bin\java.exe
0x00007ff87f740000 - 0x00007ff87f949000 	C:\WINDOWS\SYSTEM32\ntdll.dll
0x00007ff87e410000 - 0x00007ff87e4cd000 	C:\WINDOWS\System32\KERNEL32.DLL
0x00007ff87cee0000 - 0x00007ff87d254000 	C:\WINDOWS\System32\KERNELBASE.dll
0x00007ff87cc30000 - 0x00007ff87cd41000 	C:\WINDOWS\System32\ucrtbase.dll
0x00007ff875d70000 - 0x00007ff875d88000 	C:\Users\1\.gradle\jdks\jdk-17.0.2+8\bin\jli.dll
0x00007ff875d90000 - 0x00007ff875da9000 	C:\Users\1\.gradle\jdks\jdk-17.0.2+8\bin\VCRUNTIME140.dll
0x00007ff87ebc0000 - 0x00007ff87ed6c000 	C:\WINDOWS\System32\USER32.dll
0x00007ff8591e0000 - 0x00007ff859485000 	C:\WINDOWS\WinSxS\amd64_microsoft.windows.common-controls_6595b64144ccf1df_6.0.22000.120_none_9d947278b86cc467\COMCTL32.dll
0x00007ff87d490000 - 0x00007ff87d4b6000 	C:\WINDOWS\System32\win32u.dll
0x00007ff87d5e0000 - 0x00007ff87d683000 	C:\WINDOWS\System32\msvcrt.dll
0x00007ff87e5a0000 - 0x00007ff87e5c9000 	C:\WINDOWS\System32\GDI32.dll
0x00007ff87d4c0000 - 0x00007ff87d5d2000 	C:\WINDOWS\System32\gdi32full.dll
0x00007ff87cd50000 - 0x00007ff87cded000 	C:\WINDOWS\System32\msvcp_win.dll
0x00007ff87f6a0000 - 0x00007ff87f6d1000 	C:\WINDOWS\System32\IMM32.DLL
0x00007ff875d00000 - 0x00007ff875d0c000 	C:\Users\1\.gradle\jdks\jdk-17.0.2+8\bin\vcruntime140_1.dll
0x00007ff86f470000 - 0x00007ff86f501000 	C:\Users\1\.gradle\jdks\jdk-17.0.2+8\bin\msvcp140.dll
0x00007ff804370000 - 0x00007ff804fb7000 	C:\Users\1\.gradle\jdks\jdk-17.0.2+8\bin\server\jvm.dll
0x00007ff87eb00000 - 0x00007ff87ebae000 	C:\WINDOWS\System32\ADVAPI32.dll
0x00007ff87f0f0000 - 0x00007ff87f18e000 	C:\WINDOWS\System32\sechost.dll
0x00007ff87e2f0000 - 0x00007ff87e410000 	C:\WINDOWS\System32\RPCRT4.dll
0x00007ff87d6f0000 - 0x00007ff87d6f8000 	C:\WINDOWS\System32\PSAPI.DLL
0x00007ff877aa0000 - 0x00007ff877aa9000 	C:\WINDOWS\SYSTEM32\WSOCK32.dll
0x00007ff877540000 - 0x00007ff877573000 	C:\WINDOWS\SYSTEM32\WINMM.dll
0x00007ff877f10000 - 0x00007ff877f1a000 	C:\WINDOWS\SYSTEM32\VERSION.dll
0x00007ff87e530000 - 0x00007ff87e59f000 	C:\WINDOWS\System32\WS2_32.dll
0x00007ff87be20000 - 0x00007ff87be38000 	C:\WINDOWS\SYSTEM32\kernel.appcore.dll
0x00007ff875cf0000 - 0x00007ff875cfa000 	C:\Users\1\.gradle\jdks\jdk-17.0.2+8\bin\jimage.dll
0x00007ff87a680000 - 0x00007ff87a8a1000 	C:\WINDOWS\SYSTEM32\DBGHELP.DLL
0x00007ff8752e0000 - 0x00007ff875311000 	C:\WINDOWS\SYSTEM32\dbgcore.DLL
0x00007ff87cdf0000 - 0x00007ff87ce6f000 	C:\WINDOWS\System32\bcryptPrimitives.dll
0x00007ff8757d0000 - 0x00007ff8757f5000 	C:\Users\1\.gradle\jdks\jdk-17.0.2+8\bin\java.dll
0x00007ff85d770000 - 0x00007ff85d846000 	C:\Users\1\.gradle\jdks\jdk-17.0.2+8\bin\jsvml.dll
0x00007ff87d9a0000 - 0x00007ff87e14e000 	C:\WINDOWS\System32\SHELL32.dll
0x00007ff87ada0000 - 0x00007ff87b608000 	C:\WINDOWS\SYSTEM32\windows.storage.dll
0x00007ff87ed70000 - 0x00007ff87f0e8000 	C:\WINDOWS\System32\combase.dll
0x00007ff87ac30000 - 0x00007ff87ad96000 	C:\WINDOWS\SYSTEM32\wintypes.dll
0x00007ff87f4c0000 - 0x00007ff87f5aa000 	C:\WINDOWS\System32\SHCORE.dll
0x00007ff87d690000 - 0x00007ff87d6ed000 	C:\WINDOWS\System32\shlwapi.dll
0x00007ff87cb60000 - 0x00007ff87cb81000 	C:\WINDOWS\SYSTEM32\profapi.dll
0x00007ff873b50000 - 0x00007ff873b69000 	C:\Users\1\.gradle\jdks\jdk-17.0.2+8\bin\net.dll
0x00007ff876eb0000 - 0x00007ff876fbc000 	C:\WINDOWS\SYSTEM32\WINHTTP.dll
0x00007ff87c250000 - 0x00007ff87c2b7000 	C:\WINDOWS\system32\mswsock.dll
0x00007ff873b30000 - 0x00007ff873b45000 	C:\Users\1\.gradle\jdks\jdk-17.0.2+8\bin\nio.dll
0x00007ff875960000 - 0x00007ff875978000 	C:\Users\1\.gradle\jdks\jdk-17.0.2+8\bin\zip.dll
0x00007ff873b00000 - 0x00007ff873b10000 	C:\Users\1\.gradle\jdks\jdk-17.0.2+8\bin\verify.dll
0x00007ff8668f0000 - 0x00007ff866917000 	C:\Users\1\.gradle\native\8bec1ad78214c89d9ad589b4d07fe93259594b29d510b10fafb7a158f7737e5d\windows-amd64\native-platform.dll
0x00007ff85bf40000 - 0x00007ff85c07d000 	C:\Users\1\.gradle\native\53dbd7edfb1c66fb8903c78663c9afc45aea4f116125fa6feffd364cf09443e8\windows-amd64\native-platform-file-events.dll
0x00007ff873af0000 - 0x00007ff873af9000 	C:\Users\1\.gradle\jdks\jdk-17.0.2+8\bin\management.dll
0x00007ff873800000 - 0x00007ff87380b000 	C:\Users\1\.gradle\jdks\jdk-17.0.2+8\bin\management_ext.dll
0x00007ff87c490000 - 0x00007ff87c4a8000 	C:\WINDOWS\SYSTEM32\CRYPTSP.dll
0x00007ff87bd80000 - 0x00007ff87bdb5000 	C:\WINDOWS\system32\rsaenh.dll
0x00007ff87c340000 - 0x00007ff87c369000 	C:\WINDOWS\SYSTEM32\USERENV.dll
0x00007ff87c610000 - 0x00007ff87c637000 	C:\WINDOWS\SYSTEM32\bcrypt.dll
0x00007ff87c4b0000 - 0x00007ff87c4bc000 	C:\WINDOWS\SYSTEM32\CRYPTBASE.dll
0x00007ff87b990000 - 0x00007ff87b9bd000 	C:\WINDOWS\SYSTEM32\IPHLPAPI.DLL
0x00007ff87ebb0000 - 0x00007ff87ebb9000 	C:\WINDOWS\System32\NSI.dll
0x00007ff877220000 - 0x00007ff877239000 	C:\WINDOWS\SYSTEM32\dhcpcsvc6.DLL
0x00007ff8778b0000 - 0x00007ff8778ce000 	C:\WINDOWS\SYSTEM32\dhcpcsvc.DLL
0x00007ff87b9c0000 - 0x00007ff87baa7000 	C:\WINDOWS\SYSTEM32\DNSAPI.dll
0x00007ff8734f0000 - 0x00007ff8734fe000 	C:\Users\1\.gradle\jdks\jdk-17.0.2+8\bin\sunmscapi.dll
0x00007ff87d260000 - 0x00007ff87d3c2000 	C:\WINDOWS\System32\CRYPT32.dll
0x00007ff87c5e0000 - 0x00007ff87c608000 	C:\WINDOWS\SYSTEM32\ncrypt.dll
0x00007ff87c5a0000 - 0x00007ff87c5d7000 	C:\WINDOWS\SYSTEM32\NTASN1.dll
0x00007ff873030000 - 0x00007ff873038000 	C:\WINDOWS\system32\wshunix.dll

dbghelp: loaded successfully - version: 4.0.5 - missing functions: none
symbol engine: initialized successfully - sym options: 0x614 - pdb path: .;C:\Users\1\.gradle\jdks\jdk-17.0.2+8\bin;C:\WINDOWS\SYSTEM32;C:\WINDOWS\WinSxS\amd64_microsoft.windows.common-controls_6595b64144ccf1df_6.0.22000.120_none_9d947278b86cc467;C:\Users\1\.gradle\jdks\jdk-17.0.2+8\bin\server;C:\Users\1\.gradle\native\8bec1ad78214c89d9ad589b4d07fe93259594b29d510b10fafb7a158f7737e5d\windows-amd64;C:\Users\1\.gradle\native\53dbd7edfb1c66fb8903c78663c9afc45aea4f116125fa6feffd364cf09443e8\windows-amd64

VM Arguments:
jvm_args: -Xmx64m -Xms64m -Dorg.gradle.appname=gradlew 
java_command: org.gradle.wrapper.GradleWrapperMain :Connect_Four-task:testClasses
java_class_path (initial): D:\android\kotlin\Connect Four\\gradle\wrapper\gradle-wrapper.jar
Launcher Type: SUN_STANDARD

[Global flags]
     intx CICompilerCount                          = 4                                         {product} {ergonomic}
     uint ConcGCThreads                            = 3                                         {product} {ergonomic}
     uint G1ConcRefinementThreads                  = 10                                        {product} {ergonomic}
   size_t G1HeapRegionSize                         = 1048576                                   {product} {ergonomic}
    uintx GCDrainStackTargetSize                   = 64                                        {product} {ergonomic}
   size_t InitialHeapSize                          = 67108864                                  {product} {command line}
   size_t MarkStackSize                            = 4194304                                   {product} {ergonomic}
   size_t MaxHeapSize                              = 67108864                                  {product} {command line}
   size_t MaxNewSize                               = 39845888                                  {product} {ergonomic}
   size_t MinHeapDeltaBytes                        = 1048576                                   {product} {ergonomic}
   size_t MinHeapSize                              = 67108864                                  {product} {command line}
    uintx NonNMethodCodeHeapSize                   = 5839372                                {pd product} {ergonomic}
    uintx NonProfiledCodeHeapSize                  = 122909434                              {pd product} {ergonomic}
    uintx ProfiledCodeHeapSize                     = 122909434                              {pd product} {ergonomic}
    uintx ReservedCodeCacheSize                    = 251658240                              {pd product} {ergonomic}
     bool SegmentedCodeCache                       = true                                      {product} {ergonomic}
   size_t SoftMaxHeapSize                          = 67108864                               {manageable} {ergonomic}
     bool UseCompressedClassPointers               = true                           {product lp64_product} {ergonomic}
     bool UseCompressedOops                        = true                           {product lp64_product} {ergonomic}
     bool UseG1GC                                  = true                                      {product} {ergonomic}
     bool UseLargePagesIndividualAllocation        = false                                  {pd product} {ergonomic}

Logging:
Log output configuration:
 #0: stdout all=warning uptime,level,tags
 #1: stderr all=off uptime,level,tags

Environment Variables:
JAVA_HOME=C:\Users\1\.gradle\jdks\jdk-17.0.2+8
CLASSPATH=D:\android\kotlin\Connect Four\\gradle\wrapper\gradle-wrapper.jar
PATH=C:\Windows\system32;C:\Windows;C:\Windows\System32\Wbem;C:\Windows\System32\WindowsPowerShell\v1.0\;C:\Windows\System32\OpenSSH\;C:\Program Files\NVIDIA Corporation\NVIDIA NvDLISR;C:\Program Files (x86)\NVIDIA Corporation\PhysX\Common;C:\WINDOWS\system32;C:\WINDOWS;C:\WINDOWS\System32\Wbem;C:\WINDOWS\System32\WindowsPowerShell\v1.0\;C:\WINDOWS\System32\OpenSSH\;C:\Program Files\Git\cmd;C:\Program Files\PowerShell\7\;C:\Users\1\AppData\Local\Programs\Python\Python310\Scripts\;C:\Users\1\AppData\Local\Programs\Python\Python310\;C:\Users\1\AppData\Local\Microsoft\WindowsApps;C:\Program Files\JetBrains\PyCharm 2020.1\bin;C:\Program Files\JetBrains\PyCharm Community Edition 2021.3.1\bin;C:\Program Files\JetBrains\IntelliJ IDEA Educational Edition 2021.3.2\bin;C:\Users\1\AppData\Local\GitHubDesktop\bin
USERNAME=1
OS=Windows_NT
PROCESSOR_IDENTIFIER=AMD64 Family 25 Model 80 Stepping 0, AuthenticAMD



---------------  S Y S T E M  ---------------

OS:
 Windows 11 , 64 bit Build 22000 (10.0.22000.434)
OS uptime: 17 days 0:38 hours

CPU: total 12 (initial active 12) (12 cores per cpu, 2 threads per core) family 25 model 80 stepping 0 microcode 0x0, cx8, cmov, fxsr, ht, mmx, 3dnowpref, sse, sse2, sse3, ssse3, sse4a, sse4.1, sse4.2, popcnt, lzcnt, tsc, tscinvbit, avx, avx2, aes, erms, clmul, bmi1, bmi2, adx, sha, fma, vzeroupper, clflush, clflushopt

Memory: 4k page, system-wide physical 15724M (4383M free)
TotalPageFile size 15724M (AvailPageFile size 456M)
current process WorkingSet (physical memory assigned to process): 93M, peak: 93M
current process commit charge ("private bytes"): 170M, peak: 171M

vm_info: OpenJDK 64-Bit Server VM (17.0.2+8) for windows-amd64 JRE (17.0.2+8), built on Jan 20 2022 04:52:34 by "" with MS VC++ 16.7 (VS2019)

END.
