#
# There is insufficient memory for the Java Runtime Environment to continue.
# Native memory allocation (malloc) failed to allocate 32744 bytes for ChunkPool::allocate
# Possible reasons:
#   The system is out of physical RAM or swap space
#   The process is running with CompressedOops enabled, and the Java Heap may be blocking the growth of the native heap
# Possible solutions:
#   Reduce memory load on the system
#   Increase physical memory or swap space
#   Check if swap backing store is full
#   Decrease Java heap size (-Xmx/-Xms)
#   Decrease number of Java threads
#   Decrease Java thread stack sizes (-Xss)
#   Set larger code cache with -XX:ReservedCodeCacheSize=
#   JVM is running with Unscaled Compressed Oops mode in which the Java heap is
#     placed in the first 4GB address space. The Java Heap base address is the
#     maximum limit for the native heap growth. Please use -XX:HeapBaseMinAddress
#     to set the Java Heap base and to place the Java Heap above 4GB virtual address.
# This output file may be truncated or incomplete.
#
#  Out of Memory Error (arena.cpp:78), pid=17892, tid=9296
#
# JRE version: OpenJDK Runtime Environment Temurin-17.0.2+8 (17.0.2+8) (build 17.0.2+8)
# Java VM: OpenJDK 64-Bit Server VM Temurin-17.0.2+8 (17.0.2+8, mixed mode, sharing, tiered, compressed oops, compressed class ptrs, g1 gc, windows-amd64)
# No core dump will be written. Minidumps are not enabled by default on client versions of Windows
#

---------------  S U M M A R Y ------------

Command Line: --add-opens=java.base/java.util=ALL-UNNAMED --add-opens=java.base/java.lang=ALL-UNNAMED --add-opens=java.base/java.lang.invoke=ALL-UNNAMED --add-opens=java.base/java.util=ALL-UNNAMED --add-opens=java.prefs/java.util.prefs=ALL-UNNAMED --add-opens=java.prefs/java.util.prefs=ALL-UNNAMED --add-opens=java.base/java.nio.charset=ALL-UNNAMED --add-opens=java.base/java.net=ALL-UNNAMED --add-opens=java.base/java.util.concurrent.atomic=ALL-UNNAMED -XX:MaxMetaspaceSize=256m -XX:+HeapDumpOnOutOfMemoryError -Xms256m -Xmx512m -Dfile.encoding=windows-1251 -Duser.country=RU -Duser.language=ru -Duser.variant org.gradle.launcher.daemon.bootstrap.GradleDaemon 7.1

Host: AMD Ryzen 5 5600H with Radeon Graphics         , 12 cores, 15G,  Windows 11 , 64 bit Build 22000 (10.0.22000.434)
Time: Sun Mar  6 22:52:33 2022 RTZ 2 (s 11 , 64 bit Build 22000 (10.0.22000.434) elapsed time: 7712.577757 seconds (0d 2h 8m 32s)

---------------  T H R E A D  ---------------

Current thread (0x00000181cdfb98a0):  JavaThread "C2 CompilerThread0" daemon [_thread_in_native, id=9296, stack(0x00000049f6400000,0x00000049f6500000)]


Current CompileTask:
C2:7712577 10734       4       org.gradle.internal.service.DefaultServiceRegistry$OwnServices::collectProvidersForClassHierarchy (82 bytes)

Stack: [0x00000049f6400000,0x00000049f6500000]
Native frames: (J=compiled Java code, j=interpreted, Vv=VM code, C=native code)
V  [jvm.dll+0x67564a]
V  [jvm.dll+0x82fc04]
V  [jvm.dll+0x8313ae]
V  [jvm.dll+0x831a13]
V  [jvm.dll+0x245235]
V  [jvm.dll+0xabfc0]
V  [jvm.dll+0xac30c]
V  [jvm.dll+0xabe8b]
V  [jvm.dll+0x8192ac]
V  [jvm.dll+0x58153d]
V  [jvm.dll+0x57d961]
V  [jvm.dll+0x57d704]
V  [jvm.dll+0x57c978]
V  [jvm.dll+0x2202ed]
V  [jvm.dll+0x2206cf]
V  [jvm.dll+0x219f25]
V  [jvm.dll+0x2173eb]
V  [jvm.dll+0x1a3a8d]
V  [jvm.dll+0x226ef8]
V  [jvm.dll+0x22503c]
V  [jvm.dll+0x7e596b]
V  [jvm.dll+0x7dff2a]
V  [jvm.dll+0x6744d5]
C  [ucrtbase.dll+0x26c0c]
C  [KERNEL32.DLL+0x154e0]
C  [ntdll.dll+0x485b]


---------------  P R O C E S S  ---------------

Threads class SMR info:
_java_thread_list=0x00000181cf0814f0, length=47, elements={
0x00000181b3053000, 0x00000181cdf8bd30, 0x00000181cdf8ebb0, 0x00000181cdfab8c0,
0x00000181cdfae8b0, 0x00000181cdfb1930, 0x00000181cdfb1e00, 0x00000181cdfb98a0,
0x00000181cdfc2f70, 0x00000181cdfceeb0, 0x00000181cdfb22d0, 0x00000181cdfb0120,
0x00000181cdfb0ac0, 0x00000181cdfb0f90, 0x00000181cdfb27a0, 0x00000181d0bfb750,
0x00000181d0bf90d0, 0x00000181d0bfc0f0, 0x00000181d0bff110, 0x00000181d0bfff80,
0x00000181d0bfcf60, 0x00000181d0bf9a70, 0x00000181d0bfa8e0, 0x00000181d0bfe770,
0x00000181d0c00450, 0x00000181d0bfca90, 0x00000181d0bfd430, 0x00000181d0bfd900,
0x00000181cdfaf2b0, 0x00000181cdfb05f0, 0x00000181d3e5c3b0, 0x00000181d3e5c880,
0x00000181d3e5bee0, 0x00000181cf6fed50, 0x00000181d27328b0, 0x00000181d2736c10,
0x00000181d2733250, 0x00000181d27323e0, 0x00000181d2731570, 0x00000181d2733720,
0x00000181d27340c0, 0x00000181d2734f30, 0x00000181d27310a0, 0x00000181d47c0890,
0x00000181d2733bf0, 0x00000181d2730230, 0x00000181d272f3c0
}

Java Threads: ( => current thread )
  0x00000181b3053000 JavaThread "main" [_thread_blocked, id=4688, stack(0x00000049f5700000,0x00000049f5800000)]
  0x00000181cdf8bd30 JavaThread "Reference Handler" daemon [_thread_blocked, id=8844, stack(0x00000049f5e00000,0x00000049f5f00000)]
  0x00000181cdf8ebb0 JavaThread "Finalizer" daemon [_thread_blocked, id=18376, stack(0x00000049f5f00000,0x00000049f6000000)]
  0x00000181cdfab8c0 JavaThread "Signal Dispatcher" daemon [_thread_blocked, id=17372, stack(0x00000049f6000000,0x00000049f6100000)]
  0x00000181cdfae8b0 JavaThread "Attach Listener" daemon [_thread_blocked, id=12792, stack(0x00000049f6100000,0x00000049f6200000)]
  0x00000181cdfb1930 JavaThread "Service Thread" daemon [_thread_blocked, id=5856, stack(0x00000049f6200000,0x00000049f6300000)]
  0x00000181cdfb1e00 JavaThread "Monitor Deflation Thread" daemon [_thread_blocked, id=5276, stack(0x00000049f6300000,0x00000049f6400000)]
=>0x00000181cdfb98a0 JavaThread "C2 CompilerThread0" daemon [_thread_in_native, id=9296, stack(0x00000049f6400000,0x00000049f6500000)]
  0x00000181cdfc2f70 JavaThread "C1 CompilerThread0" daemon [_thread_blocked, id=18148, stack(0x00000049f6500000,0x00000049f6600000)]
  0x00000181cdfceeb0 JavaThread "Sweeper thread" daemon [_thread_blocked, id=14760, stack(0x00000049f6600000,0x00000049f6700000)]
  0x00000181cdfb22d0 JavaThread "Common-Cleaner" daemon [_thread_blocked, id=7044, stack(0x00000049f6700000,0x00000049f6800000)]
  0x00000181cdfb0120 JavaThread "Notification Thread" daemon [_thread_blocked, id=8004, stack(0x00000049f6800000,0x00000049f6900000)]
  0x00000181cdfb0ac0 JavaThread "Daemon health stats" [_thread_blocked, id=18168, stack(0x00000049f7100000,0x00000049f7200000)]
  0x00000181cdfb0f90 JavaThread "Incoming local TCP Connector on port 50398" [_thread_in_native, id=17784, stack(0x00000049f7200000,0x00000049f7300000)]
  0x00000181cdfb27a0 JavaThread "Daemon periodic checks" [_thread_blocked, id=3240, stack(0x00000049f7300000,0x00000049f7400000)]
  0x00000181d0bfb750 JavaThread "Cache worker for journal cache (C:\Users\1\.gradle\caches\journal-1)" [_thread_blocked, id=16844, stack(0x00000049f7b00000,0x00000049f7c00000)]
  0x00000181d0bf90d0 JavaThread "File lock request listener" [_thread_in_native, id=2400, stack(0x00000049f7c00000,0x00000049f7d00000)]
  0x00000181d0bfc0f0 JavaThread "Cache worker for file hash cache (C:\Users\1\.gradle\caches\7.1\fileHashes)" [_thread_blocked, id=17600, stack(0x00000049f7d00000,0x00000049f7e00000)]
  0x00000181d0bff110 JavaThread "File watcher server" daemon [_thread_in_native, id=6456, stack(0x00000049f7f00000,0x00000049f8000000)]
  0x00000181d0bfff80 JavaThread "File watcher consumer" daemon [_thread_blocked, id=15380, stack(0x00000049f8000000,0x00000049f8100000)]
  0x00000181d0bfcf60 JavaThread "Cache worker for execution history cache (C:\Users\1\.gradle\caches\7.1\executionHistory)" [_thread_blocked, id=14376, stack(0x00000049f8400000,0x00000049f8500000)]
  0x00000181d0bf9a70 JavaThread "jar transforms" [_thread_blocked, id=9928, stack(0x00000049f8b00000,0x00000049f8c00000)]
  0x00000181d0bfa8e0 JavaThread "jar transforms Thread 2" [_thread_blocked, id=11816, stack(0x00000049f8d00000,0x00000049f8e00000)]
  0x00000181d0bfe770 JavaThread "jar transforms Thread 3" [_thread_blocked, id=16264, stack(0x00000049f8200000,0x00000049f8300000)]
  0x00000181d0c00450 JavaThread "jar transforms Thread 4" [_thread_blocked, id=16348, stack(0x00000049f8300000,0x00000049f8400000)]
  0x00000181d0bfca90 JavaThread "jar transforms Thread 5" [_thread_blocked, id=3336, stack(0x00000049f7a00000,0x00000049f7b00000)]
  0x00000181d0bfd430 JavaThread "jar transforms Thread 6" [_thread_blocked, id=10092, stack(0x00000049f7e00000,0x00000049f7f00000)]
  0x00000181d0bfd900 JavaThread "Cache worker for file content cache (C:\Users\1\.gradle\caches\7.1\fileContent)" [_thread_blocked, id=2488, stack(0x00000049f8c00000,0x00000049f8d00000)]
  0x00000181cdfaf2b0 JavaThread "jar transforms Thread 7" [_thread_blocked, id=17360, stack(0x00000049f8f00000,0x00000049f9000000)]
  0x00000181cdfb05f0 JavaThread "jar transforms Thread 8" [_thread_blocked, id=316, stack(0x00000049f9100000,0x00000049f9200000)]
  0x00000181d3e5c3b0 JavaThread "jar transforms Thread 9" [_thread_blocked, id=7392, stack(0x00000049f9200000,0x00000049f9300000)]
  0x00000181d3e5c880 JavaThread "jar transforms Thread 10" [_thread_blocked, id=14072, stack(0x00000049f9300000,0x00000049f9400000)]
  0x00000181d3e5bee0 JavaThread "jar transforms Thread 11" [_thread_blocked, id=15760, stack(0x00000049f9700000,0x00000049f9800000)]
  0x00000181cf6fed50 JavaThread "jar transforms Thread 12" [_thread_blocked, id=11464, stack(0x00000049f9400000,0x00000049f9500000)]
  0x00000181d27328b0 JavaThread "Memory manager" [_thread_blocked, id=10992, stack(0x00000049fbb00000,0x00000049fbc00000)]
  0x00000181d2736c10 JavaThread "Daemon Thread 3" [_thread_blocked, id=17428, stack(0x00000049f7600000,0x00000049f7700000)]
  0x00000181d2733250 JavaThread "Handler for socket connection from /127.0.0.1:50398 to /127.0.0.1:56626" [_thread_in_native, id=10672, stack(0x00000049f7700000,0x00000049f7800000)]
  0x00000181d27323e0 JavaThread "Cancel handler" [_thread_blocked, id=18192, stack(0x00000049f7800000,0x00000049f7900000)]
  0x00000181d2731570 JavaThread "Daemon worker Thread 3" [_thread_in_native, id=13236, stack(0x00000049f7900000,0x00000049f7a00000)]
  0x00000181d2733720 JavaThread "Asynchronous log dispatcher for DefaultDaemonConnection: socket connection from /127.0.0.1:50398 to /127.0.0.1:56626" [_thread_blocked, id=10788, stack(0x00000049f8100000,0x00000049f8200000)]
  0x00000181d27340c0 JavaThread "Stdin handler" [_thread_blocked, id=13188, stack(0x00000049f8e00000,0x00000049f8f00000)]
  0x00000181d2734f30 JavaThread "Daemon client event forwarder" [_thread_blocked, id=12296, stack(0x00000049f9000000,0x00000049f9100000)]
  0x00000181d27310a0 JavaThread "Cache worker for file hash cache (D:\android\kotlin\Connect Four\.gradle\7.1\fileHashes)" [_thread_blocked, id=9892, stack(0x00000049f9500000,0x00000049f9600000)]
  0x00000181d47c0890 JavaThread "C2 CompilerThread1" daemon [_thread_in_native, id=11012, stack(0x00000049f9600000,0x00000049f9700000)]
  0x00000181d2733bf0 JavaThread "Cache worker for checksums cache (D:\android\kotlin\Connect Four\.gradle\checksums)" [_thread_blocked, id=2816, stack(0x00000049f9800000,0x00000049f9900000)]
  0x00000181d2730230 JavaThread "Cache worker for cache directory md-supplier (C:\Users\1\.gradle\caches\7.1\md-supplier)" [_thread_blocked, id=14312, stack(0x00000049f9900000,0x00000049f9a00000)]
  0x00000181d272f3c0 JavaThread "Cache worker for cache directory md-rule (C:\Users\1\.gradle\caches\7.1\md-rule)" [_thread_blocked, id=11520, stack(0x00000049f9a00000,0x00000049f9b00000)]

Other Threads:
  0x00000181cdf84580 VMThread "VM Thread" [stack: 0x00000049f5d00000,0x00000049f5e00000] [id=14104]
  0x00000181ceceea20 WatcherThread [stack: 0x00000049f6900000,0x00000049f6a00000] [id=17912]
  0x00000181b307cf40 GCTaskThread "GC Thread#0" [stack: 0x00000049f5800000,0x00000049f5900000] [id=14816]
  0x00000181cf28a900 GCTaskThread "GC Thread#1" [stack: 0x00000049f6b00000,0x00000049f6c00000] [id=15840]
  0x00000181cf28abb0 GCTaskThread "GC Thread#2" [stack: 0x00000049f6c00000,0x00000049f6d00000] [id=16796]
  0x00000181cf9c83f0 GCTaskThread "GC Thread#3" [stack: 0x00000049f6d00000,0x00000049f6e00000] [id=15484]
  0x00000181cf9c86a0 GCTaskThread "GC Thread#4" [stack: 0x00000049f6e00000,0x00000049f6f00000] [id=10764]
  0x00000181cfa5c370 GCTaskThread "GC Thread#5" [stack: 0x00000049f6f00000,0x00000049f7000000] [id=11512]
  0x00000181d3f61200 GCTaskThread "GC Thread#6" [stack: 0x00000049f8500000,0x00000049f8600000] [id=2064]
  0x00000181d3f61760 GCTaskThread "GC Thread#7" [stack: 0x00000049f8600000,0x00000049f8700000] [id=3080]
  0x00000181d3f61a10 GCTaskThread "GC Thread#8" [stack: 0x00000049f8700000,0x00000049f8800000] [id=18172]
  0x00000181d3f60740 GCTaskThread "GC Thread#9" [stack: 0x00000049f8800000,0x00000049f8900000] [id=15804]
  0x00000181b3081e80 ConcurrentGCThread "G1 Main Marker" [stack: 0x00000049f5900000,0x00000049f5a00000] [id=7624]
  0x00000181b3083030 ConcurrentGCThread "G1 Conc#0" [stack: 0x00000049f5a00000,0x00000049f5b00000] [id=14748]
  0x00000181d3f5ff30 ConcurrentGCThread "G1 Conc#1" [stack: 0x00000049f8900000,0x00000049f8a00000] [id=17336]
  0x00000181d3f60ca0 ConcurrentGCThread "G1 Conc#2" [stack: 0x00000049f8a00000,0x00000049f8b00000] [id=10116]
  0x00000181b312d390 ConcurrentGCThread "G1 Refine#0" [stack: 0x00000049f5b00000,0x00000049f5c00000] [id=1968]
  0x00000181d43b0750 ConcurrentGCThread "G1 Refine#1" [stack: 0x00000049f5400000,0x00000049f5500000] [id=13388]
  0x00000181d43b0a30 ConcurrentGCThread "G1 Refine#2" [stack: 0x00000049f5500000,0x00000049f5600000] [id=1712]
  0x00000181d43ae7b0 ConcurrentGCThread "G1 Refine#3" [stack: 0x00000049f5600000,0x00000049f5700000] [id=3956]
  0x00000181d43af8f0 ConcurrentGCThread "G1 Refine#4" [stack: 0x00000049f6a00000,0x00000049f6b00000] [id=3580]
  0x00000181d43b1b70 ConcurrentGCThread "G1 Refine#5" [stack: 0x00000049f7000000,0x00000049f7100000] [id=18356]
  0x00000181d43b12d0 ConcurrentGCThread "G1 Refine#6" [stack: 0x00000049f7400000,0x00000049f7500000] [id=13288]
  0x00000181d43af050 ConcurrentGCThread "G1 Refine#7" [stack: 0x00000049f7500000,0x00000049f7600000] [id=18228]
  0x00000181b312ddb0 ConcurrentGCThread "G1 Service" [stack: 0x00000049f5c00000,0x00000049f5d00000] [id=17012]

Threads with active compile tasks:
C2 CompilerThread0  7712590 10734       4       org.gradle.internal.service.DefaultServiceRegistry$OwnServices::collectProvidersForClassHierarchy (82 bytes)
C2 CompilerThread1  7712590 10750   !   4       org.gradle.internal.service.DefaultServiceRegistry$ManagedObjectServiceProvider::getInstance (47 bytes)

VM state: not at safepoint (normal execution)

VM Mutex/Monitor currently owned by a thread: None

Heap address: 0x00000000e0000000, size: 512 MB, Compressed Oops mode: 32-bit

CDS archive(s) mapped at: [0x0000000800000000-0x0000000800bc0000-0x0000000800bc0000), size 12320768, SharedBaseAddress: 0x0000000800000000, ArchiveRelocationMode: 0.
Compressed class space mapped at: 0x0000000800c00000-0x000000080dc00000, reserved size: 218103808
Narrow klass base: 0x0000000800000000, Narrow klass shift: 0, Narrow klass range: 0x100000000

GC Precious Log:
 CPUs: 12 total, 12 available
 Memory: 15724M
 Large Page Support: Disabled
 NUMA Support: Disabled
 Compressed Oops: Enabled (32-bit)
 Heap Region Size: 1M
 Heap Min Capacity: 256M
 Heap Initial Capacity: 256M
 Heap Max Capacity: 512M
 Pre-touch: Disabled
 Parallel Workers: 10
 Concurrent Workers: 3
 Concurrent Refinement Workers: 10
 Periodic GC: Disabled

Heap:
 garbage-first heap   total 262144K, used 175373K [0x00000000e0000000, 0x0000000100000000)
  region size 1024K, 115 young (117760K), 19 survivors (19456K)
 Metaspace       used 65424K, committed 66176K, reserved 270336K
  class space    used 8794K, committed 9152K, reserved 212992K

Heap Regions: E=young(eden), S=young(survivor), O=old, HS=humongous(starts), HC=humongous(continues), CS=collection set, F=free, OA=open archive, CA=closed archive, TAMS=top-at-mark-start (previous, next)
|   0|0x00000000e0000000, 0x00000000e0100000, 0x00000000e0100000|100%| O|  |TAMS 0x00000000e0100000, 0x00000000e0000000| Untracked 
|   1|0x00000000e0100000, 0x00000000e0200000, 0x00000000e0200000|100%| O|  |TAMS 0x00000000e0200000, 0x00000000e0100000| Untracked 
|   2|0x00000000e0200000, 0x00000000e0300000, 0x00000000e0300000|100%| O|  |TAMS 0x00000000e0300000, 0x00000000e0200000| Untracked 
|   3|0x00000000e0300000, 0x00000000e0400000, 0x00000000e0400000|100%|HS|  |TAMS 0x00000000e0400000, 0x00000000e0300000| Complete 
|   4|0x00000000e0400000, 0x00000000e0500000, 0x00000000e0500000|100%|HC|  |TAMS 0x00000000e0500000, 0x00000000e0400000| Complete 
|   5|0x00000000e0500000, 0x00000000e0600000, 0x00000000e0600000|100%|HC|  |TAMS 0x00000000e0600000, 0x00000000e0500000| Complete 
|   6|0x00000000e0600000, 0x00000000e0700000, 0x00000000e0700000|100%| O|  |TAMS 0x00000000e0700000, 0x00000000e0600000| Untracked 
|   7|0x00000000e0700000, 0x00000000e0800000, 0x00000000e0800000|100%| O|  |TAMS 0x00000000e0800000, 0x00000000e0700000| Untracked 
|   8|0x00000000e0800000, 0x00000000e0900000, 0x00000000e0900000|100%| O|  |TAMS 0x00000000e0900000, 0x00000000e0800000| Untracked 
|   9|0x00000000e0900000, 0x00000000e0a00000, 0x00000000e0a00000|100%| O|  |TAMS 0x00000000e0a00000, 0x00000000e0900000| Untracked 
|  10|0x00000000e0a00000, 0x00000000e0b00000, 0x00000000e0b00000|100%| O|  |TAMS 0x00000000e0b00000, 0x00000000e0a00000| Untracked 
|  11|0x00000000e0b00000, 0x00000000e0c00000, 0x00000000e0c00000|100%| O|  |TAMS 0x00000000e0c00000, 0x00000000e0b00000| Untracked 
|  12|0x00000000e0c00000, 0x00000000e0d00000, 0x00000000e0d00000|100%| O|  |TAMS 0x00000000e0d00000, 0x00000000e0c00000| Untracked 
|  13|0x00000000e0d00000, 0x00000000e0e00000, 0x00000000e0e00000|100%| O|  |TAMS 0x00000000e0e00000, 0x00000000e0d00000| Untracked 
|  14|0x00000000e0e00000, 0x00000000e0f00000, 0x00000000e0f00000|100%| O|  |TAMS 0x00000000e0e00000, 0x00000000e0e00000| Untracked 
|  15|0x00000000e0f00000, 0x00000000e1000000, 0x00000000e1000000|100%|HS|  |TAMS 0x00000000e1000000, 0x00000000e0f00000| Complete 
|  16|0x00000000e1000000, 0x00000000e1100000, 0x00000000e1100000|100%| O|  |TAMS 0x00000000e1100000, 0x00000000e1000000| Untracked 
|  17|0x00000000e1100000, 0x00000000e1200000, 0x00000000e1200000|100%| O|  |TAMS 0x00000000e1200000, 0x00000000e1100000| Untracked 
|  18|0x00000000e1200000, 0x00000000e1300000, 0x00000000e1300000|100%| O|  |TAMS 0x00000000e1300000, 0x00000000e1200000| Untracked 
|  19|0x00000000e1300000, 0x00000000e1400000, 0x00000000e1400000|100%| O|  |TAMS 0x00000000e1400000, 0x00000000e1300000| Untracked 
|  20|0x00000000e1400000, 0x00000000e1500000, 0x00000000e1500000|100%| O|  |TAMS 0x00000000e1500000, 0x00000000e1400000| Untracked 
|  21|0x00000000e1500000, 0x00000000e1600000, 0x00000000e1600000|100%| O|  |TAMS 0x00000000e1600000, 0x00000000e1500000| Untracked 
|  22|0x00000000e1600000, 0x00000000e1700000, 0x00000000e1700000|100%| O|  |TAMS 0x00000000e1700000, 0x00000000e1600000| Untracked 
|  23|0x00000000e1700000, 0x00000000e1800000, 0x00000000e1800000|100%|HS|  |TAMS 0x00000000e1800000, 0x00000000e1700000| Complete 
|  24|0x00000000e1800000, 0x00000000e1900000, 0x00000000e1900000|100%|HC|  |TAMS 0x00000000e1900000, 0x00000000e1800000| Complete 
|  25|0x00000000e1900000, 0x00000000e1a00000, 0x00000000e1a00000|100%|HC|  |TAMS 0x00000000e1a00000, 0x00000000e1900000| Complete 
|  26|0x00000000e1a00000, 0x00000000e1b00000, 0x00000000e1b00000|100%| O|  |TAMS 0x00000000e1b00000, 0x00000000e1a00000| Untracked 
|  27|0x00000000e1b00000, 0x00000000e1c00000, 0x00000000e1c00000|100%| O|  |TAMS 0x00000000e1c00000, 0x00000000e1b00000| Untracked 
|  28|0x00000000e1c00000, 0x00000000e1d00000, 0x00000000e1d00000|100%| O|  |TAMS 0x00000000e1d00000, 0x00000000e1c00000| Untracked 
|  29|0x00000000e1d00000, 0x00000000e1e00000, 0x00000000e1e00000|100%| O|  |TAMS 0x00000000e1e00000, 0x00000000e1d00000| Untracked 
|  30|0x00000000e1e00000, 0x00000000e1f00000, 0x00000000e1f00000|100%| O|  |TAMS 0x00000000e1f00000, 0x00000000e1e00000| Untracked 
|  31|0x00000000e1f00000, 0x00000000e2000000, 0x00000000e2000000|100%| O|  |TAMS 0x00000000e1f00000, 0x00000000e1f00000| Untracked 
|  32|0x00000000e2000000, 0x00000000e2100000, 0x00000000e2100000|100%| O|  |TAMS 0x00000000e2000000, 0x00000000e2000000| Untracked 
|  33|0x00000000e2100000, 0x00000000e2200000, 0x00000000e2200000|100%| O|  |TAMS 0x00000000e2100000, 0x00000000e2100000| Untracked 
|  34|0x00000000e2200000, 0x00000000e2300000, 0x00000000e2300000|100%| O|  |TAMS 0x00000000e2200000, 0x00000000e2200000| Untracked 
|  35|0x00000000e2300000, 0x00000000e2400000, 0x00000000e2400000|100%| O|  |TAMS 0x00000000e2300000, 0x00000000e2300000| Untracked 
|  36|0x00000000e2400000, 0x00000000e2500000, 0x00000000e2500000|100%| O|  |TAMS 0x00000000e2400000, 0x00000000e2400000| Untracked 
|  37|0x00000000e2500000, 0x00000000e2600000, 0x00000000e2600000|100%| O|  |TAMS 0x00000000e2500000, 0x00000000e2500000| Untracked 
|  38|0x00000000e2600000, 0x00000000e2700000, 0x00000000e2700000|100%| O|  |TAMS 0x00000000e2600000, 0x00000000e2600000| Untracked 
|  39|0x00000000e2700000, 0x00000000e2800000, 0x00000000e2800000|100%| O|  |TAMS 0x00000000e2700000, 0x00000000e2700000| Untracked 
|  40|0x00000000e2800000, 0x00000000e2900000, 0x00000000e2900000|100%| O|  |TAMS 0x00000000e2800000, 0x00000000e2800000| Untracked 
|  41|0x00000000e2900000, 0x00000000e2a00000, 0x00000000e2a00000|100%| O|  |TAMS 0x00000000e2900000, 0x00000000e2900000| Untracked 
|  42|0x00000000e2a00000, 0x00000000e2b00000, 0x00000000e2b00000|100%| O|  |TAMS 0x00000000e2a00000, 0x00000000e2a00000| Untracked 
|  43|0x00000000e2b00000, 0x00000000e2c00000, 0x00000000e2c00000|100%| O|  |TAMS 0x00000000e2b00000, 0x00000000e2b00000| Untracked 
|  44|0x00000000e2c00000, 0x00000000e2d00000, 0x00000000e2d00000|100%| O|  |TAMS 0x00000000e2c00000, 0x00000000e2c00000| Untracked 
|  45|0x00000000e2d00000, 0x00000000e2e00000, 0x00000000e2e00000|100%| O|  |TAMS 0x00000000e2d00000, 0x00000000e2d00000| Untracked 
|  46|0x00000000e2e00000, 0x00000000e2f00000, 0x00000000e2f00000|100%| O|  |TAMS 0x00000000e2e00000, 0x00000000e2e00000| Untracked 
|  47|0x00000000e2f00000, 0x00000000e3000000, 0x00000000e3000000|100%| O|  |TAMS 0x00000000e2f00000, 0x00000000e2f00000| Untracked 
|  48|0x00000000e3000000, 0x00000000e3100000, 0x00000000e3100000|100%| O|  |TAMS 0x00000000e3000000, 0x00000000e3000000| Untracked 
|  49|0x00000000e3100000, 0x00000000e3200000, 0x00000000e3200000|100%| O|  |TAMS 0x00000000e3100000, 0x00000000e3100000| Untracked 
|  50|0x00000000e3200000, 0x00000000e3300000, 0x00000000e3300000|100%| O|  |TAMS 0x00000000e3200000, 0x00000000e3200000| Untracked 
|  51|0x00000000e3300000, 0x00000000e3400000, 0x00000000e3400000|100%| O|  |TAMS 0x00000000e3300000, 0x00000000e3300000| Untracked 
|  52|0x00000000e3400000, 0x00000000e3500000, 0x00000000e3500000|100%| O|  |TAMS 0x00000000e3400000, 0x00000000e3400000| Untracked 
|  53|0x00000000e3500000, 0x00000000e3600000, 0x00000000e3600000|100%| O|  |TAMS 0x00000000e3500000, 0x00000000e3500000| Untracked 
|  54|0x00000000e3600000, 0x00000000e3700000, 0x00000000e3700000|100%| O|  |TAMS 0x00000000e3600000, 0x00000000e3600000| Untracked 
|  55|0x00000000e3700000, 0x00000000e3800000, 0x00000000e3800000|100%| O|  |TAMS 0x00000000e3700000, 0x00000000e3700000| Untracked 
|  56|0x00000000e3800000, 0x00000000e3900000, 0x00000000e3900000|100%| O|  |TAMS 0x00000000e3800000, 0x00000000e3800000| Untracked 
|  57|0x00000000e3900000, 0x00000000e3943600, 0x00000000e3a00000| 26%| O|  |TAMS 0x00000000e3900000, 0x00000000e3900000| Untracked 
|  58|0x00000000e3a00000, 0x00000000e3a00000, 0x00000000e3b00000|  0%| F|  |TAMS 0x00000000e3a00000, 0x00000000e3a00000| Untracked 
|  59|0x00000000e3b00000, 0x00000000e3b00000, 0x00000000e3c00000|  0%| F|  |TAMS 0x00000000e3b00000, 0x00000000e3b00000| Untracked 
|  60|0x00000000e3c00000, 0x00000000e3c00000, 0x00000000e3d00000|  0%| F|  |TAMS 0x00000000e3c00000, 0x00000000e3c00000| Untracked 
|  61|0x00000000e3d00000, 0x00000000e3d00000, 0x00000000e3e00000|  0%| F|  |TAMS 0x00000000e3d00000, 0x00000000e3d00000| Untracked 
|  62|0x00000000e3e00000, 0x00000000e3e00000, 0x00000000e3f00000|  0%| F|  |TAMS 0x00000000e3e00000, 0x00000000e3e00000| Untracked 
|  63|0x00000000e3f00000, 0x00000000e3f00000, 0x00000000e4000000|  0%| F|  |TAMS 0x00000000e3f00000, 0x00000000e3f00000| Untracked 
|  64|0x00000000e4000000, 0x00000000e4000000, 0x00000000e4100000|  0%| F|  |TAMS 0x00000000e4000000, 0x00000000e4000000| Untracked 
|  65|0x00000000e4100000, 0x00000000e4100000, 0x00000000e4200000|  0%| F|  |TAMS 0x00000000e4100000, 0x00000000e4100000| Untracked 
|  66|0x00000000e4200000, 0x00000000e4200000, 0x00000000e4300000|  0%| F|  |TAMS 0x00000000e4200000, 0x00000000e4200000| Untracked 
|  67|0x00000000e4300000, 0x00000000e4300000, 0x00000000e4400000|  0%| F|  |TAMS 0x00000000e4300000, 0x00000000e4300000| Untracked 
|  68|0x00000000e4400000, 0x00000000e4400000, 0x00000000e4500000|  0%| F|  |TAMS 0x00000000e4400000, 0x00000000e4400000| Untracked 
|  69|0x00000000e4500000, 0x00000000e4500000, 0x00000000e4600000|  0%| F|  |TAMS 0x00000000e4500000, 0x00000000e4500000| Untracked 
|  70|0x00000000e4600000, 0x00000000e4600000, 0x00000000e4700000|  0%| F|  |TAMS 0x00000000e4600000, 0x00000000e4600000| Untracked 
|  71|0x00000000e4700000, 0x00000000e4700000, 0x00000000e4800000|  0%| F|  |TAMS 0x00000000e4700000, 0x00000000e4700000| Untracked 
|  72|0x00000000e4800000, 0x00000000e4800000, 0x00000000e4900000|  0%| F|  |TAMS 0x00000000e4800000, 0x00000000e4800000| Untracked 
|  73|0x00000000e4900000, 0x00000000e4900000, 0x00000000e4a00000|  0%| F|  |TAMS 0x00000000e4900000, 0x00000000e4900000| Untracked 
|  74|0x00000000e4a00000, 0x00000000e4a00000, 0x00000000e4b00000|  0%| F|  |TAMS 0x00000000e4a00000, 0x00000000e4a00000| Untracked 
|  75|0x00000000e4b00000, 0x00000000e4b00000, 0x00000000e4c00000|  0%| F|  |TAMS 0x00000000e4b00000, 0x00000000e4b00000| Untracked 
|  76|0x00000000e4c00000, 0x00000000e4c00000, 0x00000000e4d00000|  0%| F|  |TAMS 0x00000000e4c00000, 0x00000000e4c00000| Untracked 
|  77|0x00000000e4d00000, 0x00000000e4d00000, 0x00000000e4e00000|  0%| F|  |TAMS 0x00000000e4d00000, 0x00000000e4d00000| Untracked 
|  78|0x00000000e4e00000, 0x00000000e4e00000, 0x00000000e4f00000|  0%| F|  |TAMS 0x00000000e4e00000, 0x00000000e4e00000| Untracked 
|  79|0x00000000e4f00000, 0x00000000e4f00000, 0x00000000e5000000|  0%| F|  |TAMS 0x00000000e4f00000, 0x00000000e4f00000| Untracked 
|  80|0x00000000e5000000, 0x00000000e5000000, 0x00000000e5100000|  0%| F|  |TAMS 0x00000000e5000000, 0x00000000e5000000| Untracked 
|  81|0x00000000e5100000, 0x00000000e5100000, 0x00000000e5200000|  0%| F|  |TAMS 0x00000000e5100000, 0x00000000e5100000| Untracked 
|  82|0x00000000e5200000, 0x00000000e5200000, 0x00000000e5300000|  0%| F|  |TAMS 0x00000000e5200000, 0x00000000e5200000| Untracked 
|  83|0x00000000e5300000, 0x00000000e5300000, 0x00000000e5400000|  0%| F|  |TAMS 0x00000000e5300000, 0x00000000e5300000| Untracked 
|  84|0x00000000e5400000, 0x00000000e5400000, 0x00000000e5500000|  0%| F|  |TAMS 0x00000000e5400000, 0x00000000e5400000| Untracked 
|  85|0x00000000e5500000, 0x00000000e5500000, 0x00000000e5600000|  0%| F|  |TAMS 0x00000000e5500000, 0x00000000e5500000| Untracked 
|  86|0x00000000e5600000, 0x00000000e5600000, 0x00000000e5700000|  0%| F|  |TAMS 0x00000000e5600000, 0x00000000e5600000| Untracked 
|  87|0x00000000e5700000, 0x00000000e5700000, 0x00000000e5800000|  0%| F|  |TAMS 0x00000000e5700000, 0x00000000e5700000| Untracked 
|  88|0x00000000e5800000, 0x00000000e5800000, 0x00000000e5900000|  0%| F|  |TAMS 0x00000000e5800000, 0x00000000e5800000| Untracked 
|  89|0x00000000e5900000, 0x00000000e5900000, 0x00000000e5a00000|  0%| F|  |TAMS 0x00000000e5900000, 0x00000000e5900000| Untracked 
|  90|0x00000000e5a00000, 0x00000000e5b00000, 0x00000000e5b00000|100%| S|CS|TAMS 0x00000000e5a00000, 0x00000000e5a00000| Complete 
|  91|0x00000000e5b00000, 0x00000000e5c00000, 0x00000000e5c00000|100%| S|CS|TAMS 0x00000000e5b00000, 0x00000000e5b00000| Complete 
|  92|0x00000000e5c00000, 0x00000000e5d00000, 0x00000000e5d00000|100%| S|CS|TAMS 0x00000000e5c00000, 0x00000000e5c00000| Complete 
|  93|0x00000000e5d00000, 0x00000000e5e00000, 0x00000000e5e00000|100%| S|CS|TAMS 0x00000000e5d00000, 0x00000000e5d00000| Complete 
|  94|0x00000000e5e00000, 0x00000000e5f00000, 0x00000000e5f00000|100%| S|CS|TAMS 0x00000000e5e00000, 0x00000000e5e00000| Complete 
|  95|0x00000000e5f00000, 0x00000000e6000000, 0x00000000e6000000|100%| S|CS|TAMS 0x00000000e5f00000, 0x00000000e5f00000| Complete 
|  96|0x00000000e6000000, 0x00000000e6100000, 0x00000000e6100000|100%| S|CS|TAMS 0x00000000e6000000, 0x00000000e6000000| Complete 
|  97|0x00000000e6100000, 0x00000000e6200000, 0x00000000e6200000|100%| S|CS|TAMS 0x00000000e6100000, 0x00000000e6100000| Complete 
|  98|0x00000000e6200000, 0x00000000e6300000, 0x00000000e6300000|100%| S|CS|TAMS 0x00000000e6200000, 0x00000000e6200000| Complete 
|  99|0x00000000e6300000, 0x00000000e6400000, 0x00000000e6400000|100%| S|CS|TAMS 0x00000000e6300000, 0x00000000e6300000| Complete 
| 100|0x00000000e6400000, 0x00000000e6500000, 0x00000000e6500000|100%| S|CS|TAMS 0x00000000e6400000, 0x00000000e6400000| Complete 
| 101|0x00000000e6500000, 0x00000000e6600000, 0x00000000e6600000|100%| S|CS|TAMS 0x00000000e6500000, 0x00000000e6500000| Complete 
| 102|0x00000000e6600000, 0x00000000e6700000, 0x00000000e6700000|100%| S|CS|TAMS 0x00000000e6600000, 0x00000000e6600000| Complete 
| 103|0x00000000e6700000, 0x00000000e6800000, 0x00000000e6800000|100%| S|CS|TAMS 0x00000000e6700000, 0x00000000e6700000| Complete 
| 104|0x00000000e6800000, 0x00000000e6900000, 0x00000000e6900000|100%| S|CS|TAMS 0x00000000e6800000, 0x00000000e6800000| Complete 
| 105|0x00000000e6900000, 0x00000000e6a00000, 0x00000000e6a00000|100%| S|CS|TAMS 0x00000000e6900000, 0x00000000e6900000| Complete 
| 106|0x00000000e6a00000, 0x00000000e6b00000, 0x00000000e6b00000|100%| S|CS|TAMS 0x00000000e6a00000, 0x00000000e6a00000| Complete 
| 107|0x00000000e6b00000, 0x00000000e6c00000, 0x00000000e6c00000|100%| S|CS|TAMS 0x00000000e6b00000, 0x00000000e6b00000| Complete 
| 108|0x00000000e6c00000, 0x00000000e6d00000, 0x00000000e6d00000|100%| S|CS|TAMS 0x00000000e6c00000, 0x00000000e6c00000| Complete 
| 109|0x00000000e6d00000, 0x00000000e6d00000, 0x00000000e6e00000|  0%| F|  |TAMS 0x00000000e6d00000, 0x00000000e6d00000| Untracked 
| 110|0x00000000e6e00000, 0x00000000e6e00000, 0x00000000e6f00000|  0%| F|  |TAMS 0x00000000e6e00000, 0x00000000e6e00000| Untracked 
| 111|0x00000000e6f00000, 0x00000000e6f00000, 0x00000000e7000000|  0%| F|  |TAMS 0x00000000e6f00000, 0x00000000e6f00000| Untracked 
| 112|0x00000000e7000000, 0x00000000e7000000, 0x00000000e7100000|  0%| F|  |TAMS 0x00000000e7000000, 0x00000000e7000000| Untracked 
| 113|0x00000000e7100000, 0x00000000e7100000, 0x00000000e7200000|  0%| F|  |TAMS 0x00000000e7100000, 0x00000000e7100000| Untracked 
| 114|0x00000000e7200000, 0x00000000e7200000, 0x00000000e7300000|  0%| F|  |TAMS 0x00000000e7200000, 0x00000000e7200000| Untracked 
| 115|0x00000000e7300000, 0x00000000e7300000, 0x00000000e7400000|  0%| F|  |TAMS 0x00000000e7300000, 0x00000000e7300000| Untracked 
| 116|0x00000000e7400000, 0x00000000e7400000, 0x00000000e7500000|  0%| F|  |TAMS 0x00000000e7400000, 0x00000000e7400000| Untracked 
| 117|0x00000000e7500000, 0x00000000e7500000, 0x00000000e7600000|  0%| F|  |TAMS 0x00000000e7500000, 0x00000000e7500000| Untracked 
| 118|0x00000000e7600000, 0x00000000e7600000, 0x00000000e7700000|  0%| F|  |TAMS 0x00000000e7600000, 0x00000000e7600000| Untracked 
| 119|0x00000000e7700000, 0x00000000e7700000, 0x00000000e7800000|  0%| F|  |TAMS 0x00000000e7700000, 0x00000000e7700000| Untracked 
| 120|0x00000000e7800000, 0x00000000e7800000, 0x00000000e7900000|  0%| F|  |TAMS 0x00000000e7800000, 0x00000000e7800000| Untracked 
| 121|0x00000000e7900000, 0x00000000e7900000, 0x00000000e7a00000|  0%| F|  |TAMS 0x00000000e7900000, 0x00000000e7900000| Untracked 
| 122|0x00000000e7a00000, 0x00000000e7a00000, 0x00000000e7b00000|  0%| F|  |TAMS 0x00000000e7a00000, 0x00000000e7a00000| Untracked 
| 123|0x00000000e7b00000, 0x00000000e7b00000, 0x00000000e7c00000|  0%| F|  |TAMS 0x00000000e7b00000, 0x00000000e7b00000| Untracked 
| 124|0x00000000e7c00000, 0x00000000e7c00000, 0x00000000e7d00000|  0%| F|  |TAMS 0x00000000e7c00000, 0x00000000e7c00000| Untracked 
| 125|0x00000000e7d00000, 0x00000000e7d00000, 0x00000000e7e00000|  0%| F|  |TAMS 0x00000000e7d00000, 0x00000000e7d00000| Untracked 
| 126|0x00000000e7e00000, 0x00000000e7e00000, 0x00000000e7f00000|  0%| F|  |TAMS 0x00000000e7e00000, 0x00000000e7e00000| Untracked 
| 127|0x00000000e7f00000, 0x00000000e7f00000, 0x00000000e8000000|  0%| F|  |TAMS 0x00000000e7f00000, 0x00000000e7f00000| Untracked 
| 128|0x00000000e8000000, 0x00000000e8000000, 0x00000000e8100000|  0%| F|  |TAMS 0x00000000e8000000, 0x00000000e8000000| Untracked 
| 129|0x00000000e8100000, 0x00000000e8100000, 0x00000000e8200000|  0%| F|  |TAMS 0x00000000e8100000, 0x00000000e8100000| Untracked 
| 130|0x00000000e8200000, 0x00000000e8200000, 0x00000000e8300000|  0%| F|  |TAMS 0x00000000e8200000, 0x00000000e8200000| Untracked 
| 131|0x00000000e8300000, 0x00000000e8300000, 0x00000000e8400000|  0%| F|  |TAMS 0x00000000e8300000, 0x00000000e8300000| Untracked 
| 132|0x00000000e8400000, 0x00000000e8400000, 0x00000000e8500000|  0%| F|  |TAMS 0x00000000e8400000, 0x00000000e8400000| Untracked 
| 133|0x00000000e8500000, 0x00000000e8500000, 0x00000000e8600000|  0%| F|  |TAMS 0x00000000e8500000, 0x00000000e8500000| Untracked 
| 134|0x00000000e8600000, 0x00000000e8600000, 0x00000000e8700000|  0%| F|  |TAMS 0x00000000e8600000, 0x00000000e8600000| Untracked 
| 135|0x00000000e8700000, 0x00000000e8700000, 0x00000000e8800000|  0%| F|  |TAMS 0x00000000e8700000, 0x00000000e8700000| Untracked 
| 136|0x00000000e8800000, 0x00000000e8800000, 0x00000000e8900000|  0%| F|  |TAMS 0x00000000e8800000, 0x00000000e8800000| Untracked 
| 137|0x00000000e8900000, 0x00000000e8900000, 0x00000000e8a00000|  0%| F|  |TAMS 0x00000000e8900000, 0x00000000e8900000| Untracked 
| 138|0x00000000e8a00000, 0x00000000e8a00000, 0x00000000e8b00000|  0%| F|  |TAMS 0x00000000e8a00000, 0x00000000e8a00000| Untracked 
| 139|0x00000000e8b00000, 0x00000000e8b00000, 0x00000000e8c00000|  0%| F|  |TAMS 0x00000000e8b00000, 0x00000000e8b00000| Untracked 
| 140|0x00000000e8c00000, 0x00000000e8c00000, 0x00000000e8d00000|  0%| F|  |TAMS 0x00000000e8c00000, 0x00000000e8c00000| Untracked 
| 141|0x00000000e8d00000, 0x00000000e8d00000, 0x00000000e8e00000|  0%| F|  |TAMS 0x00000000e8d00000, 0x00000000e8d00000| Untracked 
| 142|0x00000000e8e00000, 0x00000000e8e00000, 0x00000000e8f00000|  0%| F|  |TAMS 0x00000000e8e00000, 0x00000000e8e00000| Untracked 
| 143|0x00000000e8f00000, 0x00000000e8f00000, 0x00000000e9000000|  0%| F|  |TAMS 0x00000000e8f00000, 0x00000000e8f00000| Untracked 
| 144|0x00000000e9000000, 0x00000000e9000000, 0x00000000e9100000|  0%| F|  |TAMS 0x00000000e9000000, 0x00000000e9000000| Untracked 
| 145|0x00000000e9100000, 0x00000000e9100000, 0x00000000e9200000|  0%| F|  |TAMS 0x00000000e9100000, 0x00000000e9100000| Untracked 
| 146|0x00000000e9200000, 0x00000000e9200000, 0x00000000e9300000|  0%| F|  |TAMS 0x00000000e9200000, 0x00000000e9200000| Untracked 
| 147|0x00000000e9300000, 0x00000000e9300000, 0x00000000e9400000|  0%| F|  |TAMS 0x00000000e9300000, 0x00000000e9300000| Untracked 
| 148|0x00000000e9400000, 0x00000000e9400000, 0x00000000e9500000|  0%| F|  |TAMS 0x00000000e9400000, 0x00000000e9400000| Untracked 
| 149|0x00000000e9500000, 0x00000000e9500000, 0x00000000e9600000|  0%| F|  |TAMS 0x00000000e9500000, 0x00000000e9500000| Untracked 
| 150|0x00000000e9600000, 0x00000000e9600000, 0x00000000e9700000|  0%| F|  |TAMS 0x00000000e9600000, 0x00000000e9600000| Untracked 
| 151|0x00000000e9700000, 0x00000000e9700000, 0x00000000e9800000|  0%| F|  |TAMS 0x00000000e9700000, 0x00000000e9700000| Untracked 
| 152|0x00000000e9800000, 0x00000000e9800000, 0x00000000e9900000|  0%| F|  |TAMS 0x00000000e9800000, 0x00000000e9800000| Untracked 
| 153|0x00000000e9900000, 0x00000000e9900000, 0x00000000e9a00000|  0%| F|  |TAMS 0x00000000e9900000, 0x00000000e9900000| Untracked 
| 154|0x00000000e9a00000, 0x00000000e9a00000, 0x00000000e9b00000|  0%| F|  |TAMS 0x00000000e9a00000, 0x00000000e9a00000| Untracked 
| 155|0x00000000e9b00000, 0x00000000e9b00000, 0x00000000e9c00000|  0%| F|  |TAMS 0x00000000e9b00000, 0x00000000e9b00000| Untracked 
| 156|0x00000000e9c00000, 0x00000000e9c00000, 0x00000000e9d00000|  0%| F|  |TAMS 0x00000000e9c00000, 0x00000000e9c00000| Untracked 
| 157|0x00000000e9d00000, 0x00000000e9d00000, 0x00000000e9e00000|  0%| F|  |TAMS 0x00000000e9d00000, 0x00000000e9d00000| Untracked 
| 158|0x00000000e9e00000, 0x00000000e9e00000, 0x00000000e9f00000|  0%| F|  |TAMS 0x00000000e9e00000, 0x00000000e9e00000| Untracked 
| 159|0x00000000e9f00000, 0x00000000e9f00000, 0x00000000ea000000|  0%| F|  |TAMS 0x00000000e9f00000, 0x00000000e9f00000| Untracked 
| 160|0x00000000ea000000, 0x00000000ea0d6670, 0x00000000ea100000| 83%| E|  |TAMS 0x00000000ea000000, 0x00000000ea000000| Complete 
| 161|0x00000000ea100000, 0x00000000ea200000, 0x00000000ea200000|100%| E|CS|TAMS 0x00000000ea100000, 0x00000000ea100000| Complete 
| 162|0x00000000ea200000, 0x00000000ea300000, 0x00000000ea300000|100%| E|CS|TAMS 0x00000000ea200000, 0x00000000ea200000| Complete 
| 163|0x00000000ea300000, 0x00000000ea400000, 0x00000000ea400000|100%| E|CS|TAMS 0x00000000ea300000, 0x00000000ea300000| Complete 
| 164|0x00000000ea400000, 0x00000000ea500000, 0x00000000ea500000|100%| E|CS|TAMS 0x00000000ea400000, 0x00000000ea400000| Complete 
| 165|0x00000000ea500000, 0x00000000ea600000, 0x00000000ea600000|100%| E|CS|TAMS 0x00000000ea500000, 0x00000000ea500000| Complete 
| 166|0x00000000ea600000, 0x00000000ea700000, 0x00000000ea700000|100%| E|CS|TAMS 0x00000000ea600000, 0x00000000ea600000| Complete 
| 167|0x00000000ea700000, 0x00000000ea800000, 0x00000000ea800000|100%| E|CS|TAMS 0x00000000ea700000, 0x00000000ea700000| Complete 
| 168|0x00000000ea800000, 0x00000000ea900000, 0x00000000ea900000|100%| E|CS|TAMS 0x00000000ea800000, 0x00000000ea800000| Complete 
| 169|0x00000000ea900000, 0x00000000eaa00000, 0x00000000eaa00000|100%| E|CS|TAMS 0x00000000ea900000, 0x00000000ea900000| Complete 
| 170|0x00000000eaa00000, 0x00000000eab00000, 0x00000000eab00000|100%| E|CS|TAMS 0x00000000eaa00000, 0x00000000eaa00000| Complete 
| 171|0x00000000eab00000, 0x00000000eac00000, 0x00000000eac00000|100%| E|CS|TAMS 0x00000000eab00000, 0x00000000eab00000| Complete 
| 172|0x00000000eac00000, 0x00000000ead00000, 0x00000000ead00000|100%| E|CS|TAMS 0x00000000eac00000, 0x00000000eac00000| Complete 
| 173|0x00000000ead00000, 0x00000000eae00000, 0x00000000eae00000|100%| E|CS|TAMS 0x00000000ead00000, 0x00000000ead00000| Complete 
| 174|0x00000000eae00000, 0x00000000eaf00000, 0x00000000eaf00000|100%| E|CS|TAMS 0x00000000eae00000, 0x00000000eae00000| Complete 
| 175|0x00000000eaf00000, 0x00000000eb000000, 0x00000000eb000000|100%| E|CS|TAMS 0x00000000eaf00000, 0x00000000eaf00000| Complete 
| 176|0x00000000eb000000, 0x00000000eb100000, 0x00000000eb100000|100%| E|CS|TAMS 0x00000000eb000000, 0x00000000eb000000| Complete 
| 177|0x00000000eb100000, 0x00000000eb200000, 0x00000000eb200000|100%| E|CS|TAMS 0x00000000eb100000, 0x00000000eb100000| Complete 
| 178|0x00000000eb200000, 0x00000000eb300000, 0x00000000eb300000|100%| E|CS|TAMS 0x00000000eb200000, 0x00000000eb200000| Complete 
| 179|0x00000000eb300000, 0x00000000eb400000, 0x00000000eb400000|100%| E|CS|TAMS 0x00000000eb300000, 0x00000000eb300000| Complete 
| 180|0x00000000eb400000, 0x00000000eb500000, 0x00000000eb500000|100%| E|CS|TAMS 0x00000000eb400000, 0x00000000eb400000| Complete 
| 181|0x00000000eb500000, 0x00000000eb600000, 0x00000000eb600000|100%| E|CS|TAMS 0x00000000eb500000, 0x00000000eb500000| Complete 
| 182|0x00000000eb600000, 0x00000000eb700000, 0x00000000eb700000|100%| E|CS|TAMS 0x00000000eb600000, 0x00000000eb600000| Complete 
| 183|0x00000000eb700000, 0x00000000eb800000, 0x00000000eb800000|100%| E|CS|TAMS 0x00000000eb700000, 0x00000000eb700000| Complete 
| 184|0x00000000eb800000, 0x00000000eb900000, 0x00000000eb900000|100%| E|CS|TAMS 0x00000000eb800000, 0x00000000eb800000| Complete 
| 185|0x00000000eb900000, 0x00000000eba00000, 0x00000000eba00000|100%| E|CS|TAMS 0x00000000eb900000, 0x00000000eb900000| Complete 
| 186|0x00000000eba00000, 0x00000000ebb00000, 0x00000000ebb00000|100%| E|CS|TAMS 0x00000000eba00000, 0x00000000eba00000| Complete 
| 187|0x00000000ebb00000, 0x00000000ebc00000, 0x00000000ebc00000|100%| E|CS|TAMS 0x00000000ebb00000, 0x00000000ebb00000| Complete 
| 188|0x00000000ebc00000, 0x00000000ebd00000, 0x00000000ebd00000|100%| E|CS|TAMS 0x00000000ebc00000, 0x00000000ebc00000| Complete 
| 189|0x00000000ebd00000, 0x00000000ebe00000, 0x00000000ebe00000|100%| E|CS|TAMS 0x00000000ebd00000, 0x00000000ebd00000| Complete 
| 190|0x00000000ebe00000, 0x00000000ebf00000, 0x00000000ebf00000|100%| E|CS|TAMS 0x00000000ebe00000, 0x00000000ebe00000| Complete 
| 191|0x00000000ebf00000, 0x00000000ec000000, 0x00000000ec000000|100%| E|CS|TAMS 0x00000000ebf00000, 0x00000000ebf00000| Complete 
| 192|0x00000000ec000000, 0x00000000ec100000, 0x00000000ec100000|100%| E|CS|TAMS 0x00000000ec000000, 0x00000000ec000000| Complete 
| 193|0x00000000ec100000, 0x00000000ec200000, 0x00000000ec200000|100%| E|CS|TAMS 0x00000000ec100000, 0x00000000ec100000| Complete 
| 194|0x00000000ec200000, 0x00000000ec300000, 0x00000000ec300000|100%| E|CS|TAMS 0x00000000ec200000, 0x00000000ec200000| Complete 
| 195|0x00000000ec300000, 0x00000000ec400000, 0x00000000ec400000|100%| E|CS|TAMS 0x00000000ec300000, 0x00000000ec300000| Complete 
| 196|0x00000000ec400000, 0x00000000ec500000, 0x00000000ec500000|100%| E|CS|TAMS 0x00000000ec400000, 0x00000000ec400000| Complete 
| 197|0x00000000ec500000, 0x00000000ec600000, 0x00000000ec600000|100%| E|CS|TAMS 0x00000000ec500000, 0x00000000ec500000| Complete 
| 198|0x00000000ec600000, 0x00000000ec700000, 0x00000000ec700000|100%| E|CS|TAMS 0x00000000ec600000, 0x00000000ec600000| Complete 
| 199|0x00000000ec700000, 0x00000000ec800000, 0x00000000ec800000|100%| E|CS|TAMS 0x00000000ec700000, 0x00000000ec700000| Complete 
| 200|0x00000000ec800000, 0x00000000ec900000, 0x00000000ec900000|100%| E|CS|TAMS 0x00000000ec800000, 0x00000000ec800000| Complete 
| 201|0x00000000ec900000, 0x00000000eca00000, 0x00000000eca00000|100%| E|CS|TAMS 0x00000000ec900000, 0x00000000ec900000| Complete 
| 202|0x00000000eca00000, 0x00000000ecb00000, 0x00000000ecb00000|100%| E|CS|TAMS 0x00000000eca00000, 0x00000000eca00000| Complete 
| 203|0x00000000ecb00000, 0x00000000ecc00000, 0x00000000ecc00000|100%| E|CS|TAMS 0x00000000ecb00000, 0x00000000ecb00000| Complete 
| 204|0x00000000ecc00000, 0x00000000ecd00000, 0x00000000ecd00000|100%| E|CS|TAMS 0x00000000ecc00000, 0x00000000ecc00000| Complete 
| 205|0x00000000ecd00000, 0x00000000ece00000, 0x00000000ece00000|100%| E|CS|TAMS 0x00000000ecd00000, 0x00000000ecd00000| Complete 
| 206|0x00000000ece00000, 0x00000000ecf00000, 0x00000000ecf00000|100%| E|CS|TAMS 0x00000000ece00000, 0x00000000ece00000| Complete 
| 207|0x00000000ecf00000, 0x00000000ed000000, 0x00000000ed000000|100%| E|CS|TAMS 0x00000000ecf00000, 0x00000000ecf00000| Complete 
| 208|0x00000000ed000000, 0x00000000ed100000, 0x00000000ed100000|100%| E|CS|TAMS 0x00000000ed000000, 0x00000000ed000000| Complete 
| 209|0x00000000ed100000, 0x00000000ed200000, 0x00000000ed200000|100%| E|CS|TAMS 0x00000000ed100000, 0x00000000ed100000| Complete 
| 210|0x00000000ed200000, 0x00000000ed300000, 0x00000000ed300000|100%| E|CS|TAMS 0x00000000ed200000, 0x00000000ed200000| Complete 
| 211|0x00000000ed300000, 0x00000000ed400000, 0x00000000ed400000|100%| E|CS|TAMS 0x00000000ed300000, 0x00000000ed300000| Complete 
| 212|0x00000000ed400000, 0x00000000ed500000, 0x00000000ed500000|100%| E|CS|TAMS 0x00000000ed400000, 0x00000000ed400000| Complete 
| 213|0x00000000ed500000, 0x00000000ed600000, 0x00000000ed600000|100%| E|CS|TAMS 0x00000000ed500000, 0x00000000ed500000| Complete 
| 214|0x00000000ed600000, 0x00000000ed700000, 0x00000000ed700000|100%| E|CS|TAMS 0x00000000ed600000, 0x00000000ed600000| Complete 
| 215|0x00000000ed700000, 0x00000000ed800000, 0x00000000ed800000|100%| E|CS|TAMS 0x00000000ed700000, 0x00000000ed700000| Complete 
| 216|0x00000000ed800000, 0x00000000ed900000, 0x00000000ed900000|100%| E|CS|TAMS 0x00000000ed800000, 0x00000000ed800000| Complete 
| 217|0x00000000ed900000, 0x00000000eda00000, 0x00000000eda00000|100%| E|CS|TAMS 0x00000000ed900000, 0x00000000ed900000| Complete 
| 218|0x00000000eda00000, 0x00000000edb00000, 0x00000000edb00000|100%| E|CS|TAMS 0x00000000eda00000, 0x00000000eda00000| Complete 
| 219|0x00000000edb00000, 0x00000000edc00000, 0x00000000edc00000|100%| E|CS|TAMS 0x00000000edb00000, 0x00000000edb00000| Complete 
| 220|0x00000000edc00000, 0x00000000edd00000, 0x00000000edd00000|100%| E|CS|TAMS 0x00000000edc00000, 0x00000000edc00000| Complete 
| 221|0x00000000edd00000, 0x00000000ede00000, 0x00000000ede00000|100%| E|CS|TAMS 0x00000000edd00000, 0x00000000edd00000| Complete 
| 222|0x00000000ede00000, 0x00000000edf00000, 0x00000000edf00000|100%| E|CS|TAMS 0x00000000ede00000, 0x00000000ede00000| Complete 
| 223|0x00000000edf00000, 0x00000000ee000000, 0x00000000ee000000|100%| E|CS|TAMS 0x00000000edf00000, 0x00000000edf00000| Complete 
| 224|0x00000000ee000000, 0x00000000ee100000, 0x00000000ee100000|100%| E|CS|TAMS 0x00000000ee000000, 0x00000000ee000000| Complete 
| 225|0x00000000ee100000, 0x00000000ee200000, 0x00000000ee200000|100%| E|CS|TAMS 0x00000000ee100000, 0x00000000ee100000| Complete 
| 226|0x00000000ee200000, 0x00000000ee300000, 0x00000000ee300000|100%| E|CS|TAMS 0x00000000ee200000, 0x00000000ee200000| Complete 
| 227|0x00000000ee300000, 0x00000000ee400000, 0x00000000ee400000|100%| E|CS|TAMS 0x00000000ee300000, 0x00000000ee300000| Complete 
| 228|0x00000000ee400000, 0x00000000ee500000, 0x00000000ee500000|100%| E|CS|TAMS 0x00000000ee400000, 0x00000000ee400000| Complete 
| 229|0x00000000ee500000, 0x00000000ee600000, 0x00000000ee600000|100%| E|CS|TAMS 0x00000000ee500000, 0x00000000ee500000| Complete 
| 230|0x00000000ee600000, 0x00000000ee700000, 0x00000000ee700000|100%| E|CS|TAMS 0x00000000ee600000, 0x00000000ee600000| Complete 
| 231|0x00000000ee700000, 0x00000000ee800000, 0x00000000ee800000|100%| E|CS|TAMS 0x00000000ee700000, 0x00000000ee700000| Complete 
| 232|0x00000000ee800000, 0x00000000ee900000, 0x00000000ee900000|100%| E|CS|TAMS 0x00000000ee800000, 0x00000000ee800000| Complete 
| 233|0x00000000ee900000, 0x00000000eea00000, 0x00000000eea00000|100%| E|CS|TAMS 0x00000000ee900000, 0x00000000ee900000| Complete 
| 234|0x00000000eea00000, 0x00000000eeb00000, 0x00000000eeb00000|100%| E|CS|TAMS 0x00000000eea00000, 0x00000000eea00000| Complete 
| 235|0x00000000eeb00000, 0x00000000eec00000, 0x00000000eec00000|100%| E|CS|TAMS 0x00000000eeb00000, 0x00000000eeb00000| Complete 
| 236|0x00000000eec00000, 0x00000000eed00000, 0x00000000eed00000|100%| E|CS|TAMS 0x00000000eec00000, 0x00000000eec00000| Complete 
| 237|0x00000000eed00000, 0x00000000eee00000, 0x00000000eee00000|100%| E|CS|TAMS 0x00000000eed00000, 0x00000000eed00000| Complete 
| 238|0x00000000eee00000, 0x00000000eef00000, 0x00000000eef00000|100%| E|CS|TAMS 0x00000000eee00000, 0x00000000eee00000| Complete 
| 239|0x00000000eef00000, 0x00000000ef000000, 0x00000000ef000000|100%| E|CS|TAMS 0x00000000eef00000, 0x00000000eef00000| Complete 
| 240|0x00000000ef000000, 0x00000000ef100000, 0x00000000ef100000|100%| E|CS|TAMS 0x00000000ef000000, 0x00000000ef000000| Complete 
| 241|0x00000000ef100000, 0x00000000ef200000, 0x00000000ef200000|100%| E|CS|TAMS 0x00000000ef100000, 0x00000000ef100000| Complete 
| 242|0x00000000ef200000, 0x00000000ef300000, 0x00000000ef300000|100%| E|CS|TAMS 0x00000000ef200000, 0x00000000ef200000| Complete 
| 243|0x00000000ef300000, 0x00000000ef400000, 0x00000000ef400000|100%| E|CS|TAMS 0x00000000ef300000, 0x00000000ef300000| Complete 
| 244|0x00000000ef400000, 0x00000000ef500000, 0x00000000ef500000|100%| E|CS|TAMS 0x00000000ef400000, 0x00000000ef400000| Complete 
| 245|0x00000000ef500000, 0x00000000ef600000, 0x00000000ef600000|100%| E|CS|TAMS 0x00000000ef500000, 0x00000000ef500000| Complete 
| 246|0x00000000ef600000, 0x00000000ef700000, 0x00000000ef700000|100%| E|CS|TAMS 0x00000000ef600000, 0x00000000ef600000| Complete 
| 247|0x00000000ef700000, 0x00000000ef800000, 0x00000000ef800000|100%| E|CS|TAMS 0x00000000ef700000, 0x00000000ef700000| Complete 
| 248|0x00000000ef800000, 0x00000000ef900000, 0x00000000ef900000|100%| E|CS|TAMS 0x00000000ef800000, 0x00000000ef800000| Complete 
| 249|0x00000000ef900000, 0x00000000efa00000, 0x00000000efa00000|100%| E|CS|TAMS 0x00000000ef900000, 0x00000000ef900000| Complete 
| 250|0x00000000efa00000, 0x00000000efb00000, 0x00000000efb00000|100%| E|CS|TAMS 0x00000000efa00000, 0x00000000efa00000| Complete 
| 251|0x00000000efb00000, 0x00000000efc00000, 0x00000000efc00000|100%| E|CS|TAMS 0x00000000efb00000, 0x00000000efb00000| Complete 
| 252|0x00000000efc00000, 0x00000000efd00000, 0x00000000efd00000|100%| E|CS|TAMS 0x00000000efc00000, 0x00000000efc00000| Complete 
| 253|0x00000000efd00000, 0x00000000efe00000, 0x00000000efe00000|100%| E|CS|TAMS 0x00000000efd00000, 0x00000000efd00000| Complete 
| 254|0x00000000efe00000, 0x00000000eff00000, 0x00000000eff00000|100%| E|CS|TAMS 0x00000000efe00000, 0x00000000efe00000| Complete 
| 255|0x00000000eff00000, 0x00000000f0000000, 0x00000000f0000000|100%| E|CS|TAMS 0x00000000eff00000, 0x00000000eff00000| Complete 

Card table byte_map: [0x00000181ca170000,0x00000181ca270000] _byte_map_base: 0x00000181c9a70000

Marking Bits (Prev, Next): (CMBitMap*) 0x00000181b307d590, (CMBitMap*) 0x00000181b307d550
 Prev Bits: [0x00000181cab70000, 0x00000181cb370000)
 Next Bits: [0x00000181ca370000, 0x00000181cab70000)

Polling page: 0x00000181b0fd0000

Metaspace:

Usage:
  Non-class:     55.30 MB used.
      Class:      8.59 MB used.
       Both:     63.89 MB used.

Virtual space:
  Non-class space:       56.00 MB reserved,      55.69 MB (>99%) committed,  7 nodes.
      Class space:      208.00 MB reserved,       8.94 MB (  4%) committed,  1 nodes.
             Both:      264.00 MB reserved,      64.62 MB ( 24%) committed. 

Chunk freelists:
   Non-Class:  356.00 KB
       Class:  2.93 MB
        Both:  3.28 MB

MaxMetaspaceSize: 256.00 MB
CompressedClassSpaceSize: 208.00 MB
Initial GC threshold: 21.00 MB
Current GC threshold: 98.25 MB
CDS: on
MetaspaceReclaimPolicy: balanced
 - commit_granule_bytes: 65536.
 - commit_granule_words: 8192.
 - virtual_space_node_default_size: 1048576.
 - enlarge_chunks_in_place: 1.
 - new_chunks_are_fully_committed: 0.
 - uncommit_free_chunks: 1.
 - use_allocation_guard: 0.
 - handle_deallocations: 1.


Internal statistics:

num_allocs_failed_limit: 9.
num_arena_births: 1084.
num_arena_deaths: 140.
num_vsnodes_births: 8.
num_vsnodes_deaths: 0.
num_space_committed: 1034.
num_space_uncommitted: 0.
num_chunks_returned_to_freelist: 184.
num_chunks_taken_from_freelist: 3650.
num_chunk_merges: 79.
num_chunk_splits: 2242.
num_chunks_enlarged: 1298.
num_purges: 4.
num_inconsistent_stats: 0.

CodeHeap 'non-profiled nmethods': size=120000Kb used=5991Kb max_used=5991Kb free=114008Kb
 bounds [0x00000181c25f0000, 0x00000181c2bd0000, 0x00000181c9b20000]
CodeHeap 'profiled nmethods': size=120000Kb used=18038Kb max_used=18632Kb free=101961Kb
 bounds [0x00000181bb0c0000, 0x00000181bc300000, 0x00000181c25f0000]
CodeHeap 'non-nmethods': size=5760Kb used=2397Kb max_used=2467Kb free=3362Kb
 bounds [0x00000181bab20000, 0x00000181bada0000, 0x00000181bb0c0000]
 total_blobs=9950 nmethods=9024 adapters=838
 compilation: enabled
              stopped_count=0, restarted_count=0
 full_count=0

Compilation events (20 events):
Event: 7712.536 Thread 0x00000181d47c0890 10736       4       org.gradle.internal.service.DefaultServiceRegistry$SingletonService::getAll (23 bytes)
Event: 7712.536 Thread 0x00000181cdfc2f70 nmethod 10746 0x00000181bbbf3d10 code [0x00000181bbbf3f60, 0x00000181bbbf4aa8]
Event: 7712.537 Thread 0x00000181cdfc2f70 10748       3       java.nio.DirectByteBuffer::compact (5 bytes)
Event: 7712.537 Thread 0x00000181cdfc2f70 nmethod 10748 0x00000181bbd23490 code [0x00000181bbd23640, 0x00000181bbd23808]
Event: 7712.537 Thread 0x00000181cdfc2f70 10749   !   3       java.nio.DirectByteBuffer::compact (106 bytes)
Event: 7712.538 Thread 0x00000181cdfc2f70 nmethod 10749 0x00000181bbc8c010 code [0x00000181bbc8c2c0, 0x00000181bbc8cf38]
Event: 7712.540 Thread 0x00000181d47c0890 nmethod 10736 0x00000181c2bc8790 code [0x00000181c2bc8940, 0x00000181c2bc8f78]
Event: 7712.540 Thread 0x00000181d47c0890 10750   !   4       org.gradle.internal.service.DefaultServiceRegistry$ManagedObjectServiceProvider::getInstance (47 bytes)
Event: 7712.552 Thread 0x00000181cdfc2f70 10751       3       org.gradle.api.internal.artifacts.repositories.resolver.AbstractResourcePattern::isOptionalToken (153 bytes)
Event: 7712.553 Thread 0x00000181cdfc2f70 nmethod 10751 0x00000181bb0de790 code [0x00000181bb0dea80, 0x00000181bb0dfac8]
Event: 7712.561 Thread 0x00000181cdfc2f70 10752       1       java.util.stream.Streams$RangeIntSpliterator::characteristics (4 bytes)
Event: 7712.561 Thread 0x00000181cdfc2f70 nmethod 10752 0x00000181c2bc9190 code [0x00000181c2bc9320, 0x00000181c2bc93f8]
Event: 7712.563 Thread 0x00000181cdfc2f70 10753       3       java.net.URI$Parser::scan (23 bytes)
Event: 7712.564 Thread 0x00000181cdfc2f70 nmethod 10753 0x00000181bbbf3190 code [0x00000181bbbf33a0, 0x00000181bbbf3a38]
Event: 7712.565 Thread 0x00000181cdfc2f70 10755       3       sun.security.provider.SHA2::resetHashes (19 bytes)
Event: 7712.565 Thread 0x00000181cdfc2f70 nmethod 10755 0x00000181bbc8b990 code [0x00000181bbc8bb40, 0x00000181bbc8bce8]
Event: 7712.565 Thread 0x00000181cdfc2f70 10756       3       com.google.common.cache.CacheBuilder::getValueStrength (14 bytes)
Event: 7712.565 Thread 0x00000181cdfc2f70 nmethod 10756 0x00000181bb2d2d10 code [0x00000181bb2d2ec0, 0x00000181bb2d3178]
Event: 7712.566 Thread 0x00000181cdfc2f70 10758       3       org.gradle.api.internal.DefaultDomainObjectCollection::estimatedSize (10 bytes)
Event: 7712.566 Thread 0x00000181cdfc2f70 nmethod 10758 0x00000181bb2d2890 code [0x00000181bb2d2a40, 0x00000181bb2d2c08]

GC Heap History (16 events):
Event: 3.858 GC heap before
{Heap before GC invocations=0 (full 0):
 garbage-first heap   total 262144K, used 28672K [0x00000000e0000000, 0x0000000100000000)
  region size 1024K, 23 young (23552K), 0 survivors (0K)
 Metaspace       used 2966K, committed 3072K, reserved 221184K
  class space    used 377K, committed 448K, reserved 212992K
}
Event: 3.860 GC heap after
{Heap after GC invocations=1 (full 0):
 garbage-first heap   total 262144K, used 9273K [0x00000000e0000000, 0x0000000100000000)
  region size 1024K, 3 young (3072K), 3 survivors (3072K)
 Metaspace       used 2966K, committed 3072K, reserved 221184K
  class space    used 377K, committed 448K, reserved 212992K
}
Event: 6.456 GC heap before
{Heap before GC invocations=1 (full 0):
 garbage-first heap   total 262144K, used 39993K [0x00000000e0000000, 0x0000000100000000)
  region size 1024K, 32 young (32768K), 3 survivors (3072K)
 Metaspace       used 3903K, committed 4096K, reserved 221184K
  class space    used 484K, committed 576K, reserved 212992K
}
Event: 6.458 GC heap after
{Heap after GC invocations=2 (full 0):
 garbage-first heap   total 262144K, used 13872K [0x00000000e0000000, 0x0000000100000000)
  region size 1024K, 4 young (4096K), 4 survivors (4096K)
 Metaspace       used 3903K, committed 4096K, reserved 221184K
  class space    used 484K, committed 576K, reserved 212992K
}
Event: 7.704 GC heap before
{Heap before GC invocations=2 (full 0):
 garbage-first heap   total 262144K, used 111152K [0x00000000e0000000, 0x0000000100000000)
  region size 1024K, 100 young (102400K), 4 survivors (4096K)
 Metaspace       used 21247K, committed 21504K, reserved 237568K
  class space    used 3192K, committed 3328K, reserved 212992K
}
Event: 7.708 GC heap after
{Heap after GC invocations=3 (full 0):
 garbage-first heap   total 262144K, used 21131K [0x00000000e0000000, 0x0000000100000000)
  region size 1024K, 12 young (12288K), 12 survivors (12288K)
 Metaspace       used 21247K, committed 21504K, reserved 237568K
  class space    used 3192K, committed 3328K, reserved 212992K
}
Event: 1536.791 GC heap before
{Heap before GC invocations=4 (full 0):
 garbage-first heap   total 262144K, used 165515K [0x00000000e0000000, 0x0000000100000000)
  region size 1024K, 153 young (156672K), 12 survivors (12288K)
 Metaspace       used 32902K, committed 33280K, reserved 245760K
  class space    used 4607K, committed 4736K, reserved 212992K
}
Event: 1536.799 GC heap after
{Heap after GC invocations=5 (full 0):
 garbage-first heap   total 262144K, used 28492K [0x00000000e0000000, 0x0000000100000000)
  region size 1024K, 15 young (15360K), 15 survivors (15360K)
 Metaspace       used 32902K, committed 33280K, reserved 245760K
  class space    used 4607K, committed 4736K, reserved 212992K
}
Event: 2158.652 GC heap before
{Heap before GC invocations=5 (full 0):
 garbage-first heap   total 262144K, used 86860K [0x00000000e0000000, 0x0000000100000000)
  region size 1024K, 71 young (72704K), 15 survivors (15360K)
 Metaspace       used 35656K, committed 35968K, reserved 245760K
  class space    used 4922K, committed 5056K, reserved 212992K
}
Event: 2158.660 GC heap after
{Heap after GC invocations=6 (full 0):
 garbage-first heap   total 262144K, used 31865K [0x00000000e0000000, 0x0000000100000000)
  region size 1024K, 12 young (12288K), 12 survivors (12288K)
 Metaspace       used 35656K, committed 35968K, reserved 245760K
  class space    used 4922K, committed 5056K, reserved 212992K
}
Event: 2164.724 GC heap before
{Heap before GC invocations=7 (full 0):
 garbage-first heap   total 262144K, used 180345K [0x00000000e0000000, 0x0000000100000000)
  region size 1024K, 153 young (156672K), 12 survivors (12288K)
 Metaspace       used 54705K, committed 55232K, reserved 262144K
  class space    used 7384K, committed 7680K, reserved 212992K
}
Event: 2164.734 GC heap after
{Heap after GC invocations=8 (full 0):
 garbage-first heap   total 262144K, used 49364K [0x00000000e0000000, 0x0000000100000000)
  region size 1024K, 19 young (19456K), 19 survivors (19456K)
 Metaspace       used 54705K, committed 55232K, reserved 262144K
  class space    used 7384K, committed 7680K, reserved 212992K
}
Event: 2165.308 GC heap before
{Heap before GC invocations=8 (full 0):
 garbage-first heap   total 262144K, used 123092K [0x00000000e0000000, 0x0000000100000000)
  region size 1024K, 92 young (94208K), 19 survivors (19456K)
 Metaspace       used 59590K, committed 60160K, reserved 270336K
  class space    used 8001K, committed 8256K, reserved 212992K
}
Event: 2165.318 GC heap after
{Heap after GC invocations=9 (full 0):
 garbage-first heap   total 262144K, used 58024K [0x00000000e0000000, 0x0000000100000000)
  region size 1024K, 9 young (9216K), 9 survivors (9216K)
 Metaspace       used 59590K, committed 60160K, reserved 270336K
  class space    used 8001K, committed 8256K, reserved 212992K
}
Event: 3288.580 GC heap before
{Heap before GC invocations=10 (full 0):
 garbage-first heap   total 262144K, used 198312K [0x00000000e0000000, 0x0000000100000000)
  region size 1024K, 147 young (150528K), 9 survivors (9216K)
 Metaspace       used 65366K, committed 66112K, reserved 270336K
  class space    used 8791K, committed 9152K, reserved 212992K
}
Event: 3288.594 GC heap after
{Heap after GC invocations=11 (full 0):
 garbage-first heap   total 262144K, used 78093K [0x00000000e0000000, 0x0000000100000000)
  region size 1024K, 19 young (19456K), 19 survivors (19456K)
 Metaspace       used 65366K, committed 66112K, reserved 270336K
  class space    used 8791K, committed 9152K, reserved 212992K
}

Deoptimization events (20 events):
Event: 7712.562 Thread 0x00000181d2731570 DEOPT PACKING pc=0x00000181c2b34ab4 sp=0x00000049f79f6f00
Event: 7712.562 Thread 0x00000181d2731570 DEOPT UNPACKING pc=0x00000181bab723a3 sp=0x00000049f79f6e38 mode 2
Event: 7712.563 Thread 0x00000181d2731570 Uncommon trap: trap_request=0xffffffde fr.pc=0x00000181c2b34ab4 relative=0x00000000000000f4
Event: 7712.563 Thread 0x00000181d2731570 Uncommon trap: reason=class_check action=maybe_recompile pc=0x00000181c2b34ab4 method=org.gradle.api.internal.artifacts.configurations.DefaultConfiguration.preventIllegalMutation(Lorg/gradle/api/internal/artifacts/configurations/MutationValidator$Mutation
Event: 7712.563 Thread 0x00000181d2731570 DEOPT PACKING pc=0x00000181c2b34ab4 sp=0x00000049f79f8310
Event: 7712.563 Thread 0x00000181d2731570 DEOPT UNPACKING pc=0x00000181bab723a3 sp=0x00000049f79f8248 mode 2
Event: 7712.563 Thread 0x00000181d2731570 Uncommon trap: trap_request=0xffffffde fr.pc=0x00000181c2b34ab4 relative=0x00000000000000f4
Event: 7712.563 Thread 0x00000181d2731570 Uncommon trap: reason=class_check action=maybe_recompile pc=0x00000181c2b34ab4 method=org.gradle.api.internal.artifacts.configurations.DefaultConfiguration.preventIllegalMutation(Lorg/gradle/api/internal/artifacts/configurations/MutationValidator$Mutation
Event: 7712.563 Thread 0x00000181d2731570 DEOPT PACKING pc=0x00000181c2b34ab4 sp=0x00000049f79f8310
Event: 7712.563 Thread 0x00000181d2731570 DEOPT UNPACKING pc=0x00000181bab723a3 sp=0x00000049f79f8248 mode 2
Event: 7712.563 Thread 0x00000181d2731570 Uncommon trap: trap_request=0xffffffde fr.pc=0x00000181c2b59d98 relative=0x00000000000007f8
Event: 7712.563 Thread 0x00000181d2731570 Uncommon trap: reason=class_check action=maybe_recompile pc=0x00000181c2b59d98 method=org.gradle.api.internal.collections.AbstractIterationOrderRetainingElementSource$RealizedElementCollectionIterator.updateNext()V @ 103 c2
Event: 7712.563 Thread 0x00000181d2731570 DEOPT PACKING pc=0x00000181c2b59d98 sp=0x00000049f79f98f0
Event: 7712.563 Thread 0x00000181d2731570 DEOPT UNPACKING pc=0x00000181bab723a3 sp=0x00000049f79f98a8 mode 2
Event: 7712.563 Thread 0x00000181d2731570 Uncommon trap: trap_request=0xffffffde fr.pc=0x00000181c2b59d98 relative=0x00000000000007f8
Event: 7712.563 Thread 0x00000181d2731570 Uncommon trap: reason=class_check action=maybe_recompile pc=0x00000181c2b59d98 method=org.gradle.api.internal.collections.AbstractIterationOrderRetainingElementSource$RealizedElementCollectionIterator.updateNext()V @ 103 c2
Event: 7712.563 Thread 0x00000181d2731570 DEOPT PACKING pc=0x00000181c2b59d98 sp=0x00000049f79f94f0
Event: 7712.563 Thread 0x00000181d2731570 DEOPT UNPACKING pc=0x00000181bab723a3 sp=0x00000049f79f94a8 mode 2
Event: 7712.564 Thread 0x00000181d2731570 DEOPT PACKING pc=0x00000181bb8ae3fe sp=0x00000049f79f90a0
Event: 7712.564 Thread 0x00000181d2731570 DEOPT UNPACKING pc=0x00000181bab72b43 sp=0x00000049f79f84f8 mode 0

Classes unloaded (20 events):
Event: 2165.335 Thread 0x00000181cdf84580 Unloading class 0x0000000800d6f000 'java/lang/invoke/LambdaForm$MH+0x0000000800d6f000'
Event: 2165.335 Thread 0x00000181cdf84580 Unloading class 0x0000000800d6ec00 'java/lang/invoke/LambdaForm$BMH+0x0000000800d6ec00'
Event: 2165.335 Thread 0x00000181cdf84580 Unloading class 0x0000000800d6dc00 'java/lang/invoke/LambdaForm$MH+0x0000000800d6dc00'
Event: 2165.335 Thread 0x00000181cdf84580 Unloading class 0x0000000800d6d800 'java/lang/invoke/LambdaForm$MH+0x0000000800d6d800'
Event: 2165.335 Thread 0x00000181cdf84580 Unloading class 0x0000000800d6d400 'java/lang/invoke/LambdaForm$MH+0x0000000800d6d400'
Event: 2165.335 Thread 0x00000181cdf84580 Unloading class 0x0000000800d6d000 'java/lang/invoke/LambdaForm$MH+0x0000000800d6d000'
Event: 2165.335 Thread 0x00000181cdf84580 Unloading class 0x0000000800d6c800 'java/lang/invoke/LambdaForm$MH+0x0000000800d6c800'
Event: 2165.335 Thread 0x00000181cdf84580 Unloading class 0x0000000800cea400 'java/lang/invoke/LambdaForm$DMH+0x0000000800cea400'
Event: 2165.335 Thread 0x00000181cdf84580 Unloading class 0x0000000800ce9c00 'java/lang/invoke/LambdaForm$DMH+0x0000000800ce9c00'
Event: 2165.335 Thread 0x00000181cdf84580 Unloading class 0x0000000800ce9800 'java/lang/invoke/LambdaForm$MH+0x0000000800ce9800'
Event: 2165.335 Thread 0x00000181cdf84580 Unloading class 0x0000000800ce9400 'java/lang/invoke/LambdaForm$MH+0x0000000800ce9400'
Event: 2165.335 Thread 0x00000181cdf84580 Unloading class 0x0000000800ce9000 'java/lang/invoke/LambdaForm$MH+0x0000000800ce9000'
Event: 2165.335 Thread 0x00000181cdf84580 Unloading class 0x0000000800ce8c00 'java/lang/invoke/LambdaForm$MH+0x0000000800ce8c00'
Event: 2165.335 Thread 0x00000181cdf84580 Unloading class 0x0000000800ce8800 'java/lang/invoke/LambdaForm$MH+0x0000000800ce8800'
Event: 2165.335 Thread 0x00000181cdf84580 Unloading class 0x0000000800ce8400 'java/lang/invoke/LambdaForm$MH+0x0000000800ce8400'
Event: 2165.335 Thread 0x00000181cdf84580 Unloading class 0x0000000800ce8000 'java/lang/invoke/LambdaForm$MH+0x0000000800ce8000'
Event: 2165.335 Thread 0x00000181cdf84580 Unloading class 0x0000000800cc6800 'java/lang/invoke/LambdaForm$MH+0x0000000800cc6800'
Event: 2165.335 Thread 0x00000181cdf84580 Unloading class 0x0000000800cc6000 'java/lang/invoke/LambdaForm$MH+0x0000000800cc6000'
Event: 2165.335 Thread 0x00000181cdf84580 Unloading class 0x0000000800cc5c00 'java/lang/invoke/LambdaForm$MH+0x0000000800cc5c00'
Event: 2165.335 Thread 0x00000181cdf84580 Unloading class 0x0000000800cc5800 'java/lang/invoke/LambdaForm$MH+0x0000000800cc5800'

Classes redefined (0 events):
No events

Internal exceptions (20 events):
Event: 2166.230 Thread 0x00000181d27340c0 Exception <a 'java/lang/ClassNotFoundException'{0x00000000ea34d598}: groovy/lang/GroovyShellCustomizer> (0x00000000ea34d598) 
thrown [e:\jenkins\tmp\workspace\build\src\src\hotspot\share\classfile\systemDictionary.cpp, line 256]
Event: 2166.265 Thread 0x00000181d27340c0 Exception <a 'java/lang/NoSuchMethodError'{0x00000000e9c57658}: 'int java.lang.invoke.DirectMethodHandle$Holder.invokeSpecial(java.lang.Object, java.lang.Object, java.lang.Object, java.lang.Object, java.lang.Object)'> (0x00000000e9c57658) 
thrown [e:\jenkins\tmp\workspace\build\src\src\hotspot\share\interpreter\linkResolver.cpp, line 766]
Event: 2166.352 Thread 0x00000181d27340c0 Exception <a 'java/lang/ClassNotFoundException'{0x00000000e95f3758}: SimpleTemplateScript1BeanInfo> (0x00000000e95f3758) 
thrown [e:\jenkins\tmp\workspace\build\src\src\hotspot\share\classfile\systemDictionary.cpp, line 256]
Event: 2166.352 Thread 0x00000181d27340c0 Exception <a 'java/lang/ClassNotFoundException'{0x00000000e95fefe0}: SimpleTemplateScript1Customizer> (0x00000000e95fefe0) 
thrown [e:\jenkins\tmp\workspace\build\src\src\hotspot\share\classfile\systemDictionary.cpp, line 256]
Event: 2166.354 Thread 0x00000181d27340c0 Exception <a 'java/lang/ClassNotFoundException'{0x00000000e942c348}: java/io/PrintWriterBeanInfo> (0x00000000e942c348) 
thrown [e:\jenkins\tmp\workspace\build\src\src\hotspot\share\classfile\systemDictionary.cpp, line 256]
Event: 2166.354 Thread 0x00000181d27340c0 Exception <a 'java/lang/ClassNotFoundException'{0x00000000e9432d78}: java/io/WriterBeanInfo> (0x00000000e9432d78) 
thrown [e:\jenkins\tmp\workspace\build\src\src\hotspot\share\classfile\systemDictionary.cpp, line 256]
Event: 2166.354 Thread 0x00000181d27340c0 Exception <a 'java/lang/ClassNotFoundException'{0x00000000e94397e8}: java/io/WriterCustomizer> (0x00000000e94397e8) 
thrown [e:\jenkins\tmp\workspace\build\src\src\hotspot\share\classfile\systemDictionary.cpp, line 256]
Event: 2166.354 Thread 0x00000181d27340c0 Exception <a 'java/lang/ClassNotFoundException'{0x00000000e94491a8}: java/io/PrintWriterCustomizer> (0x00000000e94491a8) 
thrown [e:\jenkins\tmp\workspace\build\src\src\hotspot\share\classfile\systemDictionary.cpp, line 256]
Event: 2166.392 Thread 0x00000181d27340c0 Exception <a 'java/lang/ClassNotFoundException'{0x00000000e8f0da30}: SimpleTemplateScript2BeanInfo> (0x00000000e8f0da30) 
thrown [e:\jenkins\tmp\workspace\build\src\src\hotspot\share\classfile\systemDictionary.cpp, line 256]
Event: 2166.392 Thread 0x00000181d27340c0 Exception <a 'java/lang/ClassNotFoundException'{0x00000000e8f19050}: SimpleTemplateScript2Customizer> (0x00000000e8f19050) 
thrown [e:\jenkins\tmp\workspace\build\src\src\hotspot\share\classfile\systemDictionary.cpp, line 256]
Event: 2166.454 Thread 0x00000181d27340c0 Exception <a 'java/lang/NoSuchMethodError'{0x00000000e8fd11c0}: 'void java.lang.invoke.DirectMethodHandle$Holder.invokeStatic(java.lang.Object, java.lang.Object, java.lang.Object, java.lang.Object, java.lang.Object, java.lang.Object, java.lang.Object)'> (0x00000000e8fd11c0) 
thrown [e:\jenkins\tmp\workspace\build\src\src\hotspot\share\interpreter\linkResolver.cpp, line 766]
Event: 2166.465 Thread 0x00000181d0bfe2a0 Exception <a 'java/lang/NoSuchMethodError'{0x00000000ebcf4cd0}: static Lorg/gradle/internal/build/event/types/DefaultTaskFinishedProgressEvent;.<clinit>()V> (0x00000000ebcf4cd0) 
thrown [e:\jenkins\tmp\workspace\build\src\src\hotspot\share\prims\jni.cpp, line 1107]
Event: 2166.465 Thread 0x00000181d27340c0 Exception <a 'java/lang/NoSuchMethodError'{0x00000000e8ea6bd8}: 'void java.lang.invoke.DirectMethodHandle$Holder.invokeInterface(java.lang.Object, java.lang.Object)'> (0x00000000e8ea6bd8) 
thrown [e:\jenkins\tmp\workspace\build\src\src\hotspot\share\interpreter\linkResolver.cpp, line 766]
Event: 2166.466 Thread 0x00000181d0bfe2a0 Exception <a 'java/lang/NoSuchMethodError'{0x00000000e8eda288}: static Lorg/gradle/internal/build/event/types/DefaultTaskSuccessResult;.<clinit>()V> (0x00000000e8eda288) 
thrown [e:\jenkins\tmp\workspace\build\src\src\hotspot\share\prims\jni.cpp, line 1107]
Event: 2166.467 Thread 0x00000181d0bfe2a0 Exception <a 'java/lang/NoSuchMethodError'{0x00000000e8edb4f8}: static Lorg/gradle/internal/build/event/types/AbstractTaskResult;.<clinit>()V> (0x00000000e8edb4f8) 
thrown [e:\jenkins\tmp\workspace\build\src\src\hotspot\share\prims\jni.cpp, line 1107]
Event: 2166.467 Thread 0x00000181d0bfe2a0 Exception <a 'java/lang/NoSuchMethodError'{0x00000000e8edef60}: static Lorg/gradle/internal/build/event/types/AbstractResult;.<clinit>()V> (0x00000000e8edef60) 
thrown [e:\jenkins\tmp\workspace\build\src\src\hotspot\share\prims\jni.cpp, line 1107]
Event: 2166.468 Thread 0x00000181d0bfe2a0 Exception <a 'java/lang/NoSuchMethodError'{0x00000000e8d3a888}: static [Ljava/lang/Object;.<clinit>()V> (0x00000000e8d3a888) 
thrown [e:\jenkins\tmp\workspace\build\src\src\hotspot\share\prims\jni.cpp, line 1107]
Event: 2166.518 Thread 0x00000181d0bff5e0 Implicit null exception at 0x00000181c2b0558f to 0x00000181c2b055dc
Event: 2166.518 Thread 0x00000181d0bff5e0 Implicit null exception at 0x00000181c2b5abac to 0x00000181c2b5abe0
Event: 7712.519 Thread 0x00000181d2731570 Implicit null exception at 0x00000181c26ffe50 to 0x00000181c27006d4

VM Operations (20 events):
Event: 5217.417 Executing VM operation: Cleanup
Event: 5217.417 Executing VM operation: Cleanup done
Event: 5360.376 Executing VM operation: Cleanup
Event: 5360.376 Executing VM operation: Cleanup done
Event: 5397.620 Executing VM operation: Cleanup
Event: 5397.621 Executing VM operation: Cleanup done
Event: 5497.310 Executing VM operation: Cleanup
Event: 5497.310 Executing VM operation: Cleanup done
Event: 5507.377 Executing VM operation: Cleanup
Event: 5507.377 Executing VM operation: Cleanup done
Event: 6319.967 Executing VM operation: Cleanup
Event: 6319.967 Executing VM operation: Cleanup done
Event: 7493.945 Executing VM operation: Cleanup
Event: 7493.945 Executing VM operation: Cleanup done
Event: 7494.951 Executing VM operation: Cleanup
Event: 7494.951 Executing VM operation: Cleanup done
Event: 7607.692 Executing VM operation: Cleanup
Event: 7607.692 Executing VM operation: Cleanup done
Event: 7697.293 Executing VM operation: Cleanup
Event: 7697.293 Executing VM operation: Cleanup done

Events (20 events):
Event: 2606.848 Thread 0x00000181cdfceeb0 flushing nmethod 0x00000181c2a44b10
Event: 2606.848 Thread 0x00000181cdfceeb0 flushing nmethod 0x00000181c2aff210
Event: 2606.848 Thread 0x00000181cdfceeb0 flushing nmethod 0x00000181c2b29610
Event: 2606.848 Thread 0x00000181cdfceeb0 flushing nmethod 0x00000181c2b55110
Event: 2606.853 Thread 0x00000181cdfceeb0 flushing nmethod 0x00000181bbbf3190
Event: 2606.856 Thread 0x00000181cdfceeb0 flushing nmethod 0x00000181bc260e90
Event: 7493.178 Thread 0x00000181d272f890 Thread added: 0x00000181d272f890
Event: 7554.627 Thread 0x00000181d272f890 Thread exited: 0x00000181d272f890
Event: 7712.477 Thread 0x00000181d2736c10 Thread added: 0x00000181d2736c10
Event: 7712.478 Thread 0x00000181d2733250 Thread added: 0x00000181d2733250
Event: 7712.513 Thread 0x00000181d27323e0 Thread added: 0x00000181d27323e0
Event: 7712.515 Thread 0x00000181d2731570 Thread added: 0x00000181d2731570
Event: 7712.516 Thread 0x00000181d2733720 Thread added: 0x00000181d2733720
Event: 7712.517 Thread 0x00000181d27340c0 Thread added: 0x00000181d27340c0
Event: 7712.517 Thread 0x00000181d2734f30 Thread added: 0x00000181d2734f30
Event: 7712.527 Thread 0x00000181d27310a0 Thread added: 0x00000181d27310a0
Event: 7712.527 Thread 0x00000181d47c0890 Thread added: 0x00000181d47c0890
Event: 7712.539 Thread 0x00000181d2733bf0 Thread added: 0x00000181d2733bf0
Event: 7712.546 Thread 0x00000181d2730230 Thread added: 0x00000181d2730230
Event: 7712.554 Thread 0x00000181d272f3c0 Thread added: 0x00000181d272f3c0


Dynamic libraries:
0x00007ff66fff0000 - 0x00007ff66fffe000 	C:\Users\1\.gradle\jdks\jdk-17.0.2+8\bin\java.exe
0x00007ff87f740000 - 0x00007ff87f949000 	C:\WINDOWS\SYSTEM32\ntdll.dll
0x00007ff87e410000 - 0x00007ff87e4cd000 	C:\WINDOWS\System32\KERNEL32.DLL
0x00007ff87cee0000 - 0x00007ff87d254000 	C:\WINDOWS\System32\KERNELBASE.dll
0x00007ff87cc30000 - 0x00007ff87cd41000 	C:\WINDOWS\System32\ucrtbase.dll
0x00007ff875d90000 - 0x00007ff875da9000 	C:\Users\1\.gradle\jdks\jdk-17.0.2+8\bin\VCRUNTIME140.dll
0x00007ff875d70000 - 0x00007ff875d88000 	C:\Users\1\.gradle\jdks\jdk-17.0.2+8\bin\jli.dll
0x00007ff87ebc0000 - 0x00007ff87ed6c000 	C:\WINDOWS\System32\USER32.dll
0x00007ff8591e0000 - 0x00007ff859485000 	C:\WINDOWS\WinSxS\amd64_microsoft.windows.common-controls_6595b64144ccf1df_6.0.22000.120_none_9d947278b86cc467\COMCTL32.dll
0x00007ff87d490000 - 0x00007ff87d4b6000 	C:\WINDOWS\System32\win32u.dll
0x00007ff87d5e0000 - 0x00007ff87d683000 	C:\WINDOWS\System32\msvcrt.dll
0x00007ff87e5a0000 - 0x00007ff87e5c9000 	C:\WINDOWS\System32\GDI32.dll
0x00007ff87d4c0000 - 0x00007ff87d5d2000 	C:\WINDOWS\System32\gdi32full.dll
0x00007ff87cd50000 - 0x00007ff87cded000 	C:\WINDOWS\System32\msvcp_win.dll
0x00007ff87f6a0000 - 0x00007ff87f6d1000 	C:\WINDOWS\System32\IMM32.DLL
0x00007ff875d00000 - 0x00007ff875d0c000 	C:\Users\1\.gradle\jdks\jdk-17.0.2+8\bin\vcruntime140_1.dll
0x00007ff86f470000 - 0x00007ff86f501000 	C:\Users\1\.gradle\jdks\jdk-17.0.2+8\bin\msvcp140.dll
0x00007ff804370000 - 0x00007ff804fb7000 	C:\Users\1\.gradle\jdks\jdk-17.0.2+8\bin\server\jvm.dll
0x00007ff87eb00000 - 0x00007ff87ebae000 	C:\WINDOWS\System32\ADVAPI32.dll
0x00007ff87f0f0000 - 0x00007ff87f18e000 	C:\WINDOWS\System32\sechost.dll
0x00007ff87e2f0000 - 0x00007ff87e410000 	C:\WINDOWS\System32\RPCRT4.dll
0x00007ff87d6f0000 - 0x00007ff87d6f8000 	C:\WINDOWS\System32\PSAPI.DLL
0x00007ff877aa0000 - 0x00007ff877aa9000 	C:\WINDOWS\SYSTEM32\WSOCK32.dll
0x00007ff877540000 - 0x00007ff877573000 	C:\WINDOWS\SYSTEM32\WINMM.dll
0x00007ff877f10000 - 0x00007ff877f1a000 	C:\WINDOWS\SYSTEM32\VERSION.dll
0x00007ff87e530000 - 0x00007ff87e59f000 	C:\WINDOWS\System32\WS2_32.dll
0x00007ff87be20000 - 0x00007ff87be38000 	C:\WINDOWS\SYSTEM32\kernel.appcore.dll
0x00007ff875cf0000 - 0x00007ff875cfa000 	C:\Users\1\.gradle\jdks\jdk-17.0.2+8\bin\jimage.dll
0x00007ff87a680000 - 0x00007ff87a8a1000 	C:\WINDOWS\SYSTEM32\DBGHELP.DLL
0x00007ff8752e0000 - 0x00007ff875311000 	C:\WINDOWS\SYSTEM32\dbgcore.DLL
0x00007ff87cdf0000 - 0x00007ff87ce6f000 	C:\WINDOWS\System32\bcryptPrimitives.dll
0x00007ff8757d0000 - 0x00007ff8757f5000 	C:\Users\1\.gradle\jdks\jdk-17.0.2+8\bin\java.dll
0x00007ff85d770000 - 0x00007ff85d846000 	C:\Users\1\.gradle\jdks\jdk-17.0.2+8\bin\jsvml.dll
0x00007ff87d9a0000 - 0x00007ff87e14e000 	C:\WINDOWS\System32\SHELL32.dll
0x00007ff87ada0000 - 0x00007ff87b608000 	C:\WINDOWS\SYSTEM32\windows.storage.dll
0x00007ff87ed70000 - 0x00007ff87f0e8000 	C:\WINDOWS\System32\combase.dll
0x00007ff87ac30000 - 0x00007ff87ad96000 	C:\WINDOWS\SYSTEM32\wintypes.dll
0x00007ff87f4c0000 - 0x00007ff87f5aa000 	C:\WINDOWS\System32\SHCORE.dll
0x00007ff87d690000 - 0x00007ff87d6ed000 	C:\WINDOWS\System32\shlwapi.dll
0x00007ff87cb60000 - 0x00007ff87cb81000 	C:\WINDOWS\SYSTEM32\profapi.dll
0x00007ff873b50000 - 0x00007ff873b69000 	C:\Users\1\.gradle\jdks\jdk-17.0.2+8\bin\net.dll
0x00007ff876eb0000 - 0x00007ff876fbc000 	C:\WINDOWS\SYSTEM32\WINHTTP.dll
0x00007ff87c250000 - 0x00007ff87c2b7000 	C:\WINDOWS\system32\mswsock.dll
0x00007ff873b30000 - 0x00007ff873b45000 	C:\Users\1\.gradle\jdks\jdk-17.0.2+8\bin\nio.dll
0x00007ff875960000 - 0x00007ff875978000 	C:\Users\1\.gradle\jdks\jdk-17.0.2+8\bin\zip.dll
0x00007ff873b00000 - 0x00007ff873b10000 	C:\Users\1\.gradle\jdks\jdk-17.0.2+8\bin\verify.dll
0x00007ff8668f0000 - 0x00007ff866917000 	C:\Users\1\.gradle\native\8bec1ad78214c89d9ad589b4d07fe93259594b29d510b10fafb7a158f7737e5d\windows-amd64\native-platform.dll
0x00007ff85bf40000 - 0x00007ff85c07d000 	C:\Users\1\.gradle\native\53dbd7edfb1c66fb8903c78663c9afc45aea4f116125fa6feffd364cf09443e8\windows-amd64\native-platform-file-events.dll
0x00007ff873af0000 - 0x00007ff873af9000 	C:\Users\1\.gradle\jdks\jdk-17.0.2+8\bin\management.dll
0x00007ff873800000 - 0x00007ff87380b000 	C:\Users\1\.gradle\jdks\jdk-17.0.2+8\bin\management_ext.dll
0x00007ff87c490000 - 0x00007ff87c4a8000 	C:\WINDOWS\SYSTEM32\CRYPTSP.dll
0x00007ff87bd80000 - 0x00007ff87bdb5000 	C:\WINDOWS\system32\rsaenh.dll
0x00007ff87c340000 - 0x00007ff87c369000 	C:\WINDOWS\SYSTEM32\USERENV.dll
0x00007ff87c610000 - 0x00007ff87c637000 	C:\WINDOWS\SYSTEM32\bcrypt.dll
0x00007ff87c4b0000 - 0x00007ff87c4bc000 	C:\WINDOWS\SYSTEM32\CRYPTBASE.dll
0x00007ff87b990000 - 0x00007ff87b9bd000 	C:\WINDOWS\SYSTEM32\IPHLPAPI.DLL
0x00007ff87ebb0000 - 0x00007ff87ebb9000 	C:\WINDOWS\System32\NSI.dll
0x00007ff877220000 - 0x00007ff877239000 	C:\WINDOWS\SYSTEM32\dhcpcsvc6.DLL
0x00007ff8778b0000 - 0x00007ff8778ce000 	C:\WINDOWS\SYSTEM32\dhcpcsvc.DLL
0x00007ff87b9c0000 - 0x00007ff87baa7000 	C:\WINDOWS\SYSTEM32\DNSAPI.dll
0x00007ff8734f0000 - 0x00007ff8734fe000 	C:\Users\1\.gradle\jdks\jdk-17.0.2+8\bin\sunmscapi.dll
0x00007ff87d260000 - 0x00007ff87d3c2000 	C:\WINDOWS\System32\CRYPT32.dll
0x00007ff87c5e0000 - 0x00007ff87c608000 	C:\WINDOWS\SYSTEM32\ncrypt.dll
0x00007ff87c5a0000 - 0x00007ff87c5d7000 	C:\WINDOWS\SYSTEM32\NTASN1.dll
0x00007ff873030000 - 0x00007ff873038000 	C:\WINDOWS\system32\wshunix.dll
0x00007ff875c00000 - 0x00007ff875c0a000 	C:\Windows\System32\rasadhlp.dll
0x00007ff876ac0000 - 0x00007ff876b41000 	C:\WINDOWS\System32\fwpuclnt.dll

dbghelp: loaded successfully - version: 4.0.5 - missing functions: none
symbol engine: initialized successfully - sym options: 0x614 - pdb path: .;C:\Users\1\.gradle\jdks\jdk-17.0.2+8\bin;C:\WINDOWS\SYSTEM32;C:\WINDOWS\WinSxS\amd64_microsoft.windows.common-controls_6595b64144ccf1df_6.0.22000.120_none_9d947278b86cc467;C:\Users\1\.gradle\jdks\jdk-17.0.2+8\bin\server;C:\Users\1\.gradle\native\8bec1ad78214c89d9ad589b4d07fe93259594b29d510b10fafb7a158f7737e5d\windows-amd64;C:\Users\1\.gradle\native\53dbd7edfb1c66fb8903c78663c9afc45aea4f116125fa6feffd364cf09443e8\windows-amd64

VM Arguments:
jvm_args: --add-opens=java.base/java.util=ALL-UNNAMED --add-opens=java.base/java.lang=ALL-UNNAMED --add-opens=java.base/java.lang.invoke=ALL-UNNAMED --add-opens=java.base/java.util=ALL-UNNAMED --add-opens=java.prefs/java.util.prefs=ALL-UNNAMED --add-opens=java.prefs/java.util.prefs=ALL-UNNAMED --add-opens=java.base/java.nio.charset=ALL-UNNAMED --add-opens=java.base/java.net=ALL-UNNAMED --add-opens=java.base/java.util.concurrent.atomic=ALL-UNNAMED -XX:MaxMetaspaceSize=256m -XX:+HeapDumpOnOutOfMemoryError -Xms256m -Xmx512m -Dfile.encoding=windows-1251 -Duser.country=RU -Duser.language=ru -Duser.variant 
java_command: org.gradle.launcher.daemon.bootstrap.GradleDaemon 7.1
java_class_path (initial): C:\Users\1\.gradle\wrapper\dists\gradle-7.1-bin\4pslxx9lrxt5svtz5wbnb6tkz\gradle-7.1\lib\gradle-launcher-7.1.jar
Launcher Type: SUN_STANDARD

[Global flags]
     intx CICompilerCount                          = 4                                         {product} {ergonomic}
   size_t CompressedClassSpaceSize                 = 218103808                                 {product} {ergonomic}
     uint ConcGCThreads                            = 3                                         {product} {ergonomic}
     uint G1ConcRefinementThreads                  = 10                                        {product} {ergonomic}
   size_t G1HeapRegionSize                         = 1048576                                   {product} {ergonomic}
    uintx GCDrainStackTargetSize                   = 64                                        {product} {ergonomic}
     bool HeapDumpOnOutOfMemoryError               = true                                   {manageable} {command line}
   size_t InitialHeapSize                          = 268435456                                 {product} {command line}
   size_t MarkStackSize                            = 4194304                                   {product} {ergonomic}
   size_t MaxHeapSize                              = 536870912                                 {product} {command line}
   size_t MaxMetaspaceSize                         = 268435456                                 {product} {command line}
   size_t MaxNewSize                               = 321912832                                 {product} {ergonomic}
   size_t MinHeapDeltaBytes                        = 1048576                                   {product} {ergonomic}
   size_t MinHeapSize                              = 268435456                                 {product} {command line}
    uintx NonNMethodCodeHeapSize                   = 5839372                                {pd product} {ergonomic}
    uintx NonProfiledCodeHeapSize                  = 122909434                              {pd product} {ergonomic}
    uintx ProfiledCodeHeapSize                     = 122909434                              {pd product} {ergonomic}
    uintx ReservedCodeCacheSize                    = 251658240                              {pd product} {ergonomic}
     bool SegmentedCodeCache                       = true                                      {product} {ergonomic}
   size_t SoftMaxHeapSize                          = 536870912                              {manageable} {ergonomic}
     bool UseCompressedClassPointers               = true                           {product lp64_product} {ergonomic}
     bool UseCompressedOops                        = true                           {product lp64_product} {ergonomic}
     bool UseG1GC                                  = true                                      {product} {ergonomic}
     bool UseLargePagesIndividualAllocation        = false                                  {pd product} {ergonomic}

Logging:
Log output configuration:
 #0: stdout all=warning uptime,level,tags
 #1: stderr all=off uptime,level,tags

Environment Variables:
PATH=C:\Windows\system32;C:\Windows;C:\Windows\System32\Wbem;C:\Windows\System32\WindowsPowerShell\v1.0\;C:\Windows\System32\OpenSSH\;C:\Program Files\NVIDIA Corporation\NVIDIA NvDLISR;C:\Program Files (x86)\NVIDIA Corporation\PhysX\Common;C:\WINDOWS\system32;C:\WINDOWS;C:\WINDOWS\System32\Wbem;C:\WINDOWS\System32\WindowsPowerShell\v1.0\;C:\WINDOWS\System32\OpenSSH\;C:\Program Files\Git\cmd;C:\Program Files\PowerShell\7\;C:\Users\1\AppData\Local\Programs\Python\Python310\Scripts\;C:\Users\1\AppData\Local\Programs\Python\Python310\;C:\Users\1\AppData\Local\Microsoft\WindowsApps;C:\Program Files\JetBrains\PyCharm 2020.1\bin;C:\Program Files\JetBrains\PyCharm Community Edition 2021.3.1\bin;C:\Program Files\JetBrains\IntelliJ IDEA Educational Edition 2021.3.2\bin;C:\Users\1\AppData\Local\GitHubDesktop\bin
USERNAME=1
OS=Windows_NT
PROCESSOR_IDENTIFIER=AMD64 Family 25 Model 80 Stepping 0, AuthenticAMD



---------------  S Y S T E M  ---------------

OS:
 Windows 11 , 64 bit Build 22000 (10.0.22000.434)
OS uptime: 17 days 0:38 hours

CPU: total 12 (initial active 12) (12 cores per cpu, 2 threads per core) family 25 model 80 stepping 0 microcode 0x0, cx8, cmov, fxsr, ht, mmx, 3dnowpref, sse, sse2, sse3, ssse3, sse4a, sse4.1, sse4.2, popcnt, lzcnt, tsc, tscinvbit, avx, avx2, aes, erms, clmul, bmi1, bmi2, adx, sha, fma, vzeroupper, clflush, clflushopt

Memory: 4k page, system-wide physical 15724M (4062M free)
TotalPageFile size 15724M (AvailPageFile size 5M)
current process WorkingSet (physical memory assigned to process): 166M, peak: 458M
current process commit charge ("private bytes"): 502M, peak: 546M

vm_info: OpenJDK 64-Bit Server VM (17.0.2+8) for windows-amd64 JRE (17.0.2+8), built on Jan 20 2022 04:52:34 by "" with MS VC++ 16.7 (VS2019)

END.
