JvmtiExport can_access_local_variables 0
JvmtiExport can_hotswap_or_post_breakpoint 0
JvmtiExport can_post_on_exceptions 0
# 318 ciObject found
ciInstanceKlass java/lang/Cloneable 1 0 7 100 1 100 1 1 1
instanceKlass org/gradle/cache/internal/locklistener/DefaultFileLockContentionHandler$ContendedAction$1
instanceKlass org/gradle/process/internal/health/memory/JvmMemoryStatusSnapshot
instanceKlass org/gradle/workers/internal/WorkerDaemonClient
instanceKlass org/apache/tools/ant/IntrospectionHelper$AttributeSetter
instanceKlass org/apache/tools/ant/IntrospectionHelper$NestedCreator
instanceKlass org/apache/tools/ant/IntrospectionHelper
instanceKlass org/gradle/internal/snapshot/SnapshotHierarchy$NodeDiffListener$1
instanceKlass org/jetbrains/kotlin/gradle/plugin/internal/state/TaskExecutionResults
instanceKlass org/jetbrains/kotlin/gradle/plugin/internal/state/TaskLoggers
instanceKlass org/gradle/invocation/DefaultGradle$2
instanceKlass org/jetbrains/kotlin/gradle/plugin/statistics/KotlinBuildStatHandler$reportGlobalMetrics$statisticOverhead$1$1
instanceKlass org/jetbrains/kotlin/gradle/plugin/statistics/KotlinBuildStatHandler$reportGlobalMetrics$2
instanceKlass java/lang/Math$RandomNumberGeneratorHolder
instanceKlass org/gradle/tooling/provider/model/internal/DefaultToolingModelBuilderRegistry$BuildOperationWrappingBuilder$1
instanceKlass org/gradle/tooling/provider/model/internal/DefaultToolingModelBuilderRegistry$BuilderWithNoParameter
instanceKlass org/gradle/tooling/model/cpp/CppProject
instanceKlass org/gradle/tooling/model/ProjectModel
instanceKlass kotlin/reflect/jvm/internal/impl/name/SpecialNames
instanceKlass kotlin/reflect/jvm/internal/impl/builtins/CompanionObjectMapping
instanceKlass kotlin/reflect/jvm/internal/impl/name/FqNamesUtilKt
instanceKlass kotlin/reflect/jvm/internal/impl/utils/CollectionsKt
instanceKlass kotlin/reflect/jvm/internal/impl/builtins/PrimitiveType$Companion
instanceKlass kotlin/reflect/jvm/internal/impl/builtins/StandardNames$FqNames
instanceKlass kotlin/reflect/jvm/internal/impl/builtins/jvm/JavaToKotlinClassMap$PlatformMutabilityMapping
instanceKlass kotlin/_Assertions
instanceKlass kotlin/reflect/jvm/internal/impl/builtins/functions/FunctionClassKind$Companion
instanceKlass kotlin/reflect/jvm/internal/impl/builtins/StandardNames
instanceKlass kotlin/reflect/jvm/internal/impl/builtins/jvm/JavaToKotlinClassMap
instanceKlass kotlin/jvm/functions/Function22
instanceKlass kotlin/jvm/functions/Function21
instanceKlass kotlin/jvm/functions/Function20
instanceKlass kotlin/jvm/functions/Function19
instanceKlass kotlin/jvm/functions/Function18
instanceKlass kotlin/jvm/functions/Function17
instanceKlass kotlin/jvm/functions/Function16
instanceKlass kotlin/jvm/functions/Function15
instanceKlass kotlin/jvm/functions/Function14
instanceKlass kotlin/jvm/functions/Function13
instanceKlass kotlin/jvm/functions/Function12
instanceKlass kotlin/jvm/functions/Function11
instanceKlass kotlin/jvm/functions/Function10
instanceKlass kotlin/jvm/functions/Function9
instanceKlass kotlin/jvm/functions/Function8
instanceKlass kotlin/jvm/functions/Function7
instanceKlass kotlin/jvm/functions/Function6
instanceKlass kotlin/jvm/functions/Function5
instanceKlass kotlin/jvm/functions/Function4
instanceKlass kotlin/reflect/jvm/internal/impl/descriptors/runtime/structure/ReflectClassUtilKt
instanceKlass kotlin/reflect/jvm/internal/impl/name/ClassId
instanceKlass kotlin/reflect/jvm/internal/impl/name/FqNameUnsafe$1
instanceKlass kotlin/reflect/jvm/internal/impl/name/Name
instanceKlass kotlin/reflect/jvm/internal/impl/name/FqNameUnsafe
instanceKlass org/jetbrains/kotlin/gradle/plugin/statistics/KotlinBuildEsStatListener
instanceKlass org/gradle/tooling/events/OperationCompletionListener
instanceKlass kotlin/reflect/jvm/internal/impl/name/FqName
instanceKlass kotlin/reflect/jvm/internal/RuntimeTypeMapper
instanceKlass org/jetbrains/kotlin/gradle/plugin/statistics/ReportStatisticsToElasticSearch
instanceKlass org/jetbrains/kotlin/gradle/plugin/stat/ReportStatistics
instanceKlass org/gradle/tooling/events/internal/BaseProgressEvent
instanceKlass org/gradle/tooling/events/task/internal/TaskExecutionDetails
instanceKlass org/gradle/tooling/events/internal/DefaultOperationSuccessResult
instanceKlass org/gradle/tooling/events/task/TaskSuccessResult
instanceKlass org/gradle/tooling/events/SuccessResult
instanceKlass org/gradle/tooling/events/task/TaskExecutionResult
instanceKlass org/gradle/tooling/events/test/TestOperationResult
instanceKlass org/gradle/tooling/events/PluginIdentifier
instanceKlass org/gradle/tooling/Failure
instanceKlass org/gradle/tooling/events/transform/TransformOperationResult
instanceKlass org/gradle/tooling/events/work/WorkItemOperationResult
instanceKlass org/gradle/tooling/events/task/TaskFinishEvent
instanceKlass org/gradle/tooling/events/test/TestFinishEvent
instanceKlass org/gradle/tooling/events/test/TestOperationDescriptor
instanceKlass org/gradle/tooling/events/task/TaskStartEvent
instanceKlass org/gradle/tooling/events/test/TestStartEvent
instanceKlass org/gradle/tooling/events/transform/TransformOperationDescriptor
instanceKlass org/gradle/tooling/events/configuration/ProjectConfigurationOperationResult
instanceKlass org/gradle/tooling/events/test/TestOutputDescriptor
instanceKlass org/gradle/tooling/events/configuration/ProjectConfigurationStartEvent
instanceKlass org/gradle/tooling/events/task/TaskProgressEvent
instanceKlass org/gradle/tooling/events/work/WorkItemOperationDescriptor
instanceKlass org/gradle/tooling/events/transform/TransformFinishEvent
instanceKlass org/gradle/tooling/events/work/WorkItemStartEvent
instanceKlass org/gradle/tooling/events/configuration/ProjectConfigurationFinishEvent
instanceKlass kotlin/reflect/jvm/internal/KDeclarationContainerImpl$Data
instanceKlass org/gradle/tooling/events/work/WorkItemFinishEvent
instanceKlass org/gradle/tooling/events/work/WorkItemProgressEvent
instanceKlass org/gradle/tooling/events/test/TestOutputEvent
instanceKlass org/gradle/tooling/events/transform/TransformStartEvent
instanceKlass org/gradle/tooling/events/StartEvent
instanceKlass org/gradle/tooling/events/transform/TransformProgressEvent
instanceKlass org/gradle/tooling/events/test/TestProgressEvent
instanceKlass org/gradle/tooling/model/kotlin/dsl/KotlinDslScriptsModel
instanceKlass org/gradle/tooling/events/configuration/ProjectConfigurationProgressEvent
instanceKlass org/gradle/tooling/events/task/java/JavaCompileTaskOperationResult$AnnotationProcessorResult
instanceKlass com/google/common/collect/ImmutableList$SerializedForm
instanceKlass org/gradle/tooling/events/task/TaskOperationResult
instanceKlass org/gradle/tooling/events/OperationResult
instanceKlass org/gradle/tooling/provider/model/internal/DefaultToolingModelBuilderRegistry$DelegatingBuilder
instanceKlass org/gradle/tooling/events/configuration/ProjectConfigurationOperationDescriptor
instanceKlass org/gradle/tooling/internal/consumer/parameters/BuildProgressListenerAdapter
instanceKlass org/gradle/tooling/internal/protocol/InternalBuildProgressListener
instanceKlass org/gradle/tooling/events/task/internal/DefaultTaskOperationDescriptor$1
instanceKlass org/gradle/tooling/events/internal/DefaultOperationDescriptor
instanceKlass org/gradle/tooling/events/internal/OperationDescriptorWrapper
instanceKlass org/gradle/api/internal/tasks/execution/statistics/TaskExecutionStatisticsEventAdapter$1
instanceKlass org/gradle/api/internal/tasks/execution/ExecuteTaskBuildOperationResult
instanceKlass org/gradle/api/internal/tasks/execution/ExecuteTaskBuildOperationType$Result
instanceKlass org/gradle/api/internal/tasks/execution/ExecuteActionsTaskExecuter$1
instanceKlass org/gradle/api/internal/tasks/TaskExecutionOutcome$1
instanceKlass org/gradle/internal/execution/steps/ResolveCachingStateStep$2
instanceKlass org/gradle/internal/execution/steps/SkipUpToDateStep$2
instanceKlass org/gradle/internal/execution/history/impl/FileSystemSnapshotSerializer$1$1
instanceKlass org/gradle/internal/execution/history/impl/DefaultOutputFilesRepository$1
instanceKlass com/google/common/collect/Maps$13
instanceKlass com/google/common/collect/Maps$9
instanceKlass org/gradle/internal/execution/history/impl/SerializableFileCollectionFingerprint
instanceKlass org/gradle/internal/execution/steps/CaptureStateAfterExecutionStep$1
instanceKlass org/gradle/internal/execution/steps/CaptureStateAfterExecutionStep$Operation$Result$1
instanceKlass org/gradle/internal/execution/steps/CaptureStateAfterExecutionStep$Operation$Result
instanceKlass org/gradle/internal/execution/steps/CaptureStateAfterExecutionStep$Operation$Details$1
instanceKlass org/gradle/internal/execution/steps/CaptureStateAfterExecutionStep$Operation$Details
instanceKlass org/gradle/internal/execution/steps/ExecuteStep$Operation$Result$1
instanceKlass org/gradle/internal/execution/steps/ExecuteStep$Operation$Result
instanceKlass org/gradle/internal/execution/steps/ExecuteStep$3
instanceKlass org/gradle/internal/execution/steps/ExecuteStep$4
instanceKlass org/gradle/api/internal/tasks/execution/ExecuteActionsTaskExecuter$TaskExecution$1
instanceKlass org/gradle/api/internal/plugins/StartScriptTemplateBindingFactory$1
instanceKlass java/text/StringCharacterIterator
instanceKlass org/gradle/api/internal/plugins/StartScriptTemplateBindingFactory$3
instanceKlass org/gradle/internal/logging/LogLevelMapping
instanceKlass org/gradle/util/internal/AntUtil
instanceKlass org/apache/tools/ant/types/PatternSet$NameEntry
instanceKlass org/apache/tools/ant/types/selectors/SelectorContainer
instanceKlass org/apache/tools/ant/taskdefs/Redirector
instanceKlass org/apache/tools/ant/types/Commandline
instanceKlass org/apache/tools/ant/types/Environment
instanceKlass org/apache/tools/ant/taskdefs/ExecuteStreamHandler
instanceKlass groovy/text/SimpleTemplateEngine$SimpleTemplate$1
instanceKlass org/codehaus/groovy/control/SourceExtensionHandler
instanceKlass java/security/PermissionsEnumerator
instanceKlass groovy/lang/GroovyClassLoader$2
instanceKlass org/codehaus/groovy/classgen/asm/MopWriter$MopKey
instanceKlass org/codehaus/groovy/classgen/asm/BytecodeHelper$PrimitiveTypeHandler
instanceKlass org/codehaus/groovy/classgen/asm/BytecodeVariable
instanceKlass org/codehaus/groovy/classgen/asm/CompileStack$StateStackElement
instanceKlass org/apache/groovy/ast/tools/ExpressionUtils
instanceKlass org/codehaus/groovy/classgen/asm/OptimizingStatementWriter$StatementMeta
instanceKlass org/codehaus/groovy/classgen/asm/OptimizingStatementWriter$OptimizeFlagsCollector$OptimizeFlagsEntry
instanceKlass org/codehaus/groovy/classgen/asm/OptimizingStatementWriter$OptimizeFlagsCollector
instanceKlass org/codehaus/groovy/classgen/asm/StatementMetaTypeChooser
instanceKlass org/codehaus/groovy/classgen/asm/CompileStack
instanceKlass org/codehaus/groovy/classgen/asm/MethodPointerExpressionWriter
instanceKlass org/codehaus/groovy/classgen/asm/ClosureWriter
instanceKlass org/codehaus/groovy/classgen/asm/AssertionWriter
instanceKlass org/codehaus/groovy/classgen/asm/OperandStack
instanceKlass org/codehaus/groovy/runtime/BytecodeInterface8
instanceKlass org/codehaus/groovy/classgen/asm/BinaryExpressionWriter
instanceKlass org/codehaus/groovy/classgen/asm/UnaryExpressionHelper
instanceKlass jdk/internal/vm/annotation/ForceInline
instanceKlass org/codehaus/groovy/classgen/asm/TypeChooser
instanceKlass org/codehaus/groovy/classgen/asm/StatementWriter
instanceKlass org/codehaus/groovy/classgen/asm/BinaryExpressionHelper
instanceKlass org/codehaus/groovy/classgen/asm/CallSiteWriter
instanceKlass org/codehaus/groovy/classgen/asm/InvocationWriter
instanceKlass org/codehaus/groovy/classgen/asm/WriterControllerFactory
instanceKlass org/codehaus/groovy/classgen/asm/MethodCaller
instanceKlass org/codehaus/groovy/classgen/asm/MethodCallerMultiAdapter
instanceKlass org/codehaus/groovy/classgen/Verifier$1
instanceKlass org/codehaus/groovy/runtime/memoize/ConcurrentCommonCache
instanceKlass org/codehaus/groovy/ast/tools/GenericsUtils
instanceKlass org/codehaus/groovy/classgen/ReturnAdder$ReturnStatementListener
instanceKlass org/codehaus/groovy/classgen/ReturnAdder
instanceKlass org/codehaus/groovy/classgen/asm/WriterController
instanceKlass org/codehaus/groovy/classgen/asm/MopWriter$Factory
instanceKlass org/codehaus/groovy/classgen/asm/MopWriter
instanceKlass org/apache/groovy/ast/tools/MethodNodeUtils
instanceKlass org/apache/groovy/ast/tools/ConstructorNodeUtils
instanceKlass org/codehaus/groovy/classgen/asm/OptimizingStatementWriter$ClassNodeSkip
instanceKlass org/codehaus/groovy/classgen/Verifier$DefaultArgsAction
instanceKlass org/codehaus/groovy/classgen/FinalVariableAnalyzer$VariableNotFinalCallback
instanceKlass org/codehaus/groovy/classgen/Verifier
instanceKlass org/codehaus/groovy/classgen/BytecodeInstruction
instanceKlass groovy/transform/CompileStatic
instanceKlass org/codehaus/groovy/transform/trait/TraitComposer
instanceKlass org/codehaus/groovy/transform/AnnotationCollectorTransform$ClassChanger
instanceKlass org/apache/groovy/ast/tools/ClassNodeUtils
instanceKlass org/codehaus/groovy/ast/GenericsType$GenericsTypeName
instanceKlass groovy/transform/SelfType
instanceKlass groovy/lang/GeneratedGroovyProxy
instanceKlass groovy/transform/Trait
instanceKlass org/codehaus/groovy/transform/trait/Traits$TraitBridge
instanceKlass org/codehaus/groovy/transform/trait/Traits
instanceKlass groovy/grape/Grape
instanceKlass java/util/function/BiPredicate
instanceKlass org/codehaus/groovy/ast/tools/ParameterUtils
instanceKlass org/codehaus/groovy/ast/MethodCallTransformation
instanceKlass groovy/lang/GrabResolver
instanceKlass groovy/lang/Grapes
instanceKlass groovy/lang/GrabConfig
instanceKlass groovy/lang/GrabExclude
instanceKlass groovy/lang/Grab
instanceKlass org/codehaus/groovy/transform/GroovyASTTransformation
instanceKlass groovy/transform/CompilationUnitAware
instanceKlass groovy/text/SimpleTemplateEngine$SimpleTemplate
instanceKlass groovy/text/Template
instanceKlass groovy/text/TemplateEngine
instanceKlass org/gradle/internal/io/IoUtils
instanceKlass org/gradle/api/internal/plugins/DefaultTemplateBasedStartScriptGenerator$1
instanceKlass org/gradle/api/internal/plugins/StartScriptTemplateBindingFactory$2
instanceKlass org/gradle/api/internal/plugins/StartScriptTemplateBindingFactory$4
instanceKlass org/gradle/internal/IoActions$TextFileWriterIoAction
instanceKlass org/gradle/internal/Transformers$ToStringTransformer
instanceKlass org/gradle/internal/Transformers
instanceKlass org/gradle/api/internal/plugins/DefaultJavaAppStartScriptGenerationDetails
instanceKlass org/gradle/api/internal/plugins/StartScriptGenerator$Generate
instanceKlass org/gradle/wrapper/GradleWrapperMain
instanceKlass org/gradle/api/internal/plugins/StartScriptGenerator$AntUnixFileOperation
instanceKlass org/gradle/api/internal/resources/CharSourceBackedTextResource
instanceKlass org/gradle/api/resources/internal/TextResourceInternal
instanceKlass org/gradle/api/internal/plugins/StartScriptTemplateBindingFactory
instanceKlass org/gradle/api/internal/plugins/DefaultTemplateBasedStartScriptGenerator
instanceKlass org/gradle/jvm/application/scripts/TemplateBasedScriptGenerator
instanceKlass org/gradle/jvm/application/scripts/JavaAppStartScriptGenerationDetails
instanceKlass org/gradle/api/internal/plugins/StartScriptGenerator$UnixFileOperation
instanceKlass org/gradle/jvm/application/scripts/ScriptGenerator
instanceKlass org/gradle/api/internal/plugins/StartScriptGenerator
instanceKlass java/util/ArrayList$SubList$1
instanceKlass com/google/common/base/Splitter$5
instanceKlass com/google/common/base/Splitter$2
instanceKlass org/gradle/internal/util/PropertiesUtils
instanceKlass org/gradle/api/internal/tasks/execution/ExecuteTaskActionBuildOperationType$2
instanceKlass org/gradle/api/internal/tasks/execution/ExecuteTaskActionBuildOperationType$1
instanceKlass org/gradle/api/internal/tasks/execution/ExecuteTaskActionBuildOperationType$Result
instanceKlass org/gradle/api/internal/tasks/execution/ExecuteTaskActionBuildOperationType$Details
instanceKlass org/gradle/api/internal/tasks/execution/ExecuteTaskActionBuildOperationType
instanceKlass org/gradle/api/internal/tasks/execution/ExecuteActionsTaskExecuter$2
instanceKlass org/gradle/internal/execution/steps/ExecuteStep$2
instanceKlass org/gradle/internal/execution/steps/ExecuteStep$Operation$Details$1
instanceKlass org/gradle/internal/execution/steps/ExecuteStep$Operation$Details
instanceKlass org/gradle/internal/execution/steps/ExecuteStep$1
instanceKlass org/gradle/internal/execution/steps/ResolveInputChangesStep$1
instanceKlass org/gradle/internal/execution/steps/InputChangesContext
instanceKlass org/gradle/internal/execution/steps/CreateOutputsStep$2
instanceKlass org/gradle/internal/execution/steps/CreateOutputsStep$1
instanceKlass org/gradle/internal/snapshot/AbstractInvalidateChildHandler
instanceKlass org/gradle/internal/snapshot/AbstractIncompleteFileSystemNode$1
instanceKlass org/gradle/internal/execution/steps/BroadcastChangingOutputsStep$1
instanceKlass org/gradle/internal/execution/steps/ResolveChangesStep$1
instanceKlass org/gradle/internal/execution/steps/IncrementalChangesContext
instanceKlass org/gradle/internal/execution/history/changes/InputChangesInternal
instanceKlass org/gradle/internal/execution/history/changes/DefaultExecutionStateChangeDetector$AbstractDetectedExecutionStateChanges
instanceKlass org/gradle/internal/execution/history/changes/SummarizingChangeContainer$ChangeDetectingVisitor
instanceKlass org/gradle/internal/execution/history/changes/DefaultExecutionStateChangeDetector$MessageCollectingChangeVisitor
instanceKlass org/gradle/internal/execution/history/changes/ErrorHandlingChangeContainer
instanceKlass org/gradle/internal/execution/history/changes/SummarizingChangeContainer
instanceKlass org/gradle/internal/execution/history/changes/OutputFileChanges$2
instanceKlass org/gradle/internal/execution/history/changes/OutputFileChanges$1
instanceKlass org/gradle/internal/execution/history/changes/OutputFileChanges
instanceKlass org/gradle/internal/execution/history/changes/TrivialChangeDetector
instanceKlass org/gradle/internal/execution/history/changes/AbsolutePathChangeDetector$ItemComparator
instanceKlass org/gradle/internal/execution/history/changes/AbsolutePathChangeDetector
instanceKlass org/gradle/internal/execution/history/changes/AbstractFingerprintCompareStrategy$2
instanceKlass org/gradle/internal/execution/history/changes/AbstractFingerprintCompareStrategy$1
instanceKlass org/gradle/internal/execution/history/changes/TrivialChangeDetector$ItemComparator
instanceKlass org/gradle/internal/execution/history/changes/CompareStrategy$ChangeFactory
instanceKlass org/gradle/internal/execution/history/changes/CompareStrategy$ChangeDetector
instanceKlass org/gradle/internal/execution/history/changes/CompareStrategy
instanceKlass org/gradle/internal/execution/history/changes/FingerprintCompareStrategy
instanceKlass org/gradle/internal/execution/history/changes/PropertyDiffListener
instanceKlass org/gradle/internal/execution/history/changes/AbstractFingerprintChanges
instanceKlass org/gradle/internal/execution/history/changes/InputValueChanges
instanceKlass org/gradle/internal/execution/history/changes/PropertyChanges
instanceKlass org/gradle/internal/execution/history/changes/ImplementationChanges
instanceKlass org/gradle/internal/execution/history/changes/DescriptiveChange
instanceKlass org/gradle/internal/execution/history/changes/Change
instanceKlass org/gradle/internal/execution/history/changes/PreviousSuccessChanges
instanceKlass org/gradle/internal/execution/history/changes/IncrementalInputProperties$2
instanceKlass org/gradle/internal/execution/history/changes/IncrementalInputProperties$1
instanceKlass org/gradle/internal/execution/steps/ResolveChangesStep$3
instanceKlass org/gradle/internal/execution/steps/ValidationFinishedContext$ValidationResult
instanceKlass org/gradle/internal/execution/steps/ResolveCachingStateStep$1
instanceKlass org/gradle/internal/execution/steps/CachingContext
instanceKlass org/gradle/internal/execution/steps/ValidateStep$1
instanceKlass org/gradle/internal/execution/steps/ValidationFinishedContext
instanceKlass org/gradle/execution/plan/ValuedVfsHierarchy$1
instanceKlass org/gradle/api/internal/tasks/DefaultTaskValidationContext
instanceKlass org/gradle/internal/execution/steps/CaptureStateBeforeExecutionStep$1
instanceKlass org/gradle/internal/execution/steps/CaptureStateBeforeExecutionStep$Operation$Result$1
instanceKlass org/gradle/internal/execution/steps/CaptureStateBeforeExecutionStep$Operation$Result
instanceKlass org/gradle/api/internal/tasks/properties/InputParameterUtils
instanceKlass org/gradle/internal/execution/fingerprint/InputFingerprinter$ValueSupplier
instanceKlass org/gradle/internal/execution/history/impl/DefaultOverlappingOutputDetector$OverlappingOutputsDetectingVisitor$1
instanceKlass org/gradle/internal/snapshot/FileSystemLocationSnapshot$FileSystemLocationSnapshotTransformer
instanceKlass org/gradle/internal/snapshot/RootTrackingFileSystemSnapshotHierarchyVisitor
instanceKlass com/google/common/collect/Multimaps
instanceKlass org/gradle/internal/execution/steps/CaptureStateBeforeExecutionStep$2
instanceKlass org/gradle/internal/execution/DefaultOutputSnapshotter$1
instanceKlass org/gradle/internal/execution/steps/CaptureStateBeforeExecutionStep$ImplementationsBuilder
instanceKlass org/gradle/internal/execution/steps/BuildOperationStep$1
instanceKlass org/gradle/internal/execution/steps/CaptureStateBeforeExecutionStep$Operation$Details$1
instanceKlass org/gradle/internal/execution/steps/CaptureStateBeforeExecutionStep$Operation$Details
instanceKlass org/gradle/internal/execution/steps/LoadExecutionStateStep$1
instanceKlass org/gradle/internal/execution/history/impl/AbstractExecutionState
instanceKlass org/gradle/internal/execution/history/impl/FileSystemSnapshotSerializer$2
instanceKlass org/gradle/internal/execution/history/impl/FileSystemSnapshotSerializer$SnapshotStack
instanceKlass org/gradle/internal/snapshot/impl/ImplementationSnapshot
instanceKlass org/gradle/caching/internal/origin/OriginMetadata
instanceKlass org/gradle/internal/execution/steps/AssignWorkspaceStep$1
instanceKlass org/gradle/internal/execution/workspace/WorkspaceProvider$WorkspaceAction
instanceKlass org/gradle/api/internal/tasks/execution/ExecuteActionsTaskExecuter$TaskExecution$2
instanceKlass org/gradle/internal/execution/steps/IdentifyStep$1
instanceKlass org/gradle/internal/execution/UnitOfWork$Identity
instanceKlass org/gradle/internal/execution/fingerprint/impl/DefaultInputFingerprinter$InputFingerprints
instanceKlass org/gradle/internal/execution/fingerprint/InputFingerprinter$Result
instanceKlass org/gradle/internal/execution/fingerprint/impl/DefaultInputFingerprinter$InputCollectingVisitor
instanceKlass org/gradle/internal/execution/impl/DefaultExecutionEngine$1$1
instanceKlass org/gradle/internal/execution/ExecutionEngine$CachedRequest
instanceKlass org/gradle/internal/execution/impl/DefaultExecutionEngine$1
instanceKlass org/gradle/internal/execution/UnitOfWork$WorkOutput
instanceKlass org/gradle/api/internal/tasks/TaskValidationContext
instanceKlass org/gradle/api/internal/tasks/execution/ExecuteActionsTaskExecuter$TaskExecution
instanceKlass org/gradle/internal/operations/BuildOperationDescriptor$1
instanceKlass org/gradle/api/internal/provider/ValueSupplier$TaskProducer
instanceKlass org/gradle/api/internal/provider/ValueSupplier$UnknownProducer
instanceKlass org/gradle/api/internal/provider/ValueSupplier$NoProducer
instanceKlass org/jetbrains/kotlin/gradle/plugin/Kotlin2JvmSourceSetProcessor$doTargetSpecificProcessing$2$1$2$1
instanceKlass org/jetbrains/kotlin/gradle/plugin/mpp/KotlinCompilationsKt$addSourcesToKotlinCompileTask$configureAction$1
instanceKlass org/gradle/api/internal/provider/AbstractCollectionProperty$PlusCollector
instanceKlass org/jetbrains/kotlin/gradle/tasks/FilteringSourceRootsContainer$sam$org_gradle_api_specs_Spec$0
instanceKlass org/jetbrains/kotlin/gradle/tasks/FilteringSourceRootsContainer$getFilteredSourceRootsFrom$1
instanceKlass org/jetbrains/kotlin/gradle/plugin/mpp/KotlinCompilationsKt$sam$java_util_concurrent_Callable$0
instanceKlass org/jetbrains/kotlin/gradle/plugin/mpp/KotlinMultiplatformPlugin$Companion
instanceKlass org/jetbrains/kotlin/gradle/plugin/mpp/KotlinMultiplatformPlugin
instanceKlass org/jetbrains/kotlin/config/MavenComparableVersion$IntegerItem
instanceKlass org/jetbrains/kotlin/config/MavenComparableVersion$Item
instanceKlass org/jetbrains/kotlin/config/MavenComparableVersion
instanceKlass org/jetbrains/kotlin/config/ApiVersion$Companion
instanceKlass org/jetbrains/kotlin/config/ApiVersion
instanceKlass org/jetbrains/kotlin/gradle/plugin/sources/DefaultLanguageSettingsBuilderKt
instanceKlass org/jetbrains/kotlin/gradle/dsl/KotlinJsCompile
instanceKlass org/jetbrains/kotlin/gradle/tasks/KotlinCompile$Configurator$configure$4
instanceKlass org/jetbrains/kotlin/gradle/tasks/KotlinCompile$Configurator$configure$3
instanceKlass org/jetbrains/kotlin/gradle/tasks/KotlinCompile$Configurator$configure$2
instanceKlass org/jetbrains/kotlin/gradle/tasks/KotlinCompile$Configurator$configure$1
instanceKlass org/jetbrains/kotlin/gradle/plugin/KotlinPropertiesKt
instanceKlass org/jetbrains/kotlin/gradle/tasks/AbstractKotlinCompile$Configurator$configure$6
instanceKlass org/jetbrains/kotlin/gradle/tasks/AbstractKotlinCompile$Configurator$configure$5
instanceKlass org/jetbrains/kotlin/gradle/tasks/AbstractKotlinCompile$Configurator$configure$4
instanceKlass org/jetbrains/kotlin/gradle/tasks/AbstractKotlinCompile$Configurator$configure$3
instanceKlass org/jetbrains/kotlin/gradle/tasks/AbstractKotlinCompile$Configurator$configure$2
instanceKlass org/jetbrains/kotlin/gradle/tasks/AbstractKotlinCompile$Configurator$configure$1
instanceKlass org/jetbrains/kotlin/gradle/tasks/DefaultKotlinJavaToolchain$DefaultJavaToolchainSetter$use$1
instanceKlass org/jetbrains/kotlin/gradle/tasks/UsesKotlinJavaToolchain$DefaultImpls
instanceKlass org/jetbrains/kotlin/gradle/tasks/KotlinCompile$compilerRunner$1
instanceKlass org/jetbrains/kotlin/gradle/tasks/DefaultKotlinJavaToolchain$currentJvmJdkToolsJar$1
instanceKlass org/jetbrains/kotlin/gradle/tasks/DefaultKotlinJavaToolchain$getToolsJarFromJvm$2
instanceKlass org/jetbrains/kotlin/gradle/tasks/DefaultKotlinJavaToolchain$getToolsJarFromJvm$1
instanceKlass org/jetbrains/kotlin/gradle/tasks/DefaultKotlinJavaToolchain$javaExecutable$1
instanceKlass org/jetbrains/kotlin/gradle/tasks/DefaultKotlinJavaToolchain$javaVersion$1
instanceKlass org/jetbrains/kotlin/gradle/utils/ProviderApiUtilsKt
instanceKlass org/jetbrains/kotlin/gradle/tasks/KotlinJavaToolchain$JdkSetter
instanceKlass org/jetbrains/kotlin/gradle/tasks/DefaultKotlinJavaToolchain$JvmTargetUpdater
instanceKlass org/jetbrains/kotlin/gradle/tasks/KotlinJavaToolchain$JavaToolchainSetter
instanceKlass org/jetbrains/kotlin/gradle/tasks/KotlinCompile$jvmSourceRoots$2
instanceKlass org/jetbrains/kotlin/compilerRunner/CompilerSystemPropertiesService$Parameters_Decorated
instanceKlass org/jetbrains/kotlin/compilerRunner/CompilerSystemPropertiesService$Parameters
instanceKlass org/jetbrains/kotlin/compilerRunner/CompilerSystemPropertiesService$Companion$registerIfAbsent$1
instanceKlass org/jetbrains/kotlin/compilerRunner/CompilerSystemPropertiesService$Companion
instanceKlass org/jetbrains/kotlin/compilerRunner/CompilerSystemPropertiesService
instanceKlass org/jetbrains/kotlin/gradle/tasks/AbstractKotlinCompile$compilerRunner$1
instanceKlass org/jetbrains/kotlin/gradle/utils/ProviderApiUtilsKt$providerWithLazyConvention$1
instanceKlass org/jetbrains/kotlin/incremental/IncrementalModuleInfo
instanceKlass org/jetbrains/kotlin/gradle/incremental/IncrementalModuleInfoBuildService$Parameters
instanceKlass org/jetbrains/kotlin/gradle/tasks/GradleCompileTaskProvider$buildModulesInfo$1$1
instanceKlass org/jetbrains/kotlin/gradle/incremental/IncrementalModuleInfoBuildService$Companion
instanceKlass org/jetbrains/kotlin/gradle/incremental/IncrementalModuleInfoBuildService
instanceKlass org/jetbrains/kotlin/gradle/incremental/IncrementalModuleInfoProvider
instanceKlass kotlin/collections/CharIterator
instanceKlass kotlin/ranges/CharRange$Companion
instanceKlass kotlin/ranges/CharProgression$Companion
instanceKlass kotlin/ranges/CharProgression
instanceKlass org/jetbrains/kotlin/compilerRunner/GradleCompilerRunner$Companion
instanceKlass org/gradle/api/internal/provider/Collectors$ElementsFromCollection
instanceKlass org/gradle/api/internal/provider/AbstractCollectionProperty$CollectingSupplier
instanceKlass org/jetbrains/kotlin/build/SourcesUtilsKt
instanceKlass org/jetbrains/kotlin/gradle/tasks/CacheableTasksKt$cacheOnlyIfEnabledForKotlin$1
instanceKlass org/jetbrains/kotlin/gradle/tasks/CacheableTasksKt
instanceKlass org/gradle/api/internal/AbstractTask$TaskActionWrapper
instanceKlass org/gradle/api/internal/AbstractTask$11
instanceKlass org/jetbrains/kotlin/gradle/tasks/AbstractKotlinCompileTool$1
instanceKlass org/jetbrains/kotlin/build/report/metrics/BuildAttribute$Companion
instanceKlass org/jetbrains/kotlin/build/report/metrics/BuildAttributeKind$Companion
instanceKlass org/jetbrains/kotlin/build/report/metrics/BuildAttributes$Companion
instanceKlass org/jetbrains/kotlin/build/report/metrics/BuildAttributes
instanceKlass org/jetbrains/kotlin/build/report/metrics/BuildPerformanceMetric$Companion
instanceKlass org/jetbrains/kotlin/build/report/metrics/BuildPerformanceMetrics$Companion
instanceKlass org/jetbrains/kotlin/build/report/metrics/BuildPerformanceMetrics
instanceKlass org/jetbrains/kotlin/build/report/metrics/BuildTimes$Companion
instanceKlass org/jetbrains/kotlin/build/report/metrics/BuildTimes
instanceKlass org/jetbrains/kotlin/build/report/metrics/BuildTime$Companion
instanceKlass org/jetbrains/kotlin/build/report/metrics/BuildMetricsReporterImpl
instanceKlass org/jetbrains/kotlin/gradle/tasks/KotlinCompilerPluginData
instanceKlass org/jetbrains/kotlin/gradle/tasks/GradleCompileTaskProvider
instanceKlass org/jetbrains/kotlin/gradle/tasks/DefaultKotlinJavaToolchain
instanceKlass org/jetbrains/kotlin/compilerRunner/GradleCompilerRunner
instanceKlass org/jetbrains/kotlin/build/report/metrics/BuildMetricsReporter
instanceKlass org/jetbrains/kotlin/gradle/logging/GradleKotlinLogger
instanceKlass org/jetbrains/kotlin/compilerRunner/KotlinLogger
instanceKlass org/jetbrains/kotlin/gradle/internal/AbstractKotlinCompileArgumentsContributor
instanceKlass org/jetbrains/kotlin/gradle/tasks/CompilerPluginOptions
instanceKlass org/jetbrains/kotlin/daemon/common/MultiModuleICSettings
instanceKlass org/jetbrains/kotlin/incremental/ClasspathChanges
instanceKlass org/jetbrains/kotlin/gradle/internal/CompilerArgumentsContributor
instanceKlass org/jetbrains/kotlin/gradle/tasks/FilteringSourceRootsContainer
instanceKlass org/jetbrains/kotlin/gradle/tasks/TaskOutputsBackup
instanceKlass org/jetbrains/kotlin/incremental/ChangedFiles
instanceKlass org/jetbrains/kotlin/cli/common/arguments/Freezable
instanceKlass org/jetbrains/kotlin/gradle/tasks/SourceRoots
instanceKlass org/jetbrains/kotlin/gradle/tasks/KotlinCompile$ClasspathSnapshotProperties
instanceKlass java/util/TreeMap$TreeMapSpliterator
instanceKlass org/gradle/internal/build/event/types/DefaultTaskDescriptor
instanceKlass org/gradle/tooling/internal/protocol/events/InternalTaskWithExtraInfoDescriptor
instanceKlass org/gradle/tooling/internal/protocol/events/InternalTaskDescriptor
instanceKlass org/gradle/api/internal/tasks/execution/EventFiringTaskExecuter$1
instanceKlass org/gradle/api/internal/tasks/execution/EventFiringTaskExecuter
instanceKlass org/gradle/api/internal/tasks/execution/CatchExceptionTaskExecuter
instanceKlass org/gradle/api/internal/tasks/execution/SkipOnlyIfTaskExecuter
instanceKlass org/gradle/api/internal/tasks/execution/SkipTaskWithNoActionsExecuter
instanceKlass org/gradle/api/internal/tasks/execution/ResolveTaskExecutionModeExecuter
instanceKlass org/gradle/api/internal/tasks/execution/FinalizePropertiesTaskExecuter
instanceKlass org/gradle/api/internal/tasks/execution/CleanupStaleOutputsExecuter
instanceKlass org/gradle/api/internal/tasks/TaskExecuterResult
instanceKlass org/gradle/api/internal/tasks/execution/ExecuteActionsTaskExecuter
instanceKlass org/gradle/api/internal/changedetection/changes/DefaultTaskExecutionModeResolver
instanceKlass org/gradle/api/internal/tasks/execution/DefaultTaskCacheabilityResolver
instanceKlass org/gradle/internal/file/DefaultReservedFileSystemLocationRegistry$1
instanceKlass org/gradle/internal/file/DefaultReservedFileSystemLocationRegistry
instanceKlass org/gradle/api/internal/tasks/execution/DefaultEmptySourceTaskSkipper
instanceKlass org/gradle/internal/work/DefaultAsyncWorkTracker
instanceKlass org/gradle/internal/service/DefaultServiceRegistry$FactoryService$1
instanceKlass org/gradle/api/internal/artifacts/transform/MutableTransformationWorkspaceServices$MutableTransformationWorkspaceProvider
instanceKlass org/gradle/api/internal/tasks/TaskExecutionContext$ValidationAction
instanceKlass org/gradle/api/internal/tasks/execution/DefaultTaskExecutionContext
instanceKlass org/gradle/api/execution/TaskActionListener
instanceKlass org/gradle/api/internal/tasks/TaskExecuter
instanceKlass org/gradle/api/internal/changedetection/TaskExecutionModeResolver
instanceKlass org/gradle/internal/file/ReservedFileSystemLocationRegistry
instanceKlass org/gradle/api/internal/tasks/execution/TaskCacheabilityResolver
instanceKlass org/gradle/api/internal/tasks/execution/EmptySourceTaskSkipper
instanceKlass org/gradle/execution/ProjectExecutionServiceRegistry$DefaultNodeExecutionContext
instanceKlass org/gradle/execution/plan/ValuedVfsHierarchy$2
instanceKlass org/gradle/execution/plan/ExecutionNodeAccessHierarchy$DefaultNodeAccess
instanceKlass org/gradle/execution/plan/ExecutionNodeAccessHierarchy$NodeAccess
instanceKlass org/gradle/api/internal/tasks/properties/InputFilePropertySpec
instanceKlass org/gradle/api/internal/tasks/properties/ValidationActions$7
instanceKlass org/gradle/api/internal/file/collections/UnpackingVisitor
instanceKlass org/gradle/api/internal/tasks/StaticValue
instanceKlass org/gradle/internal/fingerprint/OutputNormalizer
instanceKlass org/gradle/api/internal/tasks/properties/CacheableOutputFilePropertySpec
instanceKlass org/gradle/api/internal/tasks/properties/bean/AbstractNestedRuntimeBeanNode$BeanPropertyValue$1$1
instanceKlass org/gradle/api/internal/tasks/properties/AbstractValidatingProperty
instanceKlass org/gradle/api/internal/tasks/properties/ValidatingProperty
instanceKlass org/gradle/api/internal/tasks/properties/LifecycleAwareValue
instanceKlass org/gradle/api/internal/tasks/properties/AbstractPropertySpec
instanceKlass org/gradle/api/internal/tasks/properties/InputPropertySpec
instanceKlass org/gradle/api/internal/tasks/properties/CompositePropertyVisitor
instanceKlass org/gradle/api/internal/tasks/properties/OutputUnpacker$UnpackedOutputConsumer$1
instanceKlass org/gradle/api/internal/tasks/properties/OutputFilesCollector
instanceKlass org/gradle/api/internal/tasks/properties/DefaultTaskProperties
instanceKlass org/gradle/api/internal/tasks/properties/TaskProperties
instanceKlass org/gradle/internal/MutableBoolean
instanceKlass org/gradle/internal/MutableReference
instanceKlass org/gradle/execution/plan/DefaultPlanExecutor$ExecutorWorker
instanceKlass org/gradle/execution/taskgraph/DefaultTaskExecutionGraph$InvokeNodeExecutorsAction
instanceKlass org/gradle/execution/taskgraph/DefaultTaskExecutionGraph$BuildOperationAwareExecutionAction
instanceKlass org/gradle/execution/ProjectExecutionServiceRegistry
instanceKlass org/gradle/execution/DefaultBuildWorkExecutor$1
instanceKlass org/gradle/execution/RunRootBuildWorkBuildOperationType$Details
instanceKlass org/gradle/execution/BuildOperationFiringBuildWorkerExecutor$ExecuteTasks
instanceKlass org/gradle/internal/buildtree/BuildOperationFiringBuildTreeWorkExecutor$1
instanceKlass org/gradle/internal/taskgraph/CalculateTaskGraphBuildOperationType$PlannedTask
