#
# There is insufficient memory for the Java Runtime Environment to continue.
# Native memory allocation (mmap) failed to map 257949696 bytes for G1 virtual space
# Possible reasons:
#   The system is out of physical RAM or swap space
#   The process is running with CompressedOops enabled, and the Java Heap may be blocking the growth of the native heap
# Possible solutions:
#   Reduce memory load on the system
#   Increase physical memory or swap space
#   Check if swap backing store is full
#   Decrease Java heap size (-Xmx/-Xms)
#   Decrease number of Java threads
#   Decrease Java thread stack sizes (-Xss)
#   Set larger code cache with -XX:ReservedCodeCacheSize=
#   JVM is running with Unscaled Compressed Oops mode in which the Java heap is
#     placed in the first 4GB address space. The Java Heap base address is the
#     maximum limit for the native heap growth. Please use -XX:HeapBaseMinAddress
#     to set the Java Heap base and to place the Java Heap above 4GB virtual address.
# This output file may be truncated or incomplete.
#
#  Out of Memory Error (os_windows.cpp:3532), pid=3228, tid=10176
#
# JRE version:  (17.0.2+8) (build )
# Java VM: OpenJDK 64-Bit Server VM (17.0.2+8, mixed mode, sharing, tiered, compressed oops, compressed class ptrs, g1 gc, windows-amd64)
# No core dump will be written. Minidumps are not enabled by default on client versions of Windows
#

---------------  S U M M A R Y ------------

Command Line: -Dorg.gradle.internal.worker.tmpdir=D:\android\kotlin\Connect Four\Connect Four\task\build\tmp\test\work -Dorg.gradle.native=false --add-opens=java.base/java.util=ALL-UNNAMED --add-opens=java.base/java.lang=ALL-UNNAMED -Xmx512m -Dfile.encoding=utf-8 -Duser.country=RU -Duser.language=ru -Duser.variant -ea worker.org.gradle.process.internal.worker.GradleWorkerMain 'Gradle Test Executor 2'

Host: AMD Ryzen 5 5600H with Radeon Graphics         , 12 cores, 15G,  Windows 11 , 64 bit Build 22000 (10.0.22000.434)
Time: Sun Mar  6 22:52:32 2022 RTZ 2 (s 11 , 64 bit Build 22000 (10.0.22000.434) elapsed time: 0.008826 seconds (0d 0h 0m 0s)

---------------  T H R E A D  ---------------

Current thread (0x00000181e8c475c0):  JavaThread "Unknown thread" [_thread_in_vm, id=10176, stack(0x00000046ab100000,0x00000046ab200000)]

Stack: [0x00000046ab100000,0x00000046ab200000]
Native frames: (J=compiled Java code, j=interpreted, Vv=VM code, C=native code)
V  [jvm.dll+0x67564a]
V  [jvm.dll+0x82fc04]
V  [jvm.dll+0x8313ae]
V  [jvm.dll+0x831a13]
V  [jvm.dll+0x245235]
V  [jvm.dll+0x672539]
V  [jvm.dll+0x666e82]
V  [jvm.dll+0x30401b]
V  [jvm.dll+0x30b566]
V  [jvm.dll+0x35b1fe]
V  [jvm.dll+0x35b42f]
V  [jvm.dll+0x2daf58]
V  [jvm.dll+0x2dbec4]
V  [jvm.dll+0x801881]
V  [jvm.dll+0x368f81]
V  [jvm.dll+0x7e0cdc]
V  [jvm.dll+0x3eb8bf]
V  [jvm.dll+0x3ed441]
C  [jli.dll+0x5277]
C  [ucrtbase.dll+0x26c0c]
C  [KERNEL32.DLL+0x154e0]
C  [ntdll.dll+0x485b]


---------------  P R O C E S S  ---------------

Threads class SMR info:
_java_thread_list=0x00007ff804e85e98, length=0, elements={
}

Java Threads: ( => current thread )

Other Threads:
  0x00000181e8c6ea80 GCTaskThread "GC Thread#0" [stack: 0x00000046ab200000,0x00000046ab300000] [id=13996]
  0x00000181e8c737d0 ConcurrentGCThread "G1 Main Marker" [stack: 0x00000046ab300000,0x00000046ab400000] [id=14880]
  0x00000181e8c74790 ConcurrentGCThread "G1 Conc#0" [stack: 0x00000046ab400000,0x00000046ab500000] [id=12872]

[error occurred during error reporting (printing all threads), id 0xc0000005, EXCEPTION_ACCESS_VIOLATION (0xc0000005) at pc=0x00007ff80465b9d7]

VM state: not at safepoint (not fully initialized)

VM Mutex/Monitor currently owned by a thread:  ([mutex/lock_event])
[0x00000181e8c43650] Heap_lock - owner thread: 0x00000181e8c475c0

Heap address: 0x00000000e0000000, size: 512 MB, Compressed Oops mode: 32-bit

CDS archive(s) mapped at: [0x0000000000000000-0x0000000000000000-0x0000000000000000), size 0, SharedBaseAddress: 0x0000000800000000, ArchiveRelocationMode: 0.
Narrow klass base: 0x0000000000000000, Narrow klass shift: 0, Narrow klass range: 0x0

GC Precious Log:
<Empty>

Heap:
 garbage-first heap   total 0K, used 0K [0x00000000e0000000, 0x0000000100000000)
  region size 1024K, 0 young (0K), 0 survivors (0K)

[error occurred during error reporting (printing heap information), id 0xc0000005, EXCEPTION_ACCESS_VIOLATION (0xc0000005) at pc=0x00007ff804a3e899]

GC Heap History (0 events):
No events

Deoptimization events (0 events):
No events

Classes unloaded (0 events):
No events

Classes redefined (0 events):
No events

Internal exceptions (0 events):
No events

VM Operations (0 events):
No events

Events (1 events):
Event: 0.004 Loaded shared library C:\Users\1\.gradle\jdks\jdk-17.0.2+8\bin\java.dll


Dynamic libraries:
0x00007ff66fff0000 - 0x00007ff66fffe000 	C:\Users\1\.gradle\jdks\jdk-17.0.2+8\bin\java.exe
0x00007ff87f740000 - 0x00007ff87f949000 	C:\WINDOWS\SYSTEM32\ntdll.dll
0x00007ff87e410000 - 0x00007ff87e4cd000 	C:\WINDOWS\System32\KERNEL32.DLL
0x00007ff87cee0000 - 0x00007ff87d254000 	C:\WINDOWS\System32\KERNELBASE.dll
0x00007ff87cc30000 - 0x00007ff87cd41000 	C:\WINDOWS\System32\ucrtbase.dll
0x00007ff875d90000 - 0x00007ff875da9000 	C:\Users\1\.gradle\jdks\jdk-17.0.2+8\bin\VCRUNTIME140.dll
0x00007ff875d70000 - 0x00007ff875d88000 	C:\Users\1\.gradle\jdks\jdk-17.0.2+8\bin\jli.dll
0x00007ff87ebc0000 - 0x00007ff87ed6c000 	C:\WINDOWS\System32\USER32.dll
0x00007ff87d490000 - 0x00007ff87d4b6000 	C:\WINDOWS\System32\win32u.dll
0x00007ff8591e0000 - 0x00007ff859485000 	C:\WINDOWS\WinSxS\amd64_microsoft.windows.common-controls_6595b64144ccf1df_6.0.22000.120_none_9d947278b86cc467\COMCTL32.dll
0x00007ff87e5a0000 - 0x00007ff87e5c9000 	C:\WINDOWS\System32\GDI32.dll
0x00007ff87d5e0000 - 0x00007ff87d683000 	C:\WINDOWS\System32\msvcrt.dll
0x00007ff87d4c0000 - 0x00007ff87d5d2000 	C:\WINDOWS\System32\gdi32full.dll
0x00007ff87cd50000 - 0x00007ff87cded000 	C:\WINDOWS\System32\msvcp_win.dll
0x00007ff87f6a0000 - 0x00007ff87f6d1000 	C:\WINDOWS\System32\IMM32.DLL
0x00007ff875d00000 - 0x00007ff875d0c000 	C:\Users\1\.gradle\jdks\jdk-17.0.2+8\bin\vcruntime140_1.dll
0x00007ff86f470000 - 0x00007ff86f501000 	C:\Users\1\.gradle\jdks\jdk-17.0.2+8\bin\msvcp140.dll
0x00007ff804370000 - 0x00007ff804fb7000 	C:\Users\1\.gradle\jdks\jdk-17.0.2+8\bin\server\jvm.dll
0x00007ff87eb00000 - 0x00007ff87ebae000 	C:\WINDOWS\System32\ADVAPI32.dll
0x00007ff87f0f0000 - 0x00007ff87f18e000 	C:\WINDOWS\System32\sechost.dll
0x00007ff87e2f0000 - 0x00007ff87e410000 	C:\WINDOWS\System32\RPCRT4.dll
0x00007ff87d6f0000 - 0x00007ff87d6f8000 	C:\WINDOWS\System32\PSAPI.DLL
0x00007ff877aa0000 - 0x00007ff877aa9000 	C:\WINDOWS\SYSTEM32\WSOCK32.dll
0x00007ff877540000 - 0x00007ff877573000 	C:\WINDOWS\SYSTEM32\WINMM.dll
0x00007ff877f10000 - 0x00007ff877f1a000 	C:\WINDOWS\SYSTEM32\VERSION.dll
0x00007ff87e530000 - 0x00007ff87e59f000 	C:\WINDOWS\System32\WS2_32.dll
0x00007ff87be20000 - 0x00007ff87be38000 	C:\WINDOWS\SYSTEM32\kernel.appcore.dll
0x00007ff875cf0000 - 0x00007ff875cfa000 	C:\Users\1\.gradle\jdks\jdk-17.0.2+8\bin\jimage.dll
0x00007ff87a680000 - 0x00007ff87a8a1000 	C:\WINDOWS\SYSTEM32\DBGHELP.DLL
0x00007ff8752e0000 - 0x00007ff875311000 	C:\WINDOWS\SYSTEM32\dbgcore.DLL
0x00007ff87cdf0000 - 0x00007ff87ce6f000 	C:\WINDOWS\System32\bcryptPrimitives.dll
0x00007ff8757d0000 - 0x00007ff8757f5000 	C:\Users\1\.gradle\jdks\jdk-17.0.2+8\bin\java.dll

dbghelp: loaded successfully - version: 4.0.5 - missing functions: none
symbol engine: initialized successfully - sym options: 0x614 - pdb path: .;C:\Users\1\.gradle\jdks\jdk-17.0.2+8\bin;C:\WINDOWS\SYSTEM32;C:\WINDOWS\WinSxS\amd64_microsoft.windows.common-controls_6595b64144ccf1df_6.0.22000.120_none_9d947278b86cc467;C:\Users\1\.gradle\jdks\jdk-17.0.2+8\bin\server

VM Arguments:
jvm_args: -Dorg.gradle.internal.worker.tmpdir=D:\android\kotlin\Connect Four\Connect Four\task\build\tmp\test\work -Dorg.gradle.native=false --add-opens=java.base/java.util=ALL-UNNAMED --add-opens=java.base/java.lang=ALL-UNNAMED -Xmx512m -Dfile.encoding=utf-8 -Duser.country=RU -Duser.language=ru -Duser.variant -ea 
java_command: worker.org.gradle.process.internal.worker.GradleWorkerMain 'Gradle Test Executor 2'
java_class_path (initial): C:\Users\1\.gradle\caches\7.3.3\workerMain\gradle-worker.jar;D:\android\kotlin\Connect Four\Connect Four\task\build\classes\kotlin\test;D:\android\kotlin\Connect Four\Connect Four\task\build\classes\kotlin\main;C:\Users\1\.gradle\caches\modules-2\files-2.1\org.jetbrains.kotlin\kotlin-stdlib-jdk8\1.6.10\e80fe6ac3c3573a80305f5ec43f86b829e8ab53d\kotlin-stdlib-jdk8-1.6.10.jar;C:\Users\1\.gradle\caches\modules-2\files-2.1\com.github.hyperskill\hs-test\release-SNAPSHOT\9ba6b13f29957863e1a1165b4b8c99db1a1370ab\hs-test-release-SNAPSHOT.jar;C:\Users\1\.gradle\caches\modules-2\files-2.1\org.jetbrains.kotlin\kotlin-stdlib-jdk7\1.6.10\e1c380673654a089c4f0c9f83d0ddfdc1efdb498\kotlin-stdlib-jdk7-1.6.10.jar;C:\Users\1\.gradle\caches\modules-2\files-2.1\org.jetbrains.kotlin\kotlin-stdlib\1.6.10\b8af3fe6f1ca88526914929add63cf5e7c5049af\kotlin-stdlib-1.6.10.jar;C:\Users\1\.gradle\caches\modules-2\files-2.1\org.assertj\assertj-swing-junit\3.9.2\bfb268835c0e94cbe50bf0277864ff4f7467cb34\assertj-swing-junit-3.9.2.jar;C:\Users\1\.gradle\caches\modules-2\files-2.1\junit\junit\4.12\2973d150c0dc1fefe998f834810d68f278ea58ec\junit-4.12.jar;C:\Users\1\.gradle\caches\modules-2\files-2.1\org.apache.httpcomponents\httpclient\4.5.9\a25c1be5ce99d0ce99aa43eb982868c796dd0775\httpclient-4.5.9.jar;C:\Users\1\.gradle\caches\modules-2\files-2.1\com.google.code.gson\gson\2.8.5\f645ed69d595b24d4cf8b3fbb64cc505bede8829\gson-2.8.5.jar;C:\Users\1\.gradle\caches\modules-2\files-2.1\org.jetbrains\annotations\13.0\919f0dfe192fb4e063e7dacadee7f8bb9a2672a9\annotations-13.0.jar;C:\Users\1\.gradle\caches\modules-2\files-2.1\org.jetbrains.kotlin\kotlin-stdlib-common\1.6.10\c118700e3a33c8a0d9adc920e9dec0831171925\kotlin-stdlib-common-1.6.10.jar;C:\Users\1\.gradle\caches\modules-2\files-2.1\org.hamcrest\hamcrest-core\1.3\42a25dc3219429f0e5d060061f71acb49bf010a0\hamcrest-core-1.3.jar;C:\Users\1\.gradle\caches\modules-2\files-2.1\org.assertj\assertj-swing\3.9.2\92bab05e4bd4523eebfdfaa7043e24c0
Launcher Type: SUN_STANDARD

[Global flags]
     intx CICompilerCount                          = 4                                         {product} {ergonomic}
     uint ConcGCThreads                            = 3                                         {product} {ergonomic}
     uint G1ConcRefinementThreads                  = 10                                        {product} {ergonomic}
   size_t G1HeapRegionSize                         = 1048576                                   {product} {ergonomic}
    uintx GCDrainStackTargetSize                   = 64                                        {product} {ergonomic}
   size_t InitialHeapSize                          = 257949696                                 {product} {ergonomic}
   size_t MarkStackSize                            = 4194304                                   {product} {ergonomic}
   size_t MaxHeapSize                              = 536870912                                 {product} {command line}
   size_t MinHeapDeltaBytes                        = 1048576                                   {product} {ergonomic}
   size_t MinHeapSize                              = 8388608                                   {product} {ergonomic}
    uintx NonNMethodCodeHeapSize                   = 5839372                                {pd product} {ergonomic}
    uintx NonProfiledCodeHeapSize                  = 122909434                              {pd product} {ergonomic}
    uintx ProfiledCodeHeapSize                     = 122909434                              {pd product} {ergonomic}
    uintx ReservedCodeCacheSize                    = 251658240                              {pd product} {ergonomic}
     bool SegmentedCodeCache                       = true                                      {product} {ergonomic}
   size_t SoftMaxHeapSize                          = 536870912                              {manageable} {ergonomic}
     bool UseCompressedClassPointers               = true                           {product lp64_product} {ergonomic}
     bool UseCompressedOops                        = true                           {product lp64_product} {ergonomic}
     bool UseG1GC                                  = true                                      {product} {ergonomic}
     bool UseLargePagesIndividualAllocation        = false                                  {pd product} {ergonomic}

Logging:
Log output configuration:
 #0: stdout all=warning uptime,level,tags
 #1: stderr all=off uptime,level,tags

Environment Variables:
PATH=C:\Windows\system32;C:\Windows;C:\Windows\System32\Wbem;C:\Windows\System32\WindowsPowerShell\v1.0\;C:\Windows\System32\OpenSSH\;C:\Program Files\NVIDIA Corporation\NVIDIA NvDLISR;C:\Program Files (x86)\NVIDIA Corporation\PhysX\Common;C:\WINDOWS\system32;C:\WINDOWS;C:\WINDOWS\System32\Wbem;C:\WINDOWS\System32\WindowsPowerShell\v1.0\;C:\WINDOWS\System32\OpenSSH\;C:\Program Files\Git\cmd;C:\Program Files\PowerShell\7\;C:\Users\1\AppData\Local\Programs\Python\Python310\Scripts\;C:\Users\1\AppData\Local\Programs\Python\Python310\;C:\Users\1\AppData\Local\Microsoft\WindowsApps;C:\Program Files\JetBrains\PyCharm 2020.1\bin;C:\Program Files\JetBrains\PyCharm Community Edition 2021.3.1\bin;C:\Program Files\JetBrains\IntelliJ IDEA Educational Edition 2021.3.2\bin;C:\Users\1\AppData\Local\GitHubDesktop\bin
USERNAME=1
OS=Windows_NT
PROCESSOR_IDENTIFIER=AMD64 Family 25 Model 80 Stepping 0, AuthenticAMD



---------------  S Y S T E M  ---------------

OS:
 Windows 11 , 64 bit Build 22000 (10.0.22000.434)
OS uptime: 17 days 0:38 hours

CPU: total 12 (initial active 12) (12 cores per cpu, 2 threads per core) family 25 model 80 stepping 0 microcode 0x0, cx8, cmov, fxsr, ht, mmx, 3dnowpref, sse, sse2, sse3, ssse3, sse4a, sse4.1, sse4.2, popcnt, lzcnt, tsc, tscinvbit, avx, avx2, aes, erms, clmul, bmi1, bmi2, adx, sha, fma, vzeroupper, clflush, clflushopt

Memory: 4k page, system-wide physical 15724M (4119M free)
TotalPageFile size 15724M (AvailPageFile size 125M)
current process WorkingSet (physical memory assigned to process): 10M, peak: 10M
current process commit charge ("private bytes"): 63M, peak: 309M

vm_info: OpenJDK 64-Bit Server VM (17.0.2+8) for windows-amd64 JRE (17.0.2+8), built on Jan 20 2022 04:52:34 by "" with MS VC++ 16.7 (VS2019)

END.
